<?xml version="1.0" encoding="UTF-8"?>
<!-- Generated by org.testng.reporters.JUnitXMLReporter -->
<testsuite ignored="25" hostname="aspire1763" failures="0" tests="1" name="B2B_Student_Smoke" time="156.203" errors="0" timestamp="2024-09-24T14:41:15 IST">
  <testcase classname="Smoketestscripts.Productiontestscrpits" name="ProdSmoke_B2B_TC027" time="152.959"/>
  <testcase classname="Smoketestscripts.Productiontestscrpits" name="ProdSmoke_B2B_TC001" time="0.0">
    <ignored/>
  </testcase> <!-- ProdSmoke_B2B_TC001 -->
  <testcase classname="Smoketestscripts.Productiontestscrpits" name="ProdSmoke_B2B_TC023" time="0.0">
    <ignored/>
  </testcase> <!-- ProdSmoke_B2B_TC023 -->
  <testcase classname="Smoketestscripts.Productiontestscrpits" name="ProdSmoke_B2B_TC013" time="0.0">
    <ignored/>
  </testcase> <!-- ProdSmoke_B2B_TC013 -->
  <testcase classname="Smoketestscripts.Productiontestscrpits" name="ProdSmoke_B2B_TC014" time="0.0">
    <ignored/>
  </testcase> <!-- ProdSmoke_B2B_TC014 -->
  <testcase classname="Smoketestscripts.Productiontestscrpits" name="ProdSmoke_B2B_TC026" time="0.0">
    <ignored/>
  </testcase> <!-- ProdSmoke_B2B_TC026 -->
  <testcase classname="Smoketestscripts.Productiontestscrpits" name="ProdSmoke_B2B_TC004" time="0.0">
    <ignored/>
  </testcase> <!-- ProdSmoke_B2B_TC004 -->
  <testcase classname="Smoketestscripts.Productiontestscrpits" name="ProdSmoke_B2B_TC016" time="0.0">
    <ignored/>
  </testcase> <!-- ProdSmoke_B2B_TC016 -->
  <testcase classname="Smoketestscripts.Productiontestscrpits" name="ProdSmoke_B2B_TC006" time="0.0">
    <ignored/>
  </testcase> <!-- ProdSmoke_B2B_TC006 -->
  <testcase classname="Smoketestscripts.Productiontestscrpits" name="ProdSmoke_B2B_TC018" time="0.0">
    <ignored/>
  </testcase> <!-- ProdSmoke_B2B_TC018 -->
  <testcase classname="Smoketestscripts.Productiontestscrpits" name="ProdSmoke_B2B_TC008" time="0.0">
    <ignored/>
  </testcase> <!-- ProdSmoke_B2B_TC008 -->
  <testcase classname="Smoketestscripts.Productiontestscrpits" name="ProdSmoke_B2B_TC021" time="0.0">
    <ignored/>
  </testcase> <!-- ProdSmoke_B2B_TC021 -->
  <testcase classname="Smoketestscripts.Productiontestscrpits" name="ProdSmoke_B2B_TC011" time="0.0">
    <ignored/>
  </testcase> <!-- ProdSmoke_B2B_TC011 -->
  <testcase classname="Smoketestscripts.Productiontestscrpits" name="ProdSmoke_B2B_TC012" time="0.0">
    <ignored/>
  </testcase> <!-- ProdSmoke_B2B_TC012 -->
  <testcase classname="Smoketestscripts.Productiontestscrpits" name="ProdSmoke_B2B_TC024" time="0.0">
    <ignored/>
  </testcase> <!-- ProdSmoke_B2B_TC024 -->
  <testcase classname="Smoketestscripts.Productiontestscrpits" name="ProdSmoke_B2B_TC002" time="0.0">
    <ignored/>
  </testcase> <!-- ProdSmoke_B2B_TC002 -->
  <testcase classname="Smoketestscripts.Productiontestscrpits" name="ProdSmoke_B2B_TC003" time="0.0">
    <ignored/>
  </testcase> <!-- ProdSmoke_B2B_TC003 -->
  <testcase classname="Smoketestscripts.Productiontestscrpits" name="ProdSmoke_B2B_TC025" time="0.0">
    <ignored/>
  </testcase> <!-- ProdSmoke_B2B_TC025 -->
  <testcase classname="Smoketestscripts.Productiontestscrpits" name="ProdSmoke_B2B_TC015" time="0.0">
    <ignored/>
  </testcase> <!-- ProdSmoke_B2B_TC015 -->
  <testcase classname="Smoketestscripts.Productiontestscrpits" name="ProdSmoke_B2B_TC005" time="0.0">
    <ignored/>
  </testcase> <!-- ProdSmoke_B2B_TC005 -->
  <testcase classname="Smoketestscripts.Productiontestscrpits" name="ProdSmoke_B2B_TC007" time="0.0">
    <ignored/>
  </testcase> <!-- ProdSmoke_B2B_TC007 -->
  <testcase classname="Smoketestscripts.Productiontestscrpits" name="ProdSmoke_B2B_TC019" time="0.0">
    <ignored/>
  </testcase> <!-- ProdSmoke_B2B_TC019 -->
  <testcase classname="Smoketestscripts.Productiontestscrpits" name="ProdSmoke_B2B_TC009" time="0.0">
    <ignored/>
  </testcase> <!-- ProdSmoke_B2B_TC009 -->
  <testcase classname="Smoketestscripts.Productiontestscrpits" name="ProdSmoke_B2B_TC020" time="0.0">
    <ignored/>
  </testcase> <!-- ProdSmoke_B2B_TC020 -->
  <testcase classname="Smoketestscripts.Productiontestscrpits" name="ProdSmoke_B2B_TC010" time="0.0">
    <ignored/>
  </testcase> <!-- ProdSmoke_B2B_TC010 -->
  <testcase classname="Smoketestscripts.Productiontestscrpits" name="ProdSmoke_B2B_TC022" time="0.0">
    <ignored/>
  </testcase> <!-- ProdSmoke_B2B_TC022 -->
</testsuite> <!-- B2B_Student_Smoke -->
