<?xml version="1.0" encoding="UTF-8"?>
<!-- Generated by org.testng.reporters.JUnitXMLReporter -->
<testsuite ignored="0" hostname="aspire1763" failures="3" tests="25" name="B2B_Prod_Smoke" time="1808.825" errors="0" timestamp="2024-06-05T20:16:41 IST">
  <testcase classname="Smoketestscripts.Productiontestscrpits" name="ProdSmoke_B2B_TC001" time="304.786"/>
  <testcase classname="Smoketestscripts.Productiontestscrpits" name="ProdSmoke_B2B_TC002" time="50.392"/>
  <testcase classname="Smoketestscripts.Productiontestscrpits" name="ProdSmoke_B2B_TC003" time="83.919"/>
  <testcase classname="Smoketestscripts.Productiontestscrpits" name="ProdSmoke_B2B_TC004" time="14.708"/>
  <testcase classname="Smoketestscripts.Productiontestscrpits" name="ProdSmoke_B2B_TC005" time="71.092"/>
  <testcase classname="Smoketestscripts.Productiontestscrpits" name="ProdSmoke_B2B_TC006" time="49.076"/>
  <testcase classname="Smoketestscripts.Productiontestscrpits" name="ProdSmoke_B2B_TC007" time="46.858"/>
  <testcase classname="Smoketestscripts.Productiontestscrpits" name="ProdSmoke_B2B_TC008" time="87.874"/>
  <testcase classname="Smoketestscripts.Productiontestscrpits" name="ProdSmoke_B2B_TC009" time="66.224"/>
  <testcase classname="Smoketestscripts.Productiontestscrpits" name="ProdSmoke_B2B_TC010" time="89.855"/>
  <testcase classname="Smoketestscripts.Productiontestscrpits" name="ProdSmoke_B2B_TC011" time="52.671"/>
  <testcase classname="Smoketestscripts.Productiontestscrpits" name="ProdSmoke_B2B_TC012" time="47.845"/>
  <testcase classname="Smoketestscripts.Productiontestscrpits" name="ProdSmoke_B2B_TC013" time="39.953"/>
  <testcase classname="Smoketestscripts.Productiontestscrpits" name="ProdSmoke_B2B_TC014" time="51.552">
    <failure type="java.lang.AssertionError" message="Failed to verify the certification">
      <![CDATA[java.lang.AssertionError: Failed to verify the certification
at org.testng.Assert.fail(Assert.java:111)
at ICar.support.Log.fail(Log.java:556)
at ICar.support.Log.assertThat(Log.java:731)
at Smoketestscripts.Productiontestscrpits.ProdSmoke_B2B_TC014(Productiontestscrpits.java:1134)
at java.base/jdk.internal.reflect.NativeMethodAccessorImpl.invoke0(Native Method)
at java.base/jdk.internal.reflect.NativeMethodAccessorImpl.invoke(NativeMethodAccessorImpl.java:77)
at java.base/jdk.internal.reflect.DelegatingMethodAccessorImpl.invoke(DelegatingMethodAccessorImpl.java:43)
at java.base/java.lang.reflect.Method.invoke(Method.java:568)
at org.testng.internal.invokers.MethodInvocationHelper.invokeMethod(MethodInvocationHelper.java:139)
at org.testng.internal.invokers.TestInvoker.invokeMethod(TestInvoker.java:664)
at org.testng.internal.invokers.TestInvoker.invokeTestMethod(TestInvoker.java:227)
at org.testng.internal.invokers.TestMethodWithDataProviderMethodWorker.call(TestMethodWithDataProviderMethodWorker.java:80)
at org.testng.internal.invokers.TestMethodWithDataProviderMethodWorker.call(TestMethodWithDataProviderMethodWorker.java:17)
at java.base/java.util.concurrent.FutureTask.run(FutureTask.java:264)
at java.base/java.util.concurrent.Executors$RunnableAdapter.call(Executors.java:539)
at java.base/java.util.concurrent.FutureTask.run(FutureTask.java:264)
at java.base/java.util.concurrent.ThreadPoolExecutor.runWorker(ThreadPoolExecutor.java:1136)
at java.base/java.util.concurrent.ThreadPoolExecutor$Worker.run(ThreadPoolExecutor.java:635)
at java.base/java.lang.Thread.run(Thread.java:833)
]]>
    </failure>
  </testcase> <!-- ProdSmoke_B2B_TC014 -->
  <testcase classname="Smoketestscripts.Productiontestscrpits" name="ProdSmoke_B2B_TC015" time="55.355"/>
  <testcase classname="Smoketestscripts.Productiontestscrpits" name="ProdSmoke_B2B_TC016" time="140.217"/>
  <testcase classname="Smoketestscripts.Productiontestscrpits" name="ProdSmoke_B2B_TC018" time="42.346"/>
  <testcase classname="Smoketestscripts.Productiontestscrpits" name="ProdSmoke_B2B_TC019" time="52.853"/>
  <testcase classname="Smoketestscripts.Productiontestscrpits" name="ProdSmoke_B2B_TC020" time="73.683"/>
  <testcase classname="Smoketestscripts.Productiontestscrpits" name="ProdSmoke_B2B_TC021" time="52.277"/>
  <testcase classname="Smoketestscripts.Productiontestscrpits" name="ProdSmoke_B2B_TC022" time="74.83">
    <failure type="java.lang.NullPointerException" message="Cannot invoke &amp;quot;String.contains(java.lang.CharSequence)&amp;quot; because &amp;quot;PdfText&amp;quot; is null">
      <![CDATA[java.lang.NullPointerException: Cannot invoke "String.contains(java.lang.CharSequence)" because "PdfText" is null
at Smoketestscripts.Productiontestscrpits.ProdSmoke_B2B_TC022(Productiontestscrpits.java:1758)
at java.base/jdk.internal.reflect.NativeMethodAccessorImpl.invoke0(Native Method)
at java.base/jdk.internal.reflect.NativeMethodAccessorImpl.invoke(NativeMethodAccessorImpl.java:77)
at java.base/jdk.internal.reflect.DelegatingMethodAccessorImpl.invoke(DelegatingMethodAccessorImpl.java:43)
at java.base/java.lang.reflect.Method.invoke(Method.java:568)
at org.testng.internal.invokers.MethodInvocationHelper.invokeMethod(MethodInvocationHelper.java:139)
at org.testng.internal.invokers.TestInvoker.invokeMethod(TestInvoker.java:664)
at org.testng.internal.invokers.TestInvoker.invokeTestMethod(TestInvoker.java:227)
at org.testng.internal.invokers.TestMethodWithDataProviderMethodWorker.call(TestMethodWithDataProviderMethodWorker.java:80)
at org.testng.internal.invokers.TestMethodWithDataProviderMethodWorker.call(TestMethodWithDataProviderMethodWorker.java:17)
at java.base/java.util.concurrent.FutureTask.run(FutureTask.java:264)
at java.base/java.util.concurrent.Executors$RunnableAdapter.call(Executors.java:539)
at java.base/java.util.concurrent.FutureTask.run(FutureTask.java:264)
at java.base/java.util.concurrent.ThreadPoolExecutor.runWorker(ThreadPoolExecutor.java:1136)
at java.base/java.util.concurrent.ThreadPoolExecutor$Worker.run(ThreadPoolExecutor.java:635)
at java.base/java.lang.Thread.run(Thread.java:833)
]]>
    </failure>
  </testcase> <!-- ProdSmoke_B2B_TC022 -->
  <testcase classname="Smoketestscripts.Productiontestscrpits" name="ProdSmoke_B2B_TC023" time="70.009"/>
  <testcase classname="Smoketestscripts.Productiontestscrpits" name="ProdSmoke_B2B_TC024" time="51.496"/>
  <testcase classname="Smoketestscripts.Productiontestscrpits" name="ProdSmoke_B2B_TC025" time="61.538">
    <failure type="java.lang.AssertionError" message="File download unsuccessful">
      <![CDATA[java.lang.AssertionError: File download unsuccessful
at org.testng.Assert.fail(Assert.java:111)
at ICar.support.Log.fail(Log.java:573)
at ICar.support.Log.assertThat(Log.java:712)
at Smoketestscripts.Productiontestscrpits.ProdSmoke_B2B_TC025(Productiontestscrpits.java:2009)
at java.base/jdk.internal.reflect.NativeMethodAccessorImpl.invoke0(Native Method)
at java.base/jdk.internal.reflect.NativeMethodAccessorImpl.invoke(NativeMethodAccessorImpl.java:77)
at java.base/jdk.internal.reflect.DelegatingMethodAccessorImpl.invoke(DelegatingMethodAccessorImpl.java:43)
at java.base/java.lang.reflect.Method.invoke(Method.java:568)
at org.testng.internal.invokers.MethodInvocationHelper.invokeMethod(MethodInvocationHelper.java:139)
at org.testng.internal.invokers.TestInvoker.invokeMethod(TestInvoker.java:664)
at org.testng.internal.invokers.TestInvoker.invokeTestMethod(TestInvoker.java:227)
at org.testng.internal.invokers.TestMethodWithDataProviderMethodWorker.call(TestMethodWithDataProviderMethodWorker.java:80)
at org.testng.internal.invokers.TestMethodWithDataProviderMethodWorker.call(TestMethodWithDataProviderMethodWorker.java:17)
at java.base/java.util.concurrent.FutureTask.run(FutureTask.java:264)
at java.base/java.util.concurrent.Executors$RunnableAdapter.call(Executors.java:539)
at java.base/java.util.concurrent.FutureTask.run(FutureTask.java:264)
at java.base/java.util.concurrent.ThreadPoolExecutor.runWorker(ThreadPoolExecutor.java:1136)
at java.base/java.util.concurrent.ThreadPoolExecutor$Worker.run(ThreadPoolExecutor.java:635)
at java.base/java.lang.Thread.run(Thread.java:833)
]]>
    </failure>
  </testcase> <!-- ProdSmoke_B2B_TC025 -->
  <testcase classname="Smoketestscripts.Productiontestscrpits" name="ProdSmoke_B2B_TC026" time="45.997"/>
</testsuite> <!-- B2B_Prod_Smoke -->
