<?xml version="1.0" encoding="UTF-8"?>
<!-- Generated by org.testng.reporters.JUnitXMLReporter -->
<testsuite ignored="41" hostname="aspire1763" failures="1" tests="1" name="Recognitiontestscripts" time="660.868" errors="0" timestamp="2024-10-01T14:02:42 IST">
  <testcase classname="Recognitiontestscripts.CR_achieves_platnium" name="ICar_CR_TC023" time="657.452">
    <failure type="java.lang.AssertionError" message="Test Failed. Check the steps above in red color.">
      <![CDATA[java.lang.AssertionError: Test Failed. Check the steps above in red color.
at org.testng.Assert.fail(Assert.java:111)
at ICar.support.Log.fail(Log.java:573)
at ICar.support.Log.testCaseResult(Log.java:299)
at Recognitiontestscripts.CR_achieves_platnium.ICar_CR_TC023(CR_achieves_platnium.java:196)
at java.base/jdk.internal.reflect.NativeMethodAccessorImpl.invoke0(Native Method)
at java.base/jdk.internal.reflect.NativeMethodAccessorImpl.invoke(NativeMethodAccessorImpl.java:78)
at java.base/jdk.internal.reflect.DelegatingMethodAccessorImpl.invoke(DelegatingMethodAccessorImpl.java:43)
at java.base/java.lang.reflect.Method.invoke(Method.java:567)
at org.testng.internal.invokers.MethodInvocationHelper.invokeMethod(MethodInvocationHelper.java:139)
at org.testng.internal.invokers.TestInvoker.invokeMethod(TestInvoker.java:664)
at org.testng.internal.invokers.TestInvoker.invokeTestMethod(TestInvoker.java:227)
at org.testng.internal.invokers.TestMethodWithDataProviderMethodWorker.call(TestMethodWithDataProviderMethodWorker.java:80)
at org.testng.internal.invokers.TestMethodWithDataProviderMethodWorker.call(TestMethodWithDataProviderMethodWorker.java:17)
at java.base/java.util.concurrent.FutureTask.run(FutureTask.java:264)
at java.base/java.util.concurrent.Executors$RunnableAdapter.call(Executors.java:515)
at java.base/java.util.concurrent.FutureTask.run(FutureTask.java:264)
at java.base/java.util.concurrent.ThreadPoolExecutor.runWorker(ThreadPoolExecutor.java:1130)
at java.base/java.util.concurrent.ThreadPoolExecutor$Worker.run(ThreadPoolExecutor.java:630)
at java.base/java.lang.Thread.run(Thread.java:831)
]]>
    </failure>
  </testcase> <!-- ICar_CR_TC023 -->
  <testcase classname="Recognitiontestscripts.CR_achieves_platnium" name="ICar_CR_TC028_6" time="0.0">
    <ignored/>
  </testcase> <!-- ICar_CR_TC028_6 -->
  <testcase classname="Recognitiontestscripts.CR_achieves_platnium" name="ICar_CR_TC027_5" time="0.0">
    <ignored/>
  </testcase> <!-- ICar_CR_TC027_5 -->
  <testcase classname="Recognitiontestscripts.CR_achieves_platnium" name="ICar_CR_TC028_4" time="0.0">
    <ignored/>
  </testcase> <!-- ICar_CR_TC028_4 -->
  <testcase classname="Recognitiontestscripts.CR_achieves_platnium" name="ICar_CR_TC062" time="0.0">
    <ignored/>
  </testcase> <!-- ICar_CR_TC062 -->
  <testcase classname="Recognitiontestscripts.CR_achieves_platnium" name="ICar_CR_TC040" time="0.0">
    <ignored/>
  </testcase> <!-- ICar_CR_TC040 -->
  <testcase classname="Recognitiontestscripts.CR_achieves_platnium" name="ICar_CR_TC060" time="0.0">
    <ignored/>
  </testcase> <!-- ICar_CR_TC060 -->
  <testcase classname="Recognitiontestscripts.CR_achieves_platnium" name="ICar_CR_TC023_1" time="0.0">
    <ignored/>
  </testcase> <!-- ICar_CR_TC023_1 -->
  <testcase classname="Recognitiontestscripts.CR_achieves_platnium" name="ICar_CR_TC052" time="0.0">
    <ignored/>
  </testcase> <!-- ICar_CR_TC052 -->
  <testcase classname="Recognitiontestscripts.CR_achieves_platnium" name="ICar_CR_TC030" time="0.0">
    <ignored/>
  </testcase> <!-- ICar_CR_TC030 -->
  <testcase classname="Recognitiontestscripts.CR_achieves_platnium" name="ICar_CR_TC023_3" time="0.0">
    <ignored/>
  </testcase> <!-- ICar_CR_TC023_3 -->
  <testcase classname="Recognitiontestscripts.CR_achieves_platnium" name="ICar_CR_TC024_2" time="0.0">
    <ignored/>
  </testcase> <!-- ICar_CR_TC024_2 -->
  <testcase classname="Recognitiontestscripts.CR_achieves_platnium" name="ICar_CR_TC050" time="0.0">
    <ignored/>
  </testcase> <!-- ICar_CR_TC050 -->
  <testcase classname="Recognitiontestscripts.CR_achieves_platnium" name="ICar_CR_TC026" time="0.0">
    <ignored/>
  </testcase> <!-- ICar_CR_TC026 -->
  <testcase classname="Recognitiontestscripts.CR_achieves_platnium" name="ICar_CR_TC027_3" time="0.0">
    <ignored/>
  </testcase> <!-- ICar_CR_TC027_3 -->
  <testcase classname="Recognitiontestscripts.CR_achieves_platnium" name="ICar_CR_TC028_2" time="0.0">
    <ignored/>
  </testcase> <!-- ICar_CR_TC028_2 -->
  <testcase classname="Recognitiontestscripts.CR_achieves_platnium" name="ICar_CR_TC024_4" time="0.0">
    <ignored/>
  </testcase> <!-- ICar_CR_TC024_4 -->
  <testcase classname="Recognitiontestscripts.CR_achieves_platnium" name="ICar_CR_TC024" time="0.0">
    <ignored/>
  </testcase> <!-- ICar_CR_TC024 -->
  <testcase classname="Recognitiontestscripts.CR_achieves_platnium" name="ICar_CR_TC027_1" time="0.0">
    <ignored/>
  </testcase> <!-- ICar_CR_TC027_1 -->
  <testcase classname="Recognitiontestscripts.CR_achieves_platnium" name="ICar_CR_TC026_4" time="0.0">
    <ignored/>
  </testcase> <!-- ICar_CR_TC026_4 -->
  <testcase classname="Recognitiontestscripts.CR_achieves_platnium" name="ICar_CR_TC026_2" time="0.0">
    <ignored/>
  </testcase> <!-- ICar_CR_TC026_2 -->
  <testcase classname="Recognitiontestscripts.CR_achieves_platnium" name="ICar_CR_TC025_1" time="0.0">
    <ignored/>
  </testcase> <!-- ICar_CR_TC025_1 -->
  <testcase classname="Recognitiontestscripts.CR_achieves_platnium" name="ICar_CR_TC051" time="0.0">
    <ignored/>
  </testcase> <!-- ICar_CR_TC051 -->
  <testcase classname="Recognitiontestscripts.CR_achieves_platnium" name="ICar_CR_TC024_3" time="0.0">
    <ignored/>
  </testcase> <!-- ICar_CR_TC024_3 -->
  <testcase classname="Recognitiontestscripts.CR_achieves_platnium" name="ICar_CR_TC027_2" time="0.0">
    <ignored/>
  </testcase> <!-- ICar_CR_TC027_2 -->
  <testcase classname="Recognitiontestscripts.CR_achieves_platnium" name="ICar_CR_TC028_1" time="0.0">
    <ignored/>
  </testcase> <!-- ICar_CR_TC028_1 -->
  <testcase classname="Recognitiontestscripts.CR_achieves_platnium" name="ICar_CR_TC053" time="0.0">
    <ignored/>
  </testcase> <!-- ICar_CR_TC053 -->
  <testcase classname="Recognitiontestscripts.CR_achieves_platnium" name="ICar_CR_TC024_5" time="0.0">
    <ignored/>
  </testcase> <!-- ICar_CR_TC024_5 -->
  <testcase classname="Recognitiontestscripts.CR_achieves_platnium" name="ICar_CR_TC061" time="0.0">
    <ignored/>
  </testcase> <!-- ICar_CR_TC061 -->
  <testcase classname="Recognitiontestscripts.CR_achieves_platnium" name="ICar_CR_TC027_6" time="0.0">
    <ignored/>
  </testcase> <!-- ICar_CR_TC027_6 -->
  <testcase classname="Recognitiontestscripts.CR_achieves_platnium" name="ICar_CR_TC028_5" time="0.0">
    <ignored/>
  </testcase> <!-- ICar_CR_TC028_5 -->
  <testcase classname="Recognitiontestscripts.CR_achieves_platnium" name="ICar_CR_TC027_4" time="0.0">
    <ignored/>
  </testcase> <!-- ICar_CR_TC027_4 -->
  <testcase classname="Recognitiontestscripts.CR_achieves_platnium" name="ICar_CR_TC028_3" time="0.0">
    <ignored/>
  </testcase> <!-- ICar_CR_TC028_3 -->
  <testcase classname="Recognitiontestscripts.CR_achieves_platnium" name="ICar_CR_TC026_5" time="0.0">
    <ignored/>
  </testcase> <!-- ICar_CR_TC026_5 -->
  <testcase classname="Recognitiontestscripts.CR_achieves_platnium" name="ICar_CR_TC039" time="0.0">
    <ignored/>
  </testcase> <!-- ICar_CR_TC039 -->
  <testcase classname="Recognitiontestscripts.CR_achieves_platnium" name="ICar_CR_TC025" time="0.0">
    <ignored/>
  </testcase> <!-- ICar_CR_TC025 -->
  <testcase classname="Recognitiontestscripts.CR_achieves_platnium" name="ICar_CR_TC026_3" time="0.0">
    <ignored/>
  </testcase> <!-- ICar_CR_TC026_3 -->
  <testcase classname="Recognitiontestscripts.CR_achieves_platnium" name="ICar_CR_TC026_1" time="0.0">
    <ignored/>
  </testcase> <!-- ICar_CR_TC026_1 -->
  <testcase classname="Recognitiontestscripts.CR_achieves_platnium" name="ICar_CR_TC025_2" time="0.0">
    <ignored/>
  </testcase> <!-- ICar_CR_TC025_2 -->
  <testcase classname="Recognitiontestscripts.CR_achieves_platnium" name="ICar_CR_TC024_1" time="0.0">
    <ignored/>
  </testcase> <!-- ICar_CR_TC024_1 -->
  <testcase classname="Recognitiontestscripts.CR_achieves_platnium" name="ICar_CR_TC029" time="0.0">
    <ignored/>
  </testcase> <!-- ICar_CR_TC029 -->
  <testcase classname="Recognitiontestscripts.CR_achieves_platnium" name="ICar_CR_TC023_2" time="0.0">
    <ignored/>
  </testcase> <!-- ICar_CR_TC023_2 -->
</testsuite> <!-- Recognitiontestscripts -->
