<?xml version="1.0" encoding="UTF-8"?>
<!-- Generated by org.testng.reporters.JUnitXMLReporter -->
<testsuite ignored="1" hostname="aspire1763" failures="1" tests="1" name="URLTestScripts" time="7887.12" errors="0" timestamp="2024-05-05T01:00:11 IST">
  <testcase classname="URLTestScripts.URL" name="URL_TC001" time="7884.127">
    <failure type="java.lang.AssertionError" message="Test Failed. Check the steps above in red color.">
      <![CDATA[java.lang.AssertionError: Test Failed. Check the steps above in red color.
at org.testng.Assert.fail(Assert.java:111)
at ICar.support.Log.fail(Log.java:573)
at ICar.support.Log.testCaseResult(Log.java:299)
at URLTestScripts.URL.URL_TC001(URL.java:106)
at java.base/jdk.internal.reflect.NativeMethodAccessorImpl.invoke0(Native Method)
at java.base/jdk.internal.reflect.NativeMethodAccessorImpl.invoke(NativeMethodAccessorImpl.java:77)
at java.base/jdk.internal.reflect.DelegatingMethodAccessorImpl.invoke(DelegatingMethodAccessorImpl.java:43)
at java.base/java.lang.reflect.Method.invoke(Method.java:568)
at org.testng.internal.invokers.MethodInvocationHelper.invokeMethod(MethodInvocationHelper.java:139)
at org.testng.internal.invokers.TestInvoker.invokeMethod(TestInvoker.java:664)
at org.testng.internal.invokers.TestInvoker.invokeTestMethod(TestInvoker.java:227)
at org.testng.internal.invokers.TestMethodWithDataProviderMethodWorker.call(TestMethodWithDataProviderMethodWorker.java:80)
at org.testng.internal.invokers.TestMethodWithDataProviderMethodWorker.call(TestMethodWithDataProviderMethodWorker.java:17)
at java.base/java.util.concurrent.FutureTask.run(FutureTask.java:264)
at java.base/java.util.concurrent.Executors$RunnableAdapter.call(Executors.java:539)
at java.base/java.util.concurrent.FutureTask.run(FutureTask.java:264)
at java.base/java.util.concurrent.ThreadPoolExecutor.runWorker(ThreadPoolExecutor.java:1136)
at java.base/java.util.concurrent.ThreadPoolExecutor$Worker.run(ThreadPoolExecutor.java:635)
at java.base/java.lang.Thread.run(Thread.java:833)
]]>
    </failure>
  </testcase> <!-- URL_TC001 -->
  <testcase classname="URLTestScripts.URL" name="URL_TC002" time="0.0">
    <ignored/>
  </testcase> <!-- URL_TC002 -->
</testsuite> <!-- URLTestScripts -->
