<?xml version="1.0" encoding="UTF-8"?>
<!-- Generated by org.testng.reporters.JUnitReportReporter -->
<testsuite hostname="aspire1763" failures="0" tests="5" name="B2Btestscripts.AllianceManager" time="1555.710" errors="0" timestamp="2024-10-15T15:00:10 IST" skipped="0">
  <testcase classname="B2Btestscripts.AllianceManager" name="BAM369_TC01" time="325.226">
    <system-out>
      <![CDATA[<div class="test-event"> <font color="maroon"> <small> &emsp; &emsp;--- 15 Oct 14:33:51 548 - TestCaseID:: BAM369_TC01</small> </font> </div>
<div class="test-event"> <font color="maroon"> <small> &emsp; &emsp;--- 15 Oct 14:34:07 246 - <b>17</b> - Driver::initialize::Get - ICar.support.WebDriverFactory.getDriver(WebDriverFactory.java:640)</small> </font> </div>
&emsp;<div class="test-title"> <strong><font size = "3" color = "#000080">GC Planner Annual Training options should have a Course Credit column</font> </strong> </div>&emsp;<div><strong>Steps:</strong></div><!-- Report -->&emsp;
<div class="test-event"> <font color="maroon"> <small> &emsp; &emsp;--- 15 Oct 14:34:13 094 - Page URL:: https://i-car--staging.sandbox.my.salesforce.com/</small> </font> </div>
<div class="test-event"> <font color="maroon"> <small> &emsp; &emsp;--- 15 Oct 14:34:13 095 - <b>0</b> - Page Load Wait: (Sync) - ICar.support.Utils.waitForPageLoad(Utils.java:109)</small> </font> </div>
<div class="test-message">&emsp;Successfully navigated to 'Login' Page&emsp;<a href=".\ScreenShot\BAM369_TC01_1265048327866500.png" target="_blank" >[ScreenShot]</a></div>
<div class="test-message">&emsp;1. Login page is launched.</div>
<div class="test-event"> <font color="maroon"> <small> &emsp; &emsp;--- 15 Oct 14:34:15 291 - Element is displayed:: [[ChromeDriver: chrome on WINDOWS (68b8e0cd45a9dd36b3b5795b89e35ece)] -> id: username]</small> </font> </div>
<div class="test-event"> <font color="maroon"> <small> &emsp; &emsp;--- 15 Oct 14:34:15 715 - Element is displayed:: [[ChromeDriver: chrome on WINDOWS (68b8e0cd45a9dd36b3b5795b89e35ece)] -> id: username]</small> </font> </div>
<div class="test-event"> <font color="maroon"> <small> &emsp; &emsp;--- 15 Oct 14:34:16 003 - Element is displayed:: [[ChromeDriver: chrome on WINDOWS (68b8e0cd45a9dd36b3b5795b89e35ece)] -> id: password]</small> </font> </div>
<div class="test-event"> <font color="maroon"> <small> &emsp; &emsp;--- 15 Oct 14:34:16 259 - Element is displayed:: [[ChromeDriver: chrome on WINDOWS (68b8e0cd45a9dd36b3b5795b89e35ece)] -> id: Login]</small> </font> </div>
<div class="test-event"> <font color="maroon"> <small> &emsp; &emsp;--- 15 Oct 14:34:50 605 - Catched spinner load exception due to Expected condition failed: waiting for ICar.support.WaitUtils$4@7c065515 (tried for 13 second(s) with 500 milliseconds interval)</small> </font> </div>
<div class="test-event"> <font color="maroon"> <small> &emsp; &emsp;--- 15 Oct 14:34:50 605 - <b>16</b> - Spinner Load Wait: (Sync) - ICar.support.WaitUtils.waitForSpinner(WaitUtils.java:225)</small> </font> </div>
<div class="test-event"> <font color="maroon"> <small> &emsp; &emsp;--- 15 Oct 14:35:10 219 - Catched spinner load exception due to Expected condition failed: waiting for ICar.support.WaitUtils$4@7c065515 (tried for 6 second(s) with 500 milliseconds interval)</small> </font> </div>
<div class="test-event"> <font color="maroon"> <small> &emsp; &emsp;--- 15 Oct 14:35:10 219 - <b>6</b> - Spinner Load Wait: (Sync) - ICar.support.WaitUtils.waitForSpinner(WaitUtils.java:225)</small> </font> </div>
<div class="test-event"> <font color="maroon"> <small> &emsp; &emsp;--- 15 Oct 14:35:10 315 - Element is displayed:: [[ChromeDriver: chrome on WINDOWS (68b8e0cd45a9dd36b3b5795b89e35ece)] -> css selector: button[class*='search-button']]</small> </font> </div>
<div class="test-message">&emsp;2. Navigate to 'SalesForce Page'</div>
<div class="test-message">&emsp;Successfully navigated to 'Login' Page&emsp;<a href=".\ScreenShot\BAM369_TC01_1265105386946800.png" target="_blank" >[ScreenShot]</a></div>
<div class="test-message">&emsp;3. Enter the user credentials as : icaradminautomation1@i-car.com.staging</div>
<div class="test-event"> <font color="maroon"> <small> &emsp; &emsp;--- 15 Oct 14:35:12 180 - Page URL:: https://i-car--staging.sandbox.lightning.force.com/lightning/r/contact/0031i00000nucveqa2/related/enrollment_contact__r/view?ws=%2flightning%2fr%2fcontact%2f0031i00000nucveqa2%2fview</small> </font> </div>
<div class="test-event"> <font color="maroon"> <small> &emsp; &emsp;--- 15 Oct 14:35:12 181 - <b>1</b> - Page Load Wait: (Sync) - ICar.support.Utils.waitForPageLoad(Utils.java:109)</small> </font> </div>
<div class="test-event"> <font color="maroon"> <small> &emsp; &emsp;--- 15 Oct 14:35:18 690 - Page URL:: https://i-car--staging.sandbox.lightning.force.com/lightning/r/contact/0031i00000nucveqa2/related/enrollment_contact__r/view?ws=%2flightning%2fr%2fcontact%2f0031i00000nucveqa2%2fview</small> </font> </div>
<div class="test-event"> <font color="maroon"> <small> &emsp; &emsp;--- 15 Oct 14:35:18 690 - <b>1</b> - Page Load Wait: (Sync) - ICar.support.Utils.waitForPageLoad(Utils.java:109)</small> </font> </div>
<div class="test-event"> <font color="maroon"> <small> &emsp; &emsp;--- 15 Oct 14:35:37 727 - Page URL:: https://i-car--staging.sandbox.lightning.force.com/lightning/o/account/list?filtername=__recent</small> </font> </div>
<div class="test-event"> <font color="maroon"> <small> &emsp; &emsp;--- 15 Oct 14:35:37 727 - <b>0</b> - Page Load Wait: (Sync) - ICar.support.Utils.waitForPageLoad(Utils.java:109)</small> </font> </div>
<div class="test-event"> <font color="maroon"> <small> &emsp; &emsp;--- 15 Oct 14:35:43 010 - Catched spinner load exception due to Expected condition failed: waiting for ICar.support.WaitUtils$4@7c065515 (tried for 5 second(s) with 500 milliseconds interval)</small> </font> </div>
<div class="test-event"> <font color="maroon"> <small> &emsp; &emsp;--- 15 Oct 14:35:43 010 - <b>5</b> - Spinner Load Wait: (Sync) - ICar.support.WaitUtils.waitForSpinner(WaitUtils.java:225)</small> </font> </div>
<div class="test-event"> <font color="maroon"> <small> &emsp; &emsp;--- 15 Oct 14:35:43 365 - Page URL:: https://i-car--staging.sandbox.lightning.force.com/lightning/o/account/list?filtername=__recent</small> </font> </div>
<div class="test-event"> <font color="maroon"> <small> &emsp; &emsp;--- 15 Oct 14:35:43 366 - <b>0</b> - Page Load Wait: (Sync) - ICar.support.Utils.waitForPageLoad(Utils.java:109)</small> </font> </div>
<div class="test-event"> <font color="maroon"> <small> &emsp; &emsp;--- 15 Oct 14:35:43 449 - Element is displayed:: [[ChromeDriver: chrome on WINDOWS (68b8e0cd45a9dd36b3b5795b89e35ece)] -> xpath: //div[contains(@class,'appLauncher ')]//button]</small> </font> </div>
<div class="test-event"> <font color="maroon"> <small> &emsp; &emsp;--- 15 Oct 14:35:43 521 - Element is displayed:: [[ChromeDriver: chrome on WINDOWS (68b8e0cd45a9dd36b3b5795b89e35ece)] -> xpath: //div[contains(@class,'appLauncher ')]//button]</small> </font> </div>
<div class="test-message">&emsp;4. Clicked on App launcher icon</div>
<div class="test-event"> <font color="maroon"> <small> &emsp; &emsp;--- 15 Oct 14:35:45 221 - Element is displayed:: [[ChromeDriver: chrome on WINDOWS (68b8e0cd45a9dd36b3b5795b89e35ece)] -> xpath: //input[@placeholder='Search apps and items...']]</small> </font> </div>
<div class="test-event"> <font color="maroon"> <small> &emsp; &emsp;--- 15 Oct 14:35:45 315 - Element is displayed:: [[ChromeDriver: chrome on WINDOWS (68b8e0cd45a9dd36b3b5795b89e35ece)] -> xpath: //input[@placeholder='Search apps and items...']]</small> </font> </div>
<div class="test-event"> <font color="maroon"> <small> &emsp; &emsp;--- 15 Oct 14:35:48 755 - Element is displayed:: [[ChromeDriver: chrome on WINDOWS (68b8e0cd45a9dd36b3b5795b89e35ece)] -> xpath: //lightning-formatted-rich-text/span/p/b[text()='I-CAR Service Console']]</small> </font> </div>
<div class="test-event"> <font color="maroon"> <small> &emsp; &emsp;--- 15 Oct 14:35:51 813 - Element is displayed:: [[ChromeDriver: chrome on WINDOWS (68b8e0cd45a9dd36b3b5795b89e35ece)] -> xpath: //lightning-formatted-rich-text/span/p/b[text()='I-CAR Service Console']]</small> </font> </div>
<div class="test-event"> <font color="maroon"> <small> &emsp; &emsp;--- 15 Oct 14:35:52 264 - Page URL:: https://i-car--staging.sandbox.lightning.force.com/lightning/o/account/list?filtername=__recent</small> </font> </div>
<div class="test-event"> <font color="maroon"> <small> &emsp; &emsp;--- 15 Oct 14:35:52 265 - <b>0</b> - Page Load Wait: (Sync) - ICar.support.Utils.waitForPageLoad(Utils.java:109)</small> </font> </div>
<div class="test-message">&emsp;5. Search contact Name :2689442</div>
<div class="test-event"> <font color="maroon"> <small> &emsp; &emsp;--- 15 Oct 14:35:54 798 - Page URL:: https://i-car--staging.sandbox.lightning.force.com/lightning/o/account/list?filtername=__recent</small> </font> </div>
<div class="test-event"> <font color="maroon"> <small> &emsp; &emsp;--- 15 Oct 14:35:54 798 - <b>2</b> - Page Load Wait: (Sync) - ICar.support.Utils.waitForPageLoad(Utils.java:109)</small> </font> </div>
<div class="test-event"> <font color="maroon"> <small> &emsp; &emsp;--- 15 Oct 14:36:00 145 - Page URL:: https://i-car--staging.sandbox.lightning.force.com/lightning/n/session_scheduling_console</small> </font> </div>
<div class="test-event"> <font color="maroon"> <small> &emsp; &emsp;--- 15 Oct 14:36:00 146 - <b>0</b> - Page Load Wait: (Sync) - ICar.support.Utils.waitForPageLoad(Utils.java:109)</small> </font> </div>
<div class="test-event"> <font color="maroon"> <small> &emsp; &emsp;--- 15 Oct 14:36:04 449 - Page URL:: https://i-car--staging.sandbox.lightning.force.com/lightning/n/session_scheduling_console</small> </font> </div>
<div class="test-event"> <font color="maroon"> <small> &emsp; &emsp;--- 15 Oct 14:36:04 449 - <b>0</b> - Page Load Wait: (Sync) - ICar.support.Utils.waitForPageLoad(Utils.java:109)</small> </font> </div>
<div class="test-event"> <font color="maroon"> <small> &emsp; &emsp;--- 15 Oct 14:36:04 516 - Element is displayed:: [[ChromeDriver: chrome on WINDOWS (68b8e0cd45a9dd36b3b5795b89e35ece)] -> css selector: button[class*='search-button']]</small> </font> </div>
<div class="test-event"> <font color="maroon"> <small> &emsp; &emsp;--- 15 Oct 14:36:07 232 - Catched spinner load exception due to Expected condition failed: waiting for ICar.support.WaitUtils$4@7c065515 (tried for 2 second(s) with 500 milliseconds interval)</small> </font> </div>
<div class="test-event"> <font color="maroon"> <small> &emsp; &emsp;--- 15 Oct 14:36:07 232 - <b>2</b> - Spinner Load Wait: (Sync) - ICar.support.WaitUtils.waitForSpinner(WaitUtils.java:225)</small> </font> </div>
<div class="test-event"> <font color="maroon"> <small> &emsp; &emsp;--- 15 Oct 14:36:10 371 - Element is displayed:: [[ChromeDriver: chrome on WINDOWS (68b8e0cd45a9dd36b3b5795b89e35ece)] -> css selector: button[class*='search-button']]</small> </font> </div>
<div class="test-event"> <font color="maroon"> <small> &emsp; &emsp;--- 15 Oct 14:36:11 298 - Page URL:: https://i-car--staging.sandbox.lightning.force.com/lightning/o/account/list?filtername=__recent</small> </font> </div>
<div class="test-event"> <font color="maroon"> <small> &emsp; &emsp;--- 15 Oct 14:36:11 298 - <b>0</b> - Page Load Wait: (Sync) - ICar.support.Utils.waitForPageLoad(Utils.java:109)</small> </font> </div>
<div class="test-event"> <font color="maroon"> <small> &emsp; &emsp;--- 15 Oct 14:36:31 144 - Catched spinner load exception due to Expected condition failed: waiting for ICar.support.WaitUtils$4@7c065515 (tried for 10 second(s) with 500 milliseconds interval)</small> </font> </div>
<div class="test-event"> <font color="maroon"> <small> &emsp; &emsp;--- 15 Oct 14:36:31 145 - <b>10</b> - Spinner Load Wait: (Sync) - ICar.support.WaitUtils.waitForSpinner(WaitUtils.java:225)</small> </font> </div>
<div class="test-event"> <font color="maroon"> <small> &emsp; &emsp;--- 15 Oct 14:36:32 781 - Page URL:: https://i-car--staging.sandbox.lightning.force.com/one/one.app#eyjjb21wb25lbnrezwyioijmb3jjzvnlyxjjadpzzwfyy2hqywdlrgvza3rvccisimf0dhjpynv0zxmionsidgvybsi6iji2odk0ndiilcjzy29wzu1hcci6eyj0exblijoive9qx1jfu1vmvfmilcjuyw1lc3bhy2uioiiilcjsywjlbci6ilrvccbszxn1bhrziiwibgfizwxqbhvyywwioijub3agumvzdwx0cyisinjlc3vsdhndbxaioijmb3jjzvnlyxjjadpwcmvkawn0zwrszxn1bhrzin0simnvbnrlehqionsirklmvevsuyi6e30sinnlyxjjafnvdxjjzsi6ikftu0ltvefovf9esufmt0cilcjkaxnhymxlsw50zw50uxvlcnkiomzhbhnllcjkaxnhymxlu3blbgxdb3jyzwn0aw9uijpmywxzzswic2vhcmnorglhbg9nu2vzc2lvbklkijoiy2nkn2i0nzctnjq0mi05ndu5lwezytmtmtu2zdu1zdc0njzliiwizgvidwdjbmzvijp7imfwce5hbwuioijjq2fyx1nlcnzpy2vfq29uc29szsisimfwcfr5cguioijdb25zb2xliiwiyxbwtmftzxnwywnlijoiyyisimxvy2f0aw9uijoizm9yy2u6b2jqzwn0sg9tzurlc2t0b3ailcjzb2jqzwn0vhlwzsi6ikfjy291bnqifx0simdyb3vwswqioijeruzbvuxuin0sinn0yxrlijp7fx0%3d</small> </font> </div>
<div class="test-event"> <font color="maroon"> <small> &emsp; &emsp;--- 15 Oct 14:36:32 781 - <b>1</b> - Page Load Wait: (Sync) - ICar.support.Utils.waitForPageLoad(Utils.java:109)</small> </font> </div>
<div class="test-event"> <font color="maroon"> <small> &emsp; &emsp;--- 15 Oct 14:36:43 968 - Catched spinner load exception due to Expected condition failed: waiting for ICar.support.WaitUtils$4@7c065515 (tried for 11 second(s) with 500 milliseconds interval)</small> </font> </div>
<div class="test-event"> <font color="maroon"> <small> &emsp; &emsp;--- 15 Oct 14:36:43 969 - <b>11</b> - Spinner Load Wait: (Sync) - ICar.support.WaitUtils.waitForSpinner(WaitUtils.java:225)</small> </font> </div>
<div class="test-event"> <font color="maroon"> <small> &emsp; &emsp;--- 15 Oct 14:36:45 291 - Page URL:: https://i-car--staging.sandbox.lightning.force.com/one/one.app#eyjjb21wb25lbnrezwyioijmb3jjzvnlyxjjadpzzwfyy2hqywdlrgvza3rvccisimf0dhjpynv0zxmionsidgvybsi6iji2odk0ndiilcjzy29wzu1hcci6eyj0exblijoive9qx1jfu1vmvfmilcjuyw1lc3bhy2uioiiilcjsywjlbci6ilrvccbszxn1bhrziiwibgfizwxqbhvyywwioijub3agumvzdwx0cyisinjlc3vsdhndbxaioijmb3jjzvnlyxjjadpwcmvkawn0zwrszxn1bhrzin0simnvbnrlehqionsirklmvevsuyi6e30sinnlyxjjafnvdxjjzsi6ikftu0ltvefovf9esufmt0cilcjkaxnhymxlsw50zw50uxvlcnkiomzhbhnllcjkaxnhymxlu3blbgxdb3jyzwn0aw9uijpmywxzzswic2vhcmnorglhbg9nu2vzc2lvbklkijoiy2nkn2i0nzctnjq0mi05ndu5lwezytmtmtu2zdu1zdc0njzliiwizgvidwdjbmzvijp7imfwce5hbwuioijjq2fyx1nlcnzpy2vfq29uc29szsisimfwcfr5cguioijdb25zb2xliiwiyxbwtmftzxnwywnlijoiyyisimxvy2f0aw9uijoizm9yy2u6b2jqzwn0sg9tzurlc2t0b3ailcjzb2jqzwn0vhlwzsi6ikfjy291bnqifx0simdyb3vwswqioijeruzbvuxuin0sinn0yxrlijp7fx0%3d</small> </font> </div>
<div class="test-event"> <font color="maroon"> <small> &emsp; &emsp;--- 15 Oct 14:36:45 291 - <b>1</b> - Page Load Wait: (Sync) - ICar.support.Utils.waitForPageLoad(Utils.java:109)</small> </font> </div>
<div class="test-event"> <font color="maroon"> <small> &emsp; &emsp;--- 15 Oct 14:36:45 376 - Element is displayed:: [[ChromeDriver: chrome on WINDOWS (68b8e0cd45a9dd36b3b5795b89e35ece)] -> xpath: //a[@title='Top Results']//span[text()='Top Results']]</small> </font> </div>
<div class="test-event"> <font color="maroon"> <small> &emsp; &emsp;--- 15 Oct 14:36:46 164 - Page URL:: https://i-car--staging.sandbox.lightning.force.com/one/one.app#eyjjb21wb25lbnrezwyioijmb3jjzvnlyxjjadpzzwfyy2hqywdlrgvza3rvccisimf0dhjpynv0zxmionsidgvybsi6iji2odk0ndiilcjzy29wzu1hcci6eyj0exblijoive9qx1jfu1vmvfmilcjuyw1lc3bhy2uioiiilcjsywjlbci6ilrvccbszxn1bhrziiwibgfizwxqbhvyywwioijub3agumvzdwx0cyisinjlc3vsdhndbxaioijmb3jjzvnlyxjjadpwcmvkawn0zwrszxn1bhrzin0simnvbnrlehqionsirklmvevsuyi6e30sinnlyxjjafnvdxjjzsi6ikftu0ltvefovf9esufmt0cilcjkaxnhymxlsw50zw50uxvlcnkiomzhbhnllcjkaxnhymxlu3blbgxdb3jyzwn0aw9uijpmywxzzswic2vhcmnorglhbg9nu2vzc2lvbklkijoiy2nkn2i0nzctnjq0mi05ndu5lwezytmtmtu2zdu1zdc0njzliiwizgvidwdjbmzvijp7imfwce5hbwuioijjq2fyx1nlcnzpy2vfq29uc29szsisimfwcfr5cguioijdb25zb2xliiwiyxbwtmftzxnwywnlijoiyyisimxvy2f0aw9uijoizm9yy2u6b2jqzwn0sg9tzurlc2t0b3ailcjzb2jqzwn0vhlwzsi6ikfjy291bnqifx0simdyb3vwswqioijeruzbvuxuin0sinn0yxrlijp7fx0%3d</small> </font> </div>
<div class="test-event"> <font color="maroon"> <small> &emsp; &emsp;--- 15 Oct 14:36:46 164 - <b>0</b> - Page Load Wait: (Sync) - ICar.support.Utils.waitForPageLoad(Utils.java:109)</small> </font> </div>
<div class="test-event"> <font color="maroon"> <small> &emsp; &emsp;--- 15 Oct 14:36:51 590 - Catched spinner load exception due to Expected condition failed: waiting for ICar.support.WaitUtils$4@7c065515 (tried for 5 second(s) with 500 milliseconds interval)</small> </font> </div>
<div class="test-event"> <font color="maroon"> <small> &emsp; &emsp;--- 15 Oct 14:36:51 590 - <b>5</b> - Spinner Load Wait: (Sync) - ICar.support.WaitUtils.waitForSpinner(WaitUtils.java:225)</small> </font> </div>
<div class="test-event"> <font color="maroon"> <small> &emsp; &emsp;--- 15 Oct 14:36:52 955 - Page URL:: https://i-car--staging.sandbox.lightning.force.com/one/one.app#eyjjb21wb25lbnrezwyioijmb3jjzvnlyxjjadpzzwfyy2hqywdlrgvza3rvccisimf0dhjpynv0zxmionsidgvybsi6iji2odk0ndiilcjzy29wzu1hcci6eyj0exblijoive9qx1jfu1vmvfmilcjuyw1lc3bhy2uioiiilcjsywjlbci6ilrvccbszxn1bhrziiwibgfizwxqbhvyywwioijub3agumvzdwx0cyisinjlc3vsdhndbxaioijmb3jjzvnlyxjjadpwcmvkawn0zwrszxn1bhrzin0simnvbnrlehqionsirklmvevsuyi6e30sinnlyxjjafnvdxjjzsi6ikftu0ltvefovf9esufmt0cilcjkaxnhymxlsw50zw50uxvlcnkiomzhbhnllcjkaxnhymxlu3blbgxdb3jyzwn0aw9uijpmywxzzswic2vhcmnorglhbg9nu2vzc2lvbklkijoiy2nkn2i0nzctnjq0mi05ndu5lwezytmtmtu2zdu1zdc0njzliiwizgvidwdjbmzvijp7imfwce5hbwuioijjq2fyx1nlcnzpy2vfq29uc29szsisimfwcfr5cguioijdb25zb2xliiwiyxbwtmftzxnwywnlijoiyyisimxvy2f0aw9uijoizm9yy2u6b2jqzwn0sg9tzurlc2t0b3ailcjzb2jqzwn0vhlwzsi6ikfjy291bnqifx0simdyb3vwswqioijeruzbvuxuin0sinn0yxrlijp7fx0%3d</small> </font> </div>
<div class="test-event"> <font color="maroon"> <small> &emsp; &emsp;--- 15 Oct 14:36:52 956 - <b>1</b> - Page Load Wait: (Sync) - ICar.support.Utils.waitForPageLoad(Utils.java:109)</small> </font> </div>
<div class="test-event"> <font color="maroon"> <small> &emsp; &emsp;--- 15 Oct 14:36:54 451 - Page URL:: https://i-car--staging.sandbox.lightning.force.com/one/one.app#eyjjb21wb25lbnrezwyioijmb3jjzvnlyxjjadpzzwfyy2hqywdlrgvza3rvccisimf0dhjpynv0zxmionsidgvybsi6iji2odk0ndiilcjzy29wzu1hcci6eyj0exblijoive9qx1jfu1vmvfmilcjuyw1lc3bhy2uioiiilcjsywjlbci6ilrvccbszxn1bhrziiwibgfizwxqbhvyywwioijub3agumvzdwx0cyisinjlc3vsdhndbxaioijmb3jjzvnlyxjjadpwcmvkawn0zwrszxn1bhrzin0simnvbnrlehqionsirklmvevsuyi6e30sinnlyxjjafnvdxjjzsi6ikftu0ltvefovf9esufmt0cilcjkaxnhymxlsw50zw50uxvlcnkiomzhbhnllcjkaxnhymxlu3blbgxdb3jyzwn0aw9uijpmywxzzswic2vhcmnorglhbg9nu2vzc2lvbklkijoiy2nkn2i0nzctnjq0mi05ndu5lwezytmtmtu2zdu1zdc0njzliiwizgvidwdjbmzvijp7imfwce5hbwuioijjq2fyx1nlcnzpy2vfq29uc29szsisimfwcfr5cguioijdb25zb2xliiwiyxbwtmftzxnwywnlijoiyyisimxvy2f0aw9uijoizm9yy2u6b2jqzwn0sg9tzurlc2t0b3ailcjzb2jqzwn0vhlwzsi6ikfjy291bnqifx0simdyb3vwswqioijeruzbvuxuin0sinn0yxrlijp7fx0%3d</small> </font> </div>
<div class="test-event"> <font color="maroon"> <small> &emsp; &emsp;--- 15 Oct 14:36:54 451 - <b>1</b> - Page Load Wait: (Sync) - ICar.support.Utils.waitForPageLoad(Utils.java:109)</small> </font> </div>
<div class="test-event"> <font color="maroon"> <small> &emsp; &emsp;--- 15 Oct 14:36:55 848 - Page URL:: https://i-car--staging.sandbox.lightning.force.com/one/one.app#eyjjb21wb25lbnrezwyioijmb3jjzvnlyxjjadpzzwfyy2hqywdlrgvza3rvccisimf0dhjpynv0zxmionsidgvybsi6iji2odk0ndiilcjzy29wzu1hcci6eyj0exblijoive9qx1jfu1vmvfmilcjuyw1lc3bhy2uioiiilcjsywjlbci6ilrvccbszxn1bhrziiwibgfizwxqbhvyywwioijub3agumvzdwx0cyisinjlc3vsdhndbxaioijmb3jjzvnlyxjjadpwcmvkawn0zwrszxn1bhrzin0simnvbnrlehqionsirklmvevsuyi6e30sinnlyxjjafnvdxjjzsi6ikftu0ltvefovf9esufmt0cilcjkaxnhymxlsw50zw50uxvlcnkiomzhbhnllcjkaxnhymxlu3blbgxdb3jyzwn0aw9uijpmywxzzswic2vhcmnorglhbg9nu2vzc2lvbklkijoiy2nkn2i0nzctnjq0mi05ndu5lwezytmtmtu2zdu1zdc0njzliiwizgvidwdjbmzvijp7imfwce5hbwuioijjq2fyx1nlcnzpy2vfq29uc29szsisimfwcfr5cguioijdb25zb2xliiwiyxbwtmftzxnwywnlijoiyyisimxvy2f0aw9uijoizm9yy2u6b2jqzwn0sg9tzurlc2t0b3ailcjzb2jqzwn0vhlwzsi6ikfjy291bnqifx0simdyb3vwswqioijeruzbvuxuin0sinn0yxrlijp7fx0%3d</small> </font> </div>
<div class="test-event"> <font color="maroon"> <small> &emsp; &emsp;--- 15 Oct 14:36:55 848 - <b>1</b> - Page Load Wait: (Sync) - ICar.support.Utils.waitForPageLoad(Utils.java:109)</small> </font> </div>
<div class="test-event"> <font color="maroon"> <small> &emsp; &emsp;--- 15 Oct 14:37:03 852 - Catched spinner load exception due to Expected condition failed: waiting for ICar.support.WaitUtils$4@7c065515 (tried for 8 second(s) with 500 milliseconds interval)</small> </font> </div>
<div class="test-event"> <font color="maroon"> <small> &emsp; &emsp;--- 15 Oct 14:37:03 852 - <b>8</b> - Spinner Load Wait: (Sync) - ICar.support.WaitUtils.waitForSpinner(WaitUtils.java:225)</small> </font> </div>
<div class="test-event"> <font color="maroon"> <small> &emsp; &emsp;--- 15 Oct 14:37:05 123 - Page URL:: https://i-car--staging.sandbox.lightning.force.com/one/one.app#eyjjb21wb25lbnrezwyioijmb3jjzvnlyxjjadpzzwfyy2hqywdlrgvza3rvccisimf0dhjpynv0zxmionsidgvybsi6iji2odk0ndiilcjzy29wzu1hcci6eyj0exblijoive9qx1jfu1vmvfmilcjuyw1lc3bhy2uioiiilcjsywjlbci6ilrvccbszxn1bhrziiwibgfizwxqbhvyywwioijub3agumvzdwx0cyisinjlc3vsdhndbxaioijmb3jjzvnlyxjjadpwcmvkawn0zwrszxn1bhrzin0simnvbnrlehqionsirklmvevsuyi6e30sinnlyxjjafnvdxjjzsi6ikftu0ltvefovf9esufmt0cilcjkaxnhymxlsw50zw50uxvlcnkiomzhbhnllcjkaxnhymxlu3blbgxdb3jyzwn0aw9uijpmywxzzswic2vhcmnorglhbg9nu2vzc2lvbklkijoiy2nkn2i0nzctnjq0mi05ndu5lwezytmtmtu2zdu1zdc0njzliiwizgvidwdjbmzvijp7imfwce5hbwuioijjq2fyx1nlcnzpy2vfq29uc29szsisimfwcfr5cguioijdb25zb2xliiwiyxbwtmftzxnwywnlijoiyyisimxvy2f0aw9uijoizm9yy2u6b2jqzwn0sg9tzurlc2t0b3ailcjzb2jqzwn0vhlwzsi6ikfjy291bnqifx0simdyb3vwswqioijeruzbvuxuin0sinn0yxrlijp7fx0%3d</small> </font> </div>
<div class="test-event"> <font color="maroon"> <small> &emsp; &emsp;--- 15 Oct 14:37:05 123 - <b>1</b> - Page Load Wait: (Sync) - ICar.support.Utils.waitForPageLoad(Utils.java:109)</small> </font> </div>
<div class="test-event"> <font color="maroon"> <small> &emsp; &emsp;--- 15 Oct 14:37:07 375 - Element is displayed:: [[ChromeDriver: chrome on WINDOWS (68b8e0cd45a9dd36b3b5795b89e35ece)] -> xpath: //div[contains(@class,'forceSearchResultsRegion')]//div[contains(@class,'resultsMultiWrapper')]/div/div[1]//following::h2//a]</small> </font> </div>
<div class="test-event"> <font color="maroon"> <small> &emsp; &emsp;--- 15 Oct 14:37:07 689 - Element is displayed:: [[ChromeDriver: chrome on WINDOWS (68b8e0cd45a9dd36b3b5795b89e35ece)] -> xpath: //a[text()='Contacts']]</small> </font> </div>
<div class="test-event"> <font color="maroon"> <small> &emsp; &emsp;--- 15 Oct 14:37:12 071 - Element is displayed:: [[ChromeDriver: chrome on WINDOWS (68b8e0cd45a9dd36b3b5795b89e35ece)] -> xpath: //div[text()='Contacts']//following :: table//tbody//th//span /a]</small> </font> </div>
<div class="test-message">&emsp;6. Navigated to Community portal using Access shopping cart </div>
<div class="test-event"> <font color="maroon"> <small> &emsp; &emsp;--- 15 Oct 14:37:27 438 - Catched spinner load exception due to Expected condition failed: waiting for ICar.support.WaitUtils$4@7c065515 (tried for 15 second(s) with 500 milliseconds interval)</small> </font> </div>
<div class="test-event"> <font color="maroon"> <small> &emsp; &emsp;--- 15 Oct 14:37:27 438 - <b>15</b> - Spinner Load Wait: (Sync) - ICar.support.WaitUtils.waitForSpinner(WaitUtils.java:225)</small> </font> </div>
<div class="test-event"> <font color="maroon"> <small> &emsp; &emsp;--- 15 Oct 14:37:28 592 - Page URL:: https://i-car--staging.sandbox.lightning.force.com/lightning/r/contact/0031i00000numylqa2/view</small> </font> </div>
<div class="test-event"> <font color="maroon"> <small> &emsp; &emsp;--- 15 Oct 14:37:28 592 - <b>1</b> - Page Load Wait: (Sync) - ICar.support.Utils.waitForPageLoad(Utils.java:109)</small> </font> </div>
<div class="test-event"> <font color="maroon"> <small> &emsp; &emsp;--- 15 Oct 14:37:43 989 - Catched spinner load exception due to Expected condition failed: waiting for ICar.support.WaitUtils$4@7c065515 (tried for 15 second(s) with 500 milliseconds interval)</small> </font> </div>
<div class="test-event"> <font color="maroon"> <small> &emsp; &emsp;--- 15 Oct 14:37:43 989 - <b>15</b> - Spinner Load Wait: (Sync) - ICar.support.WaitUtils.waitForSpinner(WaitUtils.java:225)</small> </font> </div>
<div class="test-event"> <font color="maroon"> <small> &emsp; &emsp;--- 15 Oct 14:37:44 066 - Element is displayed:: [[ChromeDriver: chrome on WINDOWS (68b8e0cd45a9dd36b3b5795b89e35ece)] -> xpath: //button[text()='Access Shopping Cart - New']]</small> </font> </div>
<div class="test-event"> <font color="maroon"> <small> &emsp; &emsp;--- 15 Oct 14:37:46 236 - Element is displayed:: [[ChromeDriver: chrome on WINDOWS (68b8e0cd45a9dd36b3b5795b89e35ece)] -> xpath: //button[text()='Access Shopping Cart - New']]</small> </font> </div>
<div class="test-event"> <font color="maroon"> <small> &emsp; &emsp;--- 15 Oct 14:37:55 779 - Page URL:: https://i-car--staging.sandbox.lightning.force.com/lightning/r/contact/0031i00000numylqa2/view</small> </font> </div>
<div class="test-event"> <font color="maroon"> <small> &emsp; &emsp;--- 15 Oct 14:37:55 780 - <b>1</b> - Page Load Wait: (Sync) - ICar.support.Utils.waitForPageLoad(Utils.java:109)</small> </font> </div>
<div class="test-event"> <font color="maroon"> <small> &emsp; &emsp;--- 15 Oct 14:38:19 768 - Catched spinner load exception due to Expected condition failed: waiting for ICar.support.WaitUtils$4@7c065515 (tried for 10 second(s) with 500 milliseconds interval)</small> </font> </div>
<div class="test-event"> <font color="maroon"> <small> &emsp; &emsp;--- 15 Oct 14:38:19 768 - <b>10</b> - Spinner Load Wait: (Sync) - ICar.support.WaitUtils.waitForSpinner(WaitUtils.java:225)</small> </font> </div>
<div class="test-event"> <font color="maroon"> <small> &emsp; &emsp;--- 15 Oct 14:38:19 860 - Element is displayed:: [[ChromeDriver: chrome on WINDOWS (68b8e0cd45a9dd36b3b5795b89e35ece)] -> xpath: //button[@value='Launch My Learning']]</small> </font> </div>
<div class="test-message">&emsp;Successfully navigated to 'User Home' Page&emsp;<a href=".\ScreenShot\BAM369_TC01_1265294929631600.png" target="_blank" >[ScreenShot]</a></div>
<div class="test-event"> <font color="maroon"> <small> &emsp; &emsp;--- 15 Oct 14:38:30 502 - Catched spinner load exception due to Expected condition failed: waiting for ICar.support.WaitUtils$4@7c065515 (tried for 10 second(s) with 500 milliseconds interval)</small> </font> </div>
<div class="test-event"> <font color="maroon"> <small> &emsp; &emsp;--- 15 Oct 14:38:30 502 - <b>10</b> - Spinner Load Wait: (Sync) - ICar.support.WaitUtils.waitForSpinner(WaitUtils.java:225)</small> </font> </div>
<div class="test-message">&emsp;7. Navigvate to the Student Alliance Training Page</div>
<div class="test-event"> <font color="maroon"> <small> &emsp; &emsp;--- 15 Oct 14:38:30 757 - Page URL:: https://www.icarstage.com/</small> </font> </div>
<div class="test-event"> <font color="maroon"> <small> &emsp; &emsp;--- 15 Oct 14:38:30 758 - <b>0</b> - Page Load Wait: (Sync) - ICar.support.Utils.waitForPageLoad(Utils.java:109)</small> </font> </div>
<div class="test-event"> <font color="maroon"> <small> &emsp; &emsp;--- 15 Oct 14:38:30 833 - Element is displayed:: [[ChromeDriver: chrome on WINDOWS (68b8e0cd45a9dd36b3b5795b89e35ece)] -> xpath: //p[text()='Launch My Learning']]</small> </font> </div>
<div class="test-event"> <font color="maroon"> <small> &emsp; &emsp;--- 15 Oct 14:38:30 888 - Element is displayed:: [[ChromeDriver: chrome on WINDOWS (68b8e0cd45a9dd36b3b5795b89e35ece)] -> xpath: //a[text()='Gold Class Planner']]</small> </font> </div>
<div class="test-event"> <font color="maroon"> <small> &emsp; &emsp;--- 15 Oct 14:38:33 012 - Element is displayed:: [[ChromeDriver: chrome on WINDOWS (68b8e0cd45a9dd36b3b5795b89e35ece)] -> xpath: //a[text()='Gold Class Planner']]</small> </font> </div>
<div class="test-event"> <font color="maroon"> <small> &emsp; &emsp;--- 15 Oct 14:38:52 404 - Catched spinner load exception due to Expected condition failed: waiting for ICar.support.WaitUtils$4@7c065515 (tried for 15 second(s) with 500 milliseconds interval)</small> </font> </div>
<div class="test-event"> <font color="maroon"> <small> &emsp; &emsp;--- 15 Oct 14:38:52 404 - <b>15</b> - Spinner Load Wait: (Sync) - ICar.support.WaitUtils.waitForSpinner(WaitUtils.java:225)</small> </font> </div>
<div class="test-event"> <font color="maroon"> <small> &emsp; &emsp;--- 15 Oct 14:38:52 715 - Page URL:: https://www.icarstage.com/gold-class-planner</small> </font> </div>
<div class="test-event"> <font color="maroon"> <small> &emsp; &emsp;--- 15 Oct 14:38:52 715 - <b>0</b> - Page Load Wait: (Sync) - ICar.support.Utils.waitForPageLoad(Utils.java:109)</small> </font> </div>
<div class="test-message">&emsp;8. Select the Location :Mario's Classic Auto Body</div>
<div class="test-event"> <font color="maroon"> <small> &emsp; &emsp;--- 15 Oct 14:39:10 604 - Unable to find a element after 9 sec ==> Proxy element for: AjaxElementLocator 'By.xpath: //button[text()='OK']'</small> </font> </div>
<div class="test-event"> <font color="maroon"> <small> &emsp; &emsp;--- 15 Oct 14:39:10 780 - Page URL:: https://www.icarstage.com/gold-class-planner</small> </font> </div>
<div class="test-event"> <font color="maroon"> <small> &emsp; &emsp;--- 15 Oct 14:39:10 780 - <b>0</b> - Page Load Wait: (Sync) - ICar.support.Utils.waitForPageLoad(Utils.java:109)</small> </font> </div>
<div class="test-event"> <font color="maroon"> <small> &emsp; &emsp;--- 15 Oct 14:39:13 019 - Element is displayed:: [[ChromeDriver: chrome on WINDOWS (68b8e0cd45a9dd36b3b5795b89e35ece)] -> xpath: //slot/p[text()='Select Location']//following::div//button[@name='shopSelect']]</small> </font> </div>
<div class="test-event"> <font color="maroon"> <small> &emsp; &emsp;--- 15 Oct 14:39:16 356 - Page URL:: https://www.icarstage.com/gold-class-planner</small> </font> </div>
<div class="test-event"> <font color="maroon"> <small> &emsp; &emsp;--- 15 Oct 14:39:16 357 - <b>0</b> - Page Load Wait: (Sync) - ICar.support.Utils.waitForPageLoad(Utils.java:109)</small> </font> </div>
<div class="test-event"> <font color="maroon"> <small> &emsp; &emsp;--- 15 Oct 14:39:18 508 - Catched spinner load exception due to Expected condition failed: waiting for ICar.support.WaitUtils$4@7c065515 (tried for 2 second(s) with 500 milliseconds interval)</small> </font> </div>
<div class="test-event"> <font color="maroon"> <small> &emsp; &emsp;--- 15 Oct 14:39:18 508 - <b>2</b> - Spinner Load Wait: (Sync) - ICar.support.WaitUtils.waitForSpinner(WaitUtils.java:225)</small> </font> </div>
<div class="test-message">&emsp;9. Click the Anual Training :3083810</div>
<div class="test-event"> <font color="maroon"> <small> &emsp; &emsp;--- 15 Oct 14:39:18 683 - Page URL:: https://www.icarstage.com/gold-class-planner</small> </font> </div>
<div class="test-event"> <font color="maroon"> <small> &emsp; &emsp;--- 15 Oct 14:39:18 683 - <b>0</b> - Page Load Wait: (Sync) - ICar.support.Utils.waitForPageLoad(Utils.java:109)</small> </font> </div>
<div class="test-event"> <font color="maroon"> <small> &emsp; &emsp;--- 15 Oct 14:39:23 931 - Catched spinner load exception due to Expected condition failed: waiting for ICar.support.WaitUtils$4@7c065515 (tried for 5 second(s) with 500 milliseconds interval)</small> </font> </div>
<div class="test-event"> <font color="maroon"> <small> &emsp; &emsp;--- 15 Oct 14:39:23 931 - <b>5</b> - Spinner Load Wait: (Sync) - ICar.support.WaitUtils.waitForSpinner(WaitUtils.java:225)</small> </font> </div>
<div class="test-message">&emsp;10. Verify the course credit</div>
<div class="test-message">&emsp;Successfully verify the course credit&emsp;<a href=".\ScreenShot\BAM369_TC01_1265366243528500.png" target="_blank" >[ScreenShot]</a></div>
<div class="test-result"><br><font color="green"><strong> Test Passed. </strong></font> </div>&emsp;
&emsp;<div class="test-title"> <strong><font size = "3" color = "#0000FF">---Test Execution Ends---</font> </strong> </div>&emsp;]]>
    </system-out>
  </testcase> <!-- BAM369_TC01 -->
  <testcase classname="B2Btestscripts.AllianceManager" name="BAM369_TC03" time="350.897">
    <system-out>
      <![CDATA[<div class="test-event"> <font color="maroon"> <small> &emsp; &emsp;--- 15 Oct 14:44:11 591 - TestCaseID:: BAM369_TC03</small> </font> </div>
<div class="test-event"> <font color="maroon"> <small> &emsp; &emsp;--- 15 Oct 14:44:13 136 - <b>1</b> - Driver::initialize::Get - ICar.support.WebDriverFactory.getDriver(WebDriverFactory.java:640)</small> </font> </div>
&emsp;<div class="test-title"> <strong><font size = "3" color = "#000080">Verify the course credit value should match with AT credit value</font> </strong> </div>&emsp;<div><strong>Steps:</strong></div><!-- Report -->&emsp;
<div class="test-event"> <font color="maroon"> <small> &emsp; &emsp;--- 15 Oct 14:44:18 691 - Page URL:: https://i-car--staging.sandbox.my.salesforce.com/</small> </font> </div>
<div class="test-event"> <font color="maroon"> <small> &emsp; &emsp;--- 15 Oct 14:44:18 691 - <b>0</b> - Page Load Wait: (Sync) - ICar.support.Utils.waitForPageLoad(Utils.java:109)</small> </font> </div>
<div class="test-message">&emsp;Successfully navigated to 'Login' Page&emsp;<a href=".\ScreenShot\BAM369_TC03_1265653765489800.png" target="_blank" >[ScreenShot]</a></div>
<div class="test-message">&emsp;1. Login page is launched.</div>
<div class="test-event"> <font color="maroon"> <small> &emsp; &emsp;--- 15 Oct 14:44:19 061 - Element is displayed:: [[ChromeDriver: chrome on WINDOWS (0bcd5bb4d941a03bd71dbb67a3e439d6)] -> id: username]</small> </font> </div>
<div class="test-event"> <font color="maroon"> <small> &emsp; &emsp;--- 15 Oct 14:44:19 129 - Element is displayed:: [[ChromeDriver: chrome on WINDOWS (0bcd5bb4d941a03bd71dbb67a3e439d6)] -> id: username]</small> </font> </div>
<div class="test-event"> <font color="maroon"> <small> &emsp; &emsp;--- 15 Oct 14:44:19 409 - Element is displayed:: [[ChromeDriver: chrome on WINDOWS (0bcd5bb4d941a03bd71dbb67a3e439d6)] -> id: password]</small> </font> </div>
<div class="test-event"> <font color="maroon"> <small> &emsp; &emsp;--- 15 Oct 14:44:19 702 - Element is displayed:: [[ChromeDriver: chrome on WINDOWS (0bcd5bb4d941a03bd71dbb67a3e439d6)] -> id: Login]</small> </font> </div>
<div class="test-event"> <font color="maroon"> <small> &emsp; &emsp;--- 15 Oct 14:44:51 034 - Catched spinner load exception due to Expected condition failed: waiting for ICar.support.WaitUtils$4@7c065515 (tried for 13 second(s) with 500 milliseconds interval)</small> </font> </div>
<div class="test-event"> <font color="maroon"> <small> &emsp; &emsp;--- 15 Oct 14:44:51 035 - <b>13</b> - Spinner Load Wait: (Sync) - ICar.support.WaitUtils.waitForSpinner(WaitUtils.java:225)</small> </font> </div>
<div class="test-event"> <font color="maroon"> <small> &emsp; &emsp;--- 15 Oct 14:45:10 804 - Catched spinner load exception due to Expected condition failed: waiting for ICar.support.WaitUtils$4@7c065515 (tried for 6 second(s) with 500 milliseconds interval)</small> </font> </div>
<div class="test-event"> <font color="maroon"> <small> &emsp; &emsp;--- 15 Oct 14:45:10 804 - <b>6</b> - Spinner Load Wait: (Sync) - ICar.support.WaitUtils.waitForSpinner(WaitUtils.java:225)</small> </font> </div>
<div class="test-event"> <font color="maroon"> <small> &emsp; &emsp;--- 15 Oct 14:45:10 884 - Element is displayed:: [[ChromeDriver: chrome on WINDOWS (0bcd5bb4d941a03bd71dbb67a3e439d6)] -> css selector: button[class*='search-button']]</small> </font> </div>
<div class="test-message">&emsp;2. Navigate to 'SalesForce Page'</div>
<div class="test-message">&emsp;Successfully navigated to 'Login' Page&emsp;<a href=".\ScreenShot\BAM369_TC03_1265705959765900.png" target="_blank" >[ScreenShot]</a></div>
<div class="test-message">&emsp;3. Enter the user credentials as : icaradminautomation1@i-car.com.staging</div>
<div class="test-event"> <font color="maroon"> <small> &emsp; &emsp;--- 15 Oct 14:45:11 778 - Page URL:: https://i-car--staging.sandbox.lightning.force.com/lightning/r/contact/0031i00000numylqa2/view</small> </font> </div>
<div class="test-event"> <font color="maroon"> <small> &emsp; &emsp;--- 15 Oct 14:45:11 778 - <b>0</b> - Page Load Wait: (Sync) - ICar.support.Utils.waitForPageLoad(Utils.java:109)</small> </font> </div>
<div class="test-event"> <font color="maroon"> <small> &emsp; &emsp;--- 15 Oct 14:45:17 479 - Page URL:: https://i-car--staging.sandbox.lightning.force.com/lightning/r/contact/0031i00000numylqa2/view</small> </font> </div>
<div class="test-event"> <font color="maroon"> <small> &emsp; &emsp;--- 15 Oct 14:45:17 479 - <b>0</b> - Page Load Wait: (Sync) - ICar.support.Utils.waitForPageLoad(Utils.java:109)</small> </font> </div>
<div class="test-message">&emsp;Close the tab</div>
<div class="test-message">&emsp;5. Search contact Name :2689442</div>
<div class="test-event"> <font color="maroon"> <small> &emsp; &emsp;--- 15 Oct 14:45:22 843 - Page URL:: https://i-car--staging.sandbox.lightning.force.com/lightning/o/account/list?filtername=__recent</small> </font> </div>
<div class="test-event"> <font color="maroon"> <small> &emsp; &emsp;--- 15 Oct 14:45:22 844 - <b>0</b> - Page Load Wait: (Sync) - ICar.support.Utils.waitForPageLoad(Utils.java:109)</small> </font> </div>
<div class="test-event"> <font color="maroon"> <small> &emsp; &emsp;--- 15 Oct 14:45:28 187 - Page URL:: https://i-car--staging.sandbox.lightning.force.com/lightning/o/account/list?filtername=__recent</small> </font> </div>
<div class="test-event"> <font color="maroon"> <small> &emsp; &emsp;--- 15 Oct 14:45:28 187 - <b>0</b> - Page Load Wait: (Sync) - ICar.support.Utils.waitForPageLoad(Utils.java:109)</small> </font> </div>
<div class="test-message">&emsp;Close the tab</div>
<div class="test-event"> <font color="maroon"> <small> &emsp; &emsp;--- 15 Oct 14:45:33 542 - Page URL:: https://i-car--staging.sandbox.lightning.force.com/lightning/o/account/list?filtername=__recent</small> </font> </div>
<div class="test-event"> <font color="maroon"> <small> &emsp; &emsp;--- 15 Oct 14:45:33 542 - <b>0</b> - Page Load Wait: (Sync) - ICar.support.Utils.waitForPageLoad(Utils.java:109)</small> </font> </div>
<div class="test-event"> <font color="maroon"> <small> &emsp; &emsp;--- 15 Oct 14:45:33 583 - Element is displayed:: [[ChromeDriver: chrome on WINDOWS (0bcd5bb4d941a03bd71dbb67a3e439d6)] -> css selector: button[class*='search-button']]</small> </font> </div>
<div class="test-event"> <font color="maroon"> <small> &emsp; &emsp;--- 15 Oct 14:45:35 691 - Catched spinner load exception due to Expected condition failed: waiting for ICar.support.WaitUtils$4@7c065515 (tried for 2 second(s) with 500 milliseconds interval)</small> </font> </div>
<div class="test-event"> <font color="maroon"> <small> &emsp; &emsp;--- 15 Oct 14:45:35 691 - <b>2</b> - Spinner Load Wait: (Sync) - ICar.support.WaitUtils.waitForSpinner(WaitUtils.java:225)</small> </font> </div>
<div class="test-event"> <font color="maroon"> <small> &emsp; &emsp;--- 15 Oct 14:45:38 793 - Element is displayed:: [[ChromeDriver: chrome on WINDOWS (0bcd5bb4d941a03bd71dbb67a3e439d6)] -> css selector: button[class*='search-button']]</small> </font> </div>
<div class="test-event"> <font color="maroon"> <small> &emsp; &emsp;--- 15 Oct 14:45:39 401 - Page URL:: https://i-car--staging.sandbox.lightning.force.com/lightning/o/account/list?filtername=__recent</small> </font> </div>
<div class="test-event"> <font color="maroon"> <small> &emsp; &emsp;--- 15 Oct 14:45:39 402 - <b>0</b> - Page Load Wait: (Sync) - ICar.support.Utils.waitForPageLoad(Utils.java:109)</small> </font> </div>
<div class="test-event"> <font color="maroon"> <small> &emsp; &emsp;--- 15 Oct 14:45:58 760 - Catched spinner load exception due to Expected condition failed: waiting for ICar.support.WaitUtils$4@7c065515 (tried for 10 second(s) with 500 milliseconds interval)</small> </font> </div>
<div class="test-event"> <font color="maroon"> <small> &emsp; &emsp;--- 15 Oct 14:45:58 760 - <b>10</b> - Spinner Load Wait: (Sync) - ICar.support.WaitUtils.waitForSpinner(WaitUtils.java:225)</small> </font> </div>
<div class="test-event"> <font color="maroon"> <small> &emsp; &emsp;--- 15 Oct 14:45:59 832 - Page URL:: https://i-car--staging.sandbox.lightning.force.com/one/one.app#eyjjb21wb25lbnrezwyioijmb3jjzvnlyxjjadpzzwfyy2hqywdlrgvza3rvccisimf0dhjpynv0zxmionsidgvybsi6iji2odk0ndiilcjzy29wzu1hcci6eyj0exblijoive9qx1jfu1vmvfmilcjuyw1lc3bhy2uioiiilcjsywjlbci6ilrvccbszxn1bhrziiwibgfizwxqbhvyywwioijub3agumvzdwx0cyisinjlc3vsdhndbxaioijmb3jjzvnlyxjjadpwcmvkawn0zwrszxn1bhrzin0simnvbnrlehqionsirklmvevsuyi6e30sinnlyxjjafnvdxjjzsi6ikftu0ltvefovf9esufmt0cilcjkaxnhymxlsw50zw50uxvlcnkiomzhbhnllcjkaxnhymxlu3blbgxdb3jyzwn0aw9uijpmywxzzswic2vhcmnorglhbg9nu2vzc2lvbklkijoinje1mdbhowetzjizns01mwyxlwe5njatztu3mgzinde2mdywiiwizgvidwdjbmzvijp7imfwce5hbwuioijjq2fyx1nlcnzpy2vfq29uc29szsisimfwcfr5cguioijdb25zb2xliiwiyxbwtmftzxnwywnlijoiyyisimxvy2f0aw9uijoizm9yy2u6b2jqzwn0sg9tzurlc2t0b3ailcjzb2jqzwn0vhlwzsi6ikfjy291bnqifx0simdyb3vwswqioijeruzbvuxuin0sinn0yxrlijp7fx0%3d</small> </font> </div>
<div class="test-event"> <font color="maroon"> <small> &emsp; &emsp;--- 15 Oct 14:45:59 832 - <b>1</b> - Page Load Wait: (Sync) - ICar.support.Utils.waitForPageLoad(Utils.java:109)</small> </font> </div>
<div class="test-event"> <font color="maroon"> <small> &emsp; &emsp;--- 15 Oct 14:46:10 952 - Catched spinner load exception due to Expected condition failed: waiting for ICar.support.WaitUtils$4@7c065515 (tried for 11 second(s) with 500 milliseconds interval)</small> </font> </div>
<div class="test-event"> <font color="maroon"> <small> &emsp; &emsp;--- 15 Oct 14:46:10 952 - <b>11</b> - Spinner Load Wait: (Sync) - ICar.support.WaitUtils.waitForSpinner(WaitUtils.java:225)</small> </font> </div>
<div class="test-event"> <font color="maroon"> <small> &emsp; &emsp;--- 15 Oct 14:46:12 018 - Page URL:: https://i-car--staging.sandbox.lightning.force.com/one/one.app#eyjjb21wb25lbnrezwyioijmb3jjzvnlyxjjadpzzwfyy2hqywdlrgvza3rvccisimf0dhjpynv0zxmionsidgvybsi6iji2odk0ndiilcjzy29wzu1hcci6eyj0exblijoive9qx1jfu1vmvfmilcjuyw1lc3bhy2uioiiilcjsywjlbci6ilrvccbszxn1bhrziiwibgfizwxqbhvyywwioijub3agumvzdwx0cyisinjlc3vsdhndbxaioijmb3jjzvnlyxjjadpwcmvkawn0zwrszxn1bhrzin0simnvbnrlehqionsirklmvevsuyi6e30sinnlyxjjafnvdxjjzsi6ikftu0ltvefovf9esufmt0cilcjkaxnhymxlsw50zw50uxvlcnkiomzhbhnllcjkaxnhymxlu3blbgxdb3jyzwn0aw9uijpmywxzzswic2vhcmnorglhbg9nu2vzc2lvbklkijoinje1mdbhowetzjizns01mwyxlwe5njatztu3mgzinde2mdywiiwizgvidwdjbmzvijp7imfwce5hbwuioijjq2fyx1nlcnzpy2vfq29uc29szsisimfwcfr5cguioijdb25zb2xliiwiyxbwtmftzxnwywnlijoiyyisimxvy2f0aw9uijoizm9yy2u6b2jqzwn0sg9tzurlc2t0b3ailcjzb2jqzwn0vhlwzsi6ikfjy291bnqifx0simdyb3vwswqioijeruzbvuxuin0sinn0yxrlijp7fx0%3d</small> </font> </div>
<div class="test-event"> <font color="maroon"> <small> &emsp; &emsp;--- 15 Oct 14:46:12 019 - <b>1</b> - Page Load Wait: (Sync) - ICar.support.Utils.waitForPageLoad(Utils.java:109)</small> </font> </div>
<div class="test-event"> <font color="maroon"> <small> &emsp; &emsp;--- 15 Oct 14:46:12 083 - Element is displayed:: [[ChromeDriver: chrome on WINDOWS (0bcd5bb4d941a03bd71dbb67a3e439d6)] -> xpath: //a[@title='Top Results']//span[text()='Top Results']]</small> </font> </div>
<div class="test-event"> <font color="maroon"> <small> &emsp; &emsp;--- 15 Oct 14:46:12 643 - Page URL:: https://i-car--staging.sandbox.lightning.force.com/one/one.app#eyjjb21wb25lbnrezwyioijmb3jjzvnlyxjjadpzzwfyy2hqywdlrgvza3rvccisimf0dhjpynv0zxmionsidgvybsi6iji2odk0ndiilcjzy29wzu1hcci6eyj0exblijoive9qx1jfu1vmvfmilcjuyw1lc3bhy2uioiiilcjsywjlbci6ilrvccbszxn1bhrziiwibgfizwxqbhvyywwioijub3agumvzdwx0cyisinjlc3vsdhndbxaioijmb3jjzvnlyxjjadpwcmvkawn0zwrszxn1bhrzin0simnvbnrlehqionsirklmvevsuyi6e30sinnlyxjjafnvdxjjzsi6ikftu0ltvefovf9esufmt0cilcjkaxnhymxlsw50zw50uxvlcnkiomzhbhnllcjkaxnhymxlu3blbgxdb3jyzwn0aw9uijpmywxzzswic2vhcmnorglhbg9nu2vzc2lvbklkijoinje1mdbhowetzjizns01mwyxlwe5njatztu3mgzinde2mdywiiwizgvidwdjbmzvijp7imfwce5hbwuioijjq2fyx1nlcnzpy2vfq29uc29szsisimfwcfr5cguioijdb25zb2xliiwiyxbwtmftzxnwywnlijoiyyisimxvy2f0aw9uijoizm9yy2u6b2jqzwn0sg9tzurlc2t0b3ailcjzb2jqzwn0vhlwzsi6ikfjy291bnqifx0simdyb3vwswqioijeruzbvuxuin0sinn0yxrlijp7fx0%3d</small> </font> </div>
<div class="test-event"> <font color="maroon"> <small> &emsp; &emsp;--- 15 Oct 14:46:12 643 - <b>0</b> - Page Load Wait: (Sync) - ICar.support.Utils.waitForPageLoad(Utils.java:109)</small> </font> </div>
<div class="test-event"> <font color="maroon"> <small> &emsp; &emsp;--- 15 Oct 14:46:18 092 - Catched spinner load exception due to Expected condition failed: waiting for ICar.support.WaitUtils$4@7c065515 (tried for 5 second(s) with 500 milliseconds interval)</small> </font> </div>
<div class="test-event"> <font color="maroon"> <small> &emsp; &emsp;--- 15 Oct 14:46:18 092 - <b>5</b> - Spinner Load Wait: (Sync) - ICar.support.WaitUtils.waitForSpinner(WaitUtils.java:225)</small> </font> </div>
<div class="test-event"> <font color="maroon"> <small> &emsp; &emsp;--- 15 Oct 14:46:19 145 - Page URL:: https://i-car--staging.sandbox.lightning.force.com/one/one.app#eyjjb21wb25lbnrezwyioijmb3jjzvnlyxjjadpzzwfyy2hqywdlrgvza3rvccisimf0dhjpynv0zxmionsidgvybsi6iji2odk0ndiilcjzy29wzu1hcci6eyj0exblijoive9qx1jfu1vmvfmilcjuyw1lc3bhy2uioiiilcjsywjlbci6ilrvccbszxn1bhrziiwibgfizwxqbhvyywwioijub3agumvzdwx0cyisinjlc3vsdhndbxaioijmb3jjzvnlyxjjadpwcmvkawn0zwrszxn1bhrzin0simnvbnrlehqionsirklmvevsuyi6e30sinnlyxjjafnvdxjjzsi6ikftu0ltvefovf9esufmt0cilcjkaxnhymxlsw50zw50uxvlcnkiomzhbhnllcjkaxnhymxlu3blbgxdb3jyzwn0aw9uijpmywxzzswic2vhcmnorglhbg9nu2vzc2lvbklkijoinje1mdbhowetzjizns01mwyxlwe5njatztu3mgzinde2mdywiiwizgvidwdjbmzvijp7imfwce5hbwuioijjq2fyx1nlcnzpy2vfq29uc29szsisimfwcfr5cguioijdb25zb2xliiwiyxbwtmftzxnwywnlijoiyyisimxvy2f0aw9uijoizm9yy2u6b2jqzwn0sg9tzurlc2t0b3ailcjzb2jqzwn0vhlwzsi6ikfjy291bnqifx0simdyb3vwswqioijeruzbvuxuin0sinn0yxrlijp7fx0%3d</small> </font> </div>
<div class="test-event"> <font color="maroon"> <small> &emsp; &emsp;--- 15 Oct 14:46:19 145 - <b>1</b> - Page Load Wait: (Sync) - ICar.support.Utils.waitForPageLoad(Utils.java:109)</small> </font> </div>
<div class="test-event"> <font color="maroon"> <small> &emsp; &emsp;--- 15 Oct 14:46:20 315 - Page URL:: https://i-car--staging.sandbox.lightning.force.com/one/one.app#eyjjb21wb25lbnrezwyioijmb3jjzvnlyxjjadpzzwfyy2hqywdlrgvza3rvccisimf0dhjpynv0zxmionsidgvybsi6iji2odk0ndiilcjzy29wzu1hcci6eyj0exblijoive9qx1jfu1vmvfmilcjuyw1lc3bhy2uioiiilcjsywjlbci6ilrvccbszxn1bhrziiwibgfizwxqbhvyywwioijub3agumvzdwx0cyisinjlc3vsdhndbxaioijmb3jjzvnlyxjjadpwcmvkawn0zwrszxn1bhrzin0simnvbnrlehqionsirklmvevsuyi6e30sinnlyxjjafnvdxjjzsi6ikftu0ltvefovf9esufmt0cilcjkaxnhymxlsw50zw50uxvlcnkiomzhbhnllcjkaxnhymxlu3blbgxdb3jyzwn0aw9uijpmywxzzswic2vhcmnorglhbg9nu2vzc2lvbklkijoinje1mdbhowetzjizns01mwyxlwe5njatztu3mgzinde2mdywiiwizgvidwdjbmzvijp7imfwce5hbwuioijjq2fyx1nlcnzpy2vfq29uc29szsisimfwcfr5cguioijdb25zb2xliiwiyxbwtmftzxnwywnlijoiyyisimxvy2f0aw9uijoizm9yy2u6b2jqzwn0sg9tzurlc2t0b3ailcjzb2jqzwn0vhlwzsi6ikfjy291bnqifx0simdyb3vwswqioijeruzbvuxuin0sinn0yxrlijp7fx0%3d</small> </font> </div>
<div class="test-event"> <font color="maroon"> <small> &emsp; &emsp;--- 15 Oct 14:46:20 315 - <b>1</b> - Page Load Wait: (Sync) - ICar.support.Utils.waitForPageLoad(Utils.java:109)</small> </font> </div>
<div class="test-event"> <font color="maroon"> <small> &emsp; &emsp;--- 15 Oct 14:46:21 462 - Page URL:: https://i-car--staging.sandbox.lightning.force.com/one/one.app#eyjjb21wb25lbnrezwyioijmb3jjzvnlyxjjadpzzwfyy2hqywdlrgvza3rvccisimf0dhjpynv0zxmionsidgvybsi6iji2odk0ndiilcjzy29wzu1hcci6eyj0exblijoive9qx1jfu1vmvfmilcjuyw1lc3bhy2uioiiilcjsywjlbci6ilrvccbszxn1bhrziiwibgfizwxqbhvyywwioijub3agumvzdwx0cyisinjlc3vsdhndbxaioijmb3jjzvnlyxjjadpwcmvkawn0zwrszxn1bhrzin0simnvbnrlehqionsirklmvevsuyi6e30sinnlyxjjafnvdxjjzsi6ikftu0ltvefovf9esufmt0cilcjkaxnhymxlsw50zw50uxvlcnkiomzhbhnllcjkaxnhymxlu3blbgxdb3jyzwn0aw9uijpmywxzzswic2vhcmnorglhbg9nu2vzc2lvbklkijoinje1mdbhowetzjizns01mwyxlwe5njatztu3mgzinde2mdywiiwizgvidwdjbmzvijp7imfwce5hbwuioijjq2fyx1nlcnzpy2vfq29uc29szsisimfwcfr5cguioijdb25zb2xliiwiyxbwtmftzxnwywnlijoiyyisimxvy2f0aw9uijoizm9yy2u6b2jqzwn0sg9tzurlc2t0b3ailcjzb2jqzwn0vhlwzsi6ikfjy291bnqifx0simdyb3vwswqioijeruzbvuxuin0sinn0yxrlijp7fx0%3d</small> </font> </div>
<div class="test-event"> <font color="maroon"> <small> &emsp; &emsp;--- 15 Oct 14:46:21 462 - <b>1</b> - Page Load Wait: (Sync) - ICar.support.Utils.waitForPageLoad(Utils.java:109)</small> </font> </div>
<div class="test-event"> <font color="maroon"> <small> &emsp; &emsp;--- 15 Oct 14:46:29 863 - Catched spinner load exception due to Expected condition failed: waiting for ICar.support.WaitUtils$4@7c065515 (tried for 8 second(s) with 500 milliseconds interval)</small> </font> </div>
<div class="test-event"> <font color="maroon"> <small> &emsp; &emsp;--- 15 Oct 14:46:29 863 - <b>8</b> - Spinner Load Wait: (Sync) - ICar.support.WaitUtils.waitForSpinner(WaitUtils.java:225)</small> </font> </div>
<div class="test-event"> <font color="maroon"> <small> &emsp; &emsp;--- 15 Oct 14:46:30 816 - Page URL:: https://i-car--staging.sandbox.lightning.force.com/one/one.app#eyjjb21wb25lbnrezwyioijmb3jjzvnlyxjjadpzzwfyy2hqywdlrgvza3rvccisimf0dhjpynv0zxmionsidgvybsi6iji2odk0ndiilcjzy29wzu1hcci6eyj0exblijoive9qx1jfu1vmvfmilcjuyw1lc3bhy2uioiiilcjsywjlbci6ilrvccbszxn1bhrziiwibgfizwxqbhvyywwioijub3agumvzdwx0cyisinjlc3vsdhndbxaioijmb3jjzvnlyxjjadpwcmvkawn0zwrszxn1bhrzin0simnvbnrlehqionsirklmvevsuyi6e30sinnlyxjjafnvdxjjzsi6ikftu0ltvefovf9esufmt0cilcjkaxnhymxlsw50zw50uxvlcnkiomzhbhnllcjkaxnhymxlu3blbgxdb3jyzwn0aw9uijpmywxzzswic2vhcmnorglhbg9nu2vzc2lvbklkijoinje1mdbhowetzjizns01mwyxlwe5njatztu3mgzinde2mdywiiwizgvidwdjbmzvijp7imfwce5hbwuioijjq2fyx1nlcnzpy2vfq29uc29szsisimfwcfr5cguioijdb25zb2xliiwiyxbwtmftzxnwywnlijoiyyisimxvy2f0aw9uijoizm9yy2u6b2jqzwn0sg9tzurlc2t0b3ailcjzb2jqzwn0vhlwzsi6ikfjy291bnqifx0simdyb3vwswqioijeruzbvuxuin0sinn0yxrlijp7fx0%3d</small> </font> </div>
<div class="test-event"> <font color="maroon"> <small> &emsp; &emsp;--- 15 Oct 14:46:30 816 - <b>0</b> - Page Load Wait: (Sync) - ICar.support.Utils.waitForPageLoad(Utils.java:109)</small> </font> </div>
<div class="test-event"> <font color="maroon"> <small> &emsp; &emsp;--- 15 Oct 14:46:33 003 - Element is displayed:: [[ChromeDriver: chrome on WINDOWS (0bcd5bb4d941a03bd71dbb67a3e439d6)] -> xpath: //div[contains(@class,'forceSearchResultsRegion')]//div[contains(@class,'resultsMultiWrapper')]/div/div[1]//following::h2//a]</small> </font> </div>
<div class="test-event"> <font color="maroon"> <small> &emsp; &emsp;--- 15 Oct 14:46:33 263 - Element is displayed:: [[ChromeDriver: chrome on WINDOWS (0bcd5bb4d941a03bd71dbb67a3e439d6)] -> xpath: //a[text()='Contacts']]</small> </font> </div>
<div class="test-event"> <font color="maroon"> <small> &emsp; &emsp;--- 15 Oct 14:46:37 531 - Element is displayed:: [[ChromeDriver: chrome on WINDOWS (0bcd5bb4d941a03bd71dbb67a3e439d6)] -> xpath: //div[text()='Contacts']//following :: table//tbody//th//span /a]</small> </font> </div>
<div class="test-message">&emsp;6. Navigated to Community portal using Access shopping cart </div>
<div class="test-event"> <font color="maroon"> <small> &emsp; &emsp;--- 15 Oct 14:46:53 163 - Catched spinner load exception due to Expected condition failed: waiting for ICar.support.WaitUtils$4@7c065515 (tried for 15 second(s) with 500 milliseconds interval)</small> </font> </div>
<div class="test-event"> <font color="maroon"> <small> &emsp; &emsp;--- 15 Oct 14:46:53 164 - <b>15</b> - Spinner Load Wait: (Sync) - ICar.support.WaitUtils.waitForSpinner(WaitUtils.java:225)</small> </font> </div>
<div class="test-event"> <font color="maroon"> <small> &emsp; &emsp;--- 15 Oct 14:46:53 911 - Page URL:: https://i-car--staging.sandbox.lightning.force.com/lightning/r/contact/0031i00000numylqa2/view</small> </font> </div>
<div class="test-event"> <font color="maroon"> <small> &emsp; &emsp;--- 15 Oct 14:46:53 912 - <b>0</b> - Page Load Wait: (Sync) - ICar.support.Utils.waitForPageLoad(Utils.java:109)</small> </font> </div>
<div class="test-event"> <font color="maroon"> <small> &emsp; &emsp;--- 15 Oct 14:47:09 135 - Catched spinner load exception due to Expected condition failed: waiting for ICar.support.WaitUtils$4@7c065515 (tried for 15 second(s) with 500 milliseconds interval)</small> </font> </div>
<div class="test-event"> <font color="maroon"> <small> &emsp; &emsp;--- 15 Oct 14:47:09 135 - <b>15</b> - Spinner Load Wait: (Sync) - ICar.support.WaitUtils.waitForSpinner(WaitUtils.java:225)</small> </font> </div>
<div class="test-event"> <font color="maroon"> <small> &emsp; &emsp;--- 15 Oct 14:47:09 203 - Element is displayed:: [[ChromeDriver: chrome on WINDOWS (0bcd5bb4d941a03bd71dbb67a3e439d6)] -> xpath: //button[text()='Access Shopping Cart - New']]</small> </font> </div>
<div class="test-event"> <font color="maroon"> <small> &emsp; &emsp;--- 15 Oct 14:47:11 318 - Element is displayed:: [[ChromeDriver: chrome on WINDOWS (0bcd5bb4d941a03bd71dbb67a3e439d6)] -> xpath: //button[text()='Access Shopping Cart - New']]</small> </font> </div>
<div class="test-event"> <font color="maroon"> <small> &emsp; &emsp;--- 15 Oct 14:47:20 356 - Page URL:: https://i-car--staging.sandbox.lightning.force.com/lightning/r/contact/0031i00000numylqa2/view</small> </font> </div>
<div class="test-event"> <font color="maroon"> <small> &emsp; &emsp;--- 15 Oct 14:47:20 356 - <b>0</b> - Page Load Wait: (Sync) - ICar.support.Utils.waitForPageLoad(Utils.java:109)</small> </font> </div>
<div class="test-event"> <font color="maroon"> <small> &emsp; &emsp;--- 15 Oct 14:47:43 055 - Catched spinner load exception due to Expected condition failed: waiting for ICar.support.WaitUtils$4@7c065515 (tried for 10 second(s) with 500 milliseconds interval)</small> </font> </div>
<div class="test-event"> <font color="maroon"> <small> &emsp; &emsp;--- 15 Oct 14:47:43 055 - <b>10</b> - Spinner Load Wait: (Sync) - ICar.support.WaitUtils.waitForSpinner(WaitUtils.java:225)</small> </font> </div>
<div class="test-event"> <font color="maroon"> <small> &emsp; &emsp;--- 15 Oct 14:47:43 133 - Element is displayed:: [[ChromeDriver: chrome on WINDOWS (0bcd5bb4d941a03bd71dbb67a3e439d6)] -> xpath: //button[@value='Launch My Learning']]</small> </font> </div>
<div class="test-message">&emsp;Successfully navigated to 'User Home' Page&emsp;<a href=".\ScreenShot\BAM369_TC03_1265858207233400.png" target="_blank" >[ScreenShot]</a></div>
<div class="test-event"> <font color="maroon"> <small> &emsp; &emsp;--- 15 Oct 14:47:53 656 - Catched spinner load exception due to Expected condition failed: waiting for ICar.support.WaitUtils$4@7c065515 (tried for 10 second(s) with 500 milliseconds interval)</small> </font> </div>
<div class="test-event"> <font color="maroon"> <small> &emsp; &emsp;--- 15 Oct 14:47:53 656 - <b>10</b> - Spinner Load Wait: (Sync) - ICar.support.WaitUtils.waitForSpinner(WaitUtils.java:225)</small> </font> </div>
<div class="test-message">&emsp;7. Navigvate to the Student Alliance Training Page</div>
<div class="test-event"> <font color="maroon"> <small> &emsp; &emsp;--- 15 Oct 14:47:53 860 - Page URL:: https://www.icarstage.com/</small> </font> </div>
<div class="test-event"> <font color="maroon"> <small> &emsp; &emsp;--- 15 Oct 14:47:53 860 - <b>0</b> - Page Load Wait: (Sync) - ICar.support.Utils.waitForPageLoad(Utils.java:109)</small> </font> </div>
<div class="test-event"> <font color="maroon"> <small> &emsp; &emsp;--- 15 Oct 14:47:53 919 - Element is displayed:: [[ChromeDriver: chrome on WINDOWS (0bcd5bb4d941a03bd71dbb67a3e439d6)] -> xpath: //p[text()='Launch My Learning']]</small> </font> </div>
<div class="test-event"> <font color="maroon"> <small> &emsp; &emsp;--- 15 Oct 14:47:53 963 - Element is displayed:: [[ChromeDriver: chrome on WINDOWS (0bcd5bb4d941a03bd71dbb67a3e439d6)] -> xpath: //a[text()='Gold Class Planner']]</small> </font> </div>
<div class="test-event"> <font color="maroon"> <small> &emsp; &emsp;--- 15 Oct 14:47:56 059 - Element is displayed:: [[ChromeDriver: chrome on WINDOWS (0bcd5bb4d941a03bd71dbb67a3e439d6)] -> xpath: //a[text()='Gold Class Planner']]</small> </font> </div>
<div class="test-event"> <font color="maroon"> <small> &emsp; &emsp;--- 15 Oct 14:48:13 937 - Catched spinner load exception due to Expected condition failed: waiting for ICar.support.WaitUtils$4@7c065515 (tried for 15 second(s) with 500 milliseconds interval)</small> </font> </div>
<div class="test-event"> <font color="maroon"> <small> &emsp; &emsp;--- 15 Oct 14:48:13 937 - <b>15</b> - Spinner Load Wait: (Sync) - ICar.support.WaitUtils.waitForSpinner(WaitUtils.java:225)</small> </font> </div>
<div class="test-event"> <font color="maroon"> <small> &emsp; &emsp;--- 15 Oct 14:48:14 148 - Page URL:: https://www.icarstage.com/gold-class-planner</small> </font> </div>
<div class="test-event"> <font color="maroon"> <small> &emsp; &emsp;--- 15 Oct 14:48:14 148 - <b>0</b> - Page Load Wait: (Sync) - ICar.support.Utils.waitForPageLoad(Utils.java:109)</small> </font> </div>
<div class="test-message">&emsp;8. Select the Location</div>
<div class="test-event"> <font color="maroon"> <small> &emsp; &emsp;--- 15 Oct 14:48:32 597 - Unable to find a element after 10 sec ==> Proxy element for: AjaxElementLocator 'By.xpath: //button[text()='OK']'</small> </font> </div>
<div class="test-event"> <font color="maroon"> <small> &emsp; &emsp;--- 15 Oct 14:48:32 757 - Page URL:: https://www.icarstage.com/gold-class-planner</small> </font> </div>
<div class="test-event"> <font color="maroon"> <small> &emsp; &emsp;--- 15 Oct 14:48:32 757 - <b>0</b> - Page Load Wait: (Sync) - ICar.support.Utils.waitForPageLoad(Utils.java:109)</small> </font> </div>
<div class="test-event"> <font color="maroon"> <small> &emsp; &emsp;--- 15 Oct 14:48:34 848 - Element is displayed:: [[ChromeDriver: chrome on WINDOWS (0bcd5bb4d941a03bd71dbb67a3e439d6)] -> xpath: //slot/p[text()='Select Location']//following::div//button[@name='shopSelect']]</small> </font> </div>
<div class="test-event"> <font color="maroon"> <small> &emsp; &emsp;--- 15 Oct 14:48:38 083 - Page URL:: https://www.icarstage.com/gold-class-planner</small> </font> </div>
<div class="test-event"> <font color="maroon"> <small> &emsp; &emsp;--- 15 Oct 14:48:38 083 - <b>0</b> - Page Load Wait: (Sync) - ICar.support.Utils.waitForPageLoad(Utils.java:109)</small> </font> </div>
<div class="test-event"> <font color="maroon"> <small> &emsp; &emsp;--- 15 Oct 14:48:40 185 - Catched spinner load exception due to Expected condition failed: waiting for ICar.support.WaitUtils$4@7c065515 (tried for 2 second(s) with 500 milliseconds interval)</small> </font> </div>
<div class="test-event"> <font color="maroon"> <small> &emsp; &emsp;--- 15 Oct 14:48:40 186 - <b>2</b> - Spinner Load Wait: (Sync) - ICar.support.WaitUtils.waitForSpinner(WaitUtils.java:225)</small> </font> </div>
<div class="test-message">&emsp;9. Click the Anual Training</div>
<div class="test-event"> <font color="maroon"> <small> &emsp; &emsp;--- 15 Oct 14:48:40 345 - Page URL:: https://www.icarstage.com/gold-class-planner</small> </font> </div>
<div class="test-event"> <font color="maroon"> <small> &emsp; &emsp;--- 15 Oct 14:48:40 345 - <b>0</b> - Page Load Wait: (Sync) - ICar.support.Utils.waitForPageLoad(Utils.java:109)</small> </font> </div>
<div class="test-event"> <font color="maroon"> <small> &emsp; &emsp;--- 15 Oct 14:48:45 512 - Catched spinner load exception due to Expected condition failed: waiting for ICar.support.WaitUtils$4@7c065515 (tried for 5 second(s) with 500 milliseconds interval)</small> </font> </div>
<div class="test-event"> <font color="maroon"> <small> &emsp; &emsp;--- 15 Oct 14:48:45 512 - <b>5</b> - Spinner Load Wait: (Sync) - ICar.support.WaitUtils.waitForSpinner(WaitUtils.java:225)</small> </font> </div>
<div class="test-message">&emsp;10. Get the Course Credit Value</div>
<div class="test-event"> <font color="maroon"> <small> &emsp; &emsp;--- 15 Oct 14:49:00 824 - Element is displayed:: [[ChromeDriver: chrome on WINDOWS (0bcd5bb4d941a03bd71dbb67a3e439d6)] -> xpath: //button[@aria-label='Cancel and close']]</small> </font> </div>
<div class="test-message">&emsp;11. Search the value in search bar</div>
<div class="test-event"> <font color="maroon"> <small> &emsp; &emsp;--- 15 Oct 14:49:09 057 - Page URL:: https://www.icarstage.com/gold-class-planner</small> </font> </div>
<div class="test-event"> <font color="maroon"> <small> &emsp; &emsp;--- 15 Oct 14:49:09 057 - <b>0</b> - Page Load Wait: (Sync) - ICar.support.Utils.waitForPageLoad(Utils.java:109)</small> </font> </div>
<div class="test-event"> <font color="maroon"> <small> &emsp; &emsp;--- 15 Oct 14:49:19 416 - Catched spinner load exception due to Expected condition failed: waiting for ICar.support.WaitUtils$4@7c065515 (tried for 10 second(s) with 500 milliseconds interval)</small> </font> </div>
<div class="test-event"> <font color="maroon"> <small> &emsp; &emsp;--- 15 Oct 14:49:19 416 - <b>10</b> - Spinner Load Wait: (Sync) - ICar.support.WaitUtils.waitForSpinner(WaitUtils.java:225)</small> </font> </div>
<div class="test-event"> <font color="maroon"> <small> &emsp; &emsp;--- 15 Oct 14:49:19 481 - Element is displayed:: [[ChromeDriver: chrome on WINDOWS (0bcd5bb4d941a03bd71dbb67a3e439d6)] -> xpath: //input[@class='slds-input searchInputCls']]</small> </font> </div>
<div class="test-event"> <font color="maroon"> <small> &emsp; &emsp;--- 15 Oct 14:49:35 995 - Catched spinner load exception due to Expected condition failed: waiting for ICar.support.WaitUtils$4@7c065515 (tried for 14 second(s) with 500 milliseconds interval)</small> </font> </div>
<div class="test-event"> <font color="maroon"> <small> &emsp; &emsp;--- 15 Oct 14:49:35 996 - <b>14</b> - Spinner Load Wait: (Sync) - ICar.support.WaitUtils.waitForSpinner(WaitUtils.java:225)</small> </font> </div>
<div class="test-event"> <font color="maroon"> <small> &emsp; &emsp;--- 15 Oct 14:49:51 080 - Catched spinner load exception due to Expected condition failed: waiting for ICar.support.WaitUtils$4@7c065515 (tried for 15 second(s) with 500 milliseconds interval)</small> </font> </div>
<div class="test-event"> <font color="maroon"> <small> &emsp; &emsp;--- 15 Oct 14:49:51 080 - <b>15</b> - Spinner Load Wait: (Sync) - ICar.support.WaitUtils.waitForSpinner(WaitUtils.java:225)</small> </font> </div>
<div class="test-event"> <font color="maroon"> <small> &emsp; &emsp;--- 15 Oct 14:49:53 149 - Element is displayed:: [[ChromeDriver: chrome on WINDOWS (0bcd5bb4d941a03bd71dbb67a3e439d6)] -> xpath: //td[@data-label='ProductName']//a]</small> </font> </div>
<div class="test-event"> <font color="maroon"> <small> &emsp; &emsp;--- 15 Oct 14:49:55 411 - Page URL:: https://www.icarstage.com/product/acura-nsx-aluminum-repair-and-refinishing/01tdi000007teoziam</small> </font> </div>
<div class="test-event"> <font color="maroon"> <small> &emsp; &emsp;--- 15 Oct 14:49:55 412 - <b>0</b> - Page Load Wait: (Sync) - ICar.support.Utils.waitForPageLoad(Utils.java:109)</small> </font> </div>
<div class="test-message">&emsp;12. Verify the Credit Value</div>
<div class="test-event"> <font color="maroon"> <small> &emsp; &emsp;--- 15 Oct 14:49:55 571 - Page URL:: https://www.icarstage.com/product/acura-nsx-aluminum-repair-and-refinishing/01tdi000007teoziam</small> </font> </div>
<div class="test-event"> <font color="maroon"> <small> &emsp; &emsp;--- 15 Oct 14:49:55 571 - <b>0</b> - Page Load Wait: (Sync) - ICar.support.Utils.waitForPageLoad(Utils.java:109)</small> </font> </div>
<div class="test-event"> <font color="maroon"> <small> &emsp; &emsp;--- 15 Oct 14:50:00 884 - Catched spinner load exception due to Expected condition failed: waiting for ICar.support.WaitUtils$4@7c065515 (tried for 5 second(s) with 500 milliseconds interval)</small> </font> </div>
<div class="test-event"> <font color="maroon"> <small> &emsp; &emsp;--- 15 Oct 14:50:00 884 - <b>5</b> - Spinner Load Wait: (Sync) - ICar.support.WaitUtils.waitForSpinner(WaitUtils.java:225)</small> </font> </div>
<div class="test-message">&emsp;Successfully verified the credit value&emsp;<a href=".\ScreenShot\BAM369_TC03_1265998012390100.png" target="_blank" >[ScreenShot]</a></div>
<div class="test-result"><br><font color="green"><strong> Test Passed. </strong></font> </div>&emsp;
&emsp;<div class="test-title"> <strong><font size = "3" color = "#0000FF">---Test Execution Ends---</font> </strong> </div>&emsp;]]>
    </system-out>
  </testcase> <!-- BAM369_TC03 -->
  <testcase classname="B2Btestscripts.AllianceManager" name="BAM369_TC05" time="301.281">
    <system-out>
      <![CDATA[<div class="test-event"> <font color="maroon"> <small> &emsp; &emsp;--- 15 Oct 14:55:06 970 - TestCaseID:: BAM369_TC05</small> </font> </div>
<div class="test-event"> <font color="maroon"> <small> &emsp; &emsp;--- 15 Oct 14:55:08 177 - <b>1</b> - Driver::initialize::Get - ICar.support.WebDriverFactory.getDriver(WebDriverFactory.java:640)</small> </font> </div>
&emsp;<div class="test-title"> <strong><font size = "3" color = "#000080">Verify Course Credit column added in the Other I-CAR Courses tab</font> </strong> </div>&emsp;<div><strong>Steps:</strong></div><!-- Report -->&emsp;
<div class="test-event"> <font color="maroon"> <small> &emsp; &emsp;--- 15 Oct 14:55:13 017 - Page URL:: https://i-car--staging.sandbox.my.salesforce.com/</small> </font> </div>
<div class="test-event"> <font color="maroon"> <small> &emsp; &emsp;--- 15 Oct 14:55:13 018 - <b>0</b> - Page Load Wait: (Sync) - ICar.support.Utils.waitForPageLoad(Utils.java:109)</small> </font> </div>
<div class="test-message">&emsp;Successfully navigated to 'Login' Page&emsp;<a href=".\ScreenShot\BAM369_TC05_1266308091800000.png" target="_blank" >[ScreenShot]</a></div>
<div class="test-message">&emsp;1. Login page is launched.</div>
<div class="test-event"> <font color="maroon"> <small> &emsp; &emsp;--- 15 Oct 14:55:13 268 - Element is displayed:: [[ChromeDriver: chrome on WINDOWS (7ac77d42de073a4ea8be7e8f5db39a86)] -> id: username]</small> </font> </div>
<div class="test-event"> <font color="maroon"> <small> &emsp; &emsp;--- 15 Oct 14:55:13 327 - Element is displayed:: [[ChromeDriver: chrome on WINDOWS (7ac77d42de073a4ea8be7e8f5db39a86)] -> id: username]</small> </font> </div>
<div class="test-event"> <font color="maroon"> <small> &emsp; &emsp;--- 15 Oct 14:55:14 675 - Element is displayed:: [[ChromeDriver: chrome on WINDOWS (7ac77d42de073a4ea8be7e8f5db39a86)] -> id: password]</small> </font> </div>
<div class="test-event"> <font color="maroon"> <small> &emsp; &emsp;--- 15 Oct 14:55:14 939 - Element is displayed:: [[ChromeDriver: chrome on WINDOWS (7ac77d42de073a4ea8be7e8f5db39a86)] -> id: Login]</small> </font> </div>
<div class="test-event"> <font color="maroon"> <small> &emsp; &emsp;--- 15 Oct 14:55:43 674 - Catched spinner load exception due to Expected condition failed: waiting for ICar.support.WaitUtils$4@7c065515 (tried for 13 second(s) with 500 milliseconds interval)</small> </font> </div>
<div class="test-event"> <font color="maroon"> <small> &emsp; &emsp;--- 15 Oct 14:55:43 675 - <b>13</b> - Spinner Load Wait: (Sync) - ICar.support.WaitUtils.waitForSpinner(WaitUtils.java:225)</small> </font> </div>
<div class="test-event"> <font color="maroon"> <small> &emsp; &emsp;--- 15 Oct 14:56:03 936 - Catched spinner load exception due to Expected condition failed: waiting for ICar.support.WaitUtils$4@7c065515 (tried for 6 second(s) with 500 milliseconds interval)</small> </font> </div>
<div class="test-event"> <font color="maroon"> <small> &emsp; &emsp;--- 15 Oct 14:56:03 936 - <b>6</b> - Spinner Load Wait: (Sync) - ICar.support.WaitUtils.waitForSpinner(WaitUtils.java:225)</small> </font> </div>
<div class="test-event"> <font color="maroon"> <small> &emsp; &emsp;--- 15 Oct 14:56:04 061 - Element is displayed:: [[ChromeDriver: chrome on WINDOWS (7ac77d42de073a4ea8be7e8f5db39a86)] -> css selector: button[class*='search-button']]</small> </font> </div>
<div class="test-message">&emsp;2. Navigate to 'SalesForce Page'</div>
<div class="test-message">&emsp;Successfully navigated to 'Login' Page&emsp;<a href=".\ScreenShot\BAM369_TC05_1266359134449800.png" target="_blank" >[ScreenShot]</a></div>
<div class="test-message">&emsp;3. Enter the user credentials as : icaradminautomation1@i-car.com.staging</div>
<div class="test-event"> <font color="maroon"> <small> &emsp; &emsp;--- 15 Oct 14:56:05 322 - Page URL:: https://i-car--staging.sandbox.lightning.force.com/lightning/r/contact/0031i00000nubbsqae/related/enrollment_contact__r/view?ws=%2flightning%2fr%2faccount%2f0011i00000uwgzrqam%2fview</small> </font> </div>
<div class="test-event"> <font color="maroon"> <small> &emsp; &emsp;--- 15 Oct 14:56:05 322 - <b>0</b> - Page Load Wait: (Sync) - ICar.support.Utils.waitForPageLoad(Utils.java:109)</small> </font> </div>
<div class="test-event"> <font color="maroon"> <small> &emsp; &emsp;--- 15 Oct 14:56:10 806 - Page URL:: https://i-car--staging.sandbox.lightning.force.com/lightning/r/contact/0031i00000nubbsqae/related/enrollment_contact__r/view?ws=%2flightning%2fr%2faccount%2f0011i00000uwgzrqam%2fview</small> </font> </div>
<div class="test-event"> <font color="maroon"> <small> &emsp; &emsp;--- 15 Oct 14:56:10 807 - <b>0</b> - Page Load Wait: (Sync) - ICar.support.Utils.waitForPageLoad(Utils.java:109)</small> </font> </div>
<div class="test-message">&emsp;5. Search contact Name2292730</div>
<div class="test-event"> <font color="maroon"> <small> &emsp; &emsp;--- 15 Oct 14:56:15 488 - Page URL:: https://i-car--staging.sandbox.lightning.force.com/lightning/r/contact/0031i00000nubbsqae/related/enrollment_contact__r/view?ws=%2flightning%2fr%2faccount%2f0011i00000uwgzrqam%2fview</small> </font> </div>
<div class="test-event"> <font color="maroon"> <small> &emsp; &emsp;--- 15 Oct 14:56:15 488 - <b>0</b> - Page Load Wait: (Sync) - ICar.support.Utils.waitForPageLoad(Utils.java:109)</small> </font> </div>
<div class="test-event"> <font color="maroon"> <small> &emsp; &emsp;--- 15 Oct 14:56:20 924 - Page URL:: https://i-car--staging.sandbox.lightning.force.com/lightning/o/account/list?filtername=__recent</small> </font> </div>
<div class="test-event"> <font color="maroon"> <small> &emsp; &emsp;--- 15 Oct 14:56:20 924 - <b>0</b> - Page Load Wait: (Sync) - ICar.support.Utils.waitForPageLoad(Utils.java:109)</small> </font> </div>
<div class="test-message">&emsp;Close the tab</div>
<div class="test-event"> <font color="maroon"> <small> &emsp; &emsp;--- 15 Oct 14:56:26 511 - Page URL:: https://i-car--staging.sandbox.lightning.force.com/lightning/o/account/list?filtername=__recent</small> </font> </div>
<div class="test-event"> <font color="maroon"> <small> &emsp; &emsp;--- 15 Oct 14:56:26 511 - <b>0</b> - Page Load Wait: (Sync) - ICar.support.Utils.waitForPageLoad(Utils.java:109)</small> </font> </div>
<div class="test-event"> <font color="maroon"> <small> &emsp; &emsp;--- 15 Oct 14:56:26 562 - Element is displayed:: [[ChromeDriver: chrome on WINDOWS (7ac77d42de073a4ea8be7e8f5db39a86)] -> css selector: button[class*='search-button']]</small> </font> </div>
<div class="test-event"> <font color="maroon"> <small> &emsp; &emsp;--- 15 Oct 14:56:28 860 - Catched spinner load exception due to Expected condition failed: waiting for ICar.support.WaitUtils$4@7c065515 (tried for 2 second(s) with 500 milliseconds interval)</small> </font> </div>
<div class="test-event"> <font color="maroon"> <small> &emsp; &emsp;--- 15 Oct 14:56:28 860 - <b>2</b> - Spinner Load Wait: (Sync) - ICar.support.WaitUtils.waitForSpinner(WaitUtils.java:225)</small> </font> </div>
<div class="test-event"> <font color="maroon"> <small> &emsp; &emsp;--- 15 Oct 14:56:31 933 - Element is displayed:: [[ChromeDriver: chrome on WINDOWS (7ac77d42de073a4ea8be7e8f5db39a86)] -> css selector: button[class*='search-button']]</small> </font> </div>
<div class="test-event"> <font color="maroon"> <small> &emsp; &emsp;--- 15 Oct 14:56:32 696 - Page URL:: https://i-car--staging.sandbox.lightning.force.com/lightning/o/account/list?filtername=__recent</small> </font> </div>
<div class="test-event"> <font color="maroon"> <small> &emsp; &emsp;--- 15 Oct 14:56:32 696 - <b>0</b> - Page Load Wait: (Sync) - ICar.support.Utils.waitForPageLoad(Utils.java:109)</small> </font> </div>
<div class="test-event"> <font color="maroon"> <small> &emsp; &emsp;--- 15 Oct 14:56:52 203 - Catched spinner load exception due to Expected condition failed: waiting for ICar.support.WaitUtils$4@7c065515 (tried for 10 second(s) with 500 milliseconds interval)</small> </font> </div>
<div class="test-event"> <font color="maroon"> <small> &emsp; &emsp;--- 15 Oct 14:56:52 204 - <b>10</b> - Spinner Load Wait: (Sync) - ICar.support.WaitUtils.waitForSpinner(WaitUtils.java:225)</small> </font> </div>
<div class="test-event"> <font color="maroon"> <small> &emsp; &emsp;--- 15 Oct 14:56:53 380 - Page URL:: https://i-car--staging.sandbox.lightning.force.com/one/one.app#eyjjb21wb25lbnrezwyioijmb3jjzvnlyxjjadpzzwfyy2hqywdlrgvza3rvccisimf0dhjpynv0zxmionsidgvybsi6ijiyoti3mzailcjzy29wzu1hcci6eyj0exblijoive9qx1jfu1vmvfmilcjuyw1lc3bhy2uioiiilcjsywjlbci6ilrvccbszxn1bhrziiwibgfizwxqbhvyywwioijub3agumvzdwx0cyisinjlc3vsdhndbxaioijmb3jjzvnlyxjjadpwcmvkawn0zwrszxn1bhrzin0simnvbnrlehqionsirklmvevsuyi6e30sinnlyxjjafnvdxjjzsi6ikftu0ltvefovf9esufmt0cilcjkaxnhymxlsw50zw50uxvlcnkiomzhbhnllcjkaxnhymxlu3blbgxdb3jyzwn0aw9uijpmywxzzswic2vhcmnorglhbg9nu2vzc2lvbklkijoiowuxzjy2mdytnjqwnc1hyzvlltvly2utmzyxn2eyzdk4zgvliiwizgvidwdjbmzvijp7imfwce5hbwuioijjq2fyx1nlcnzpy2vfq29uc29szsisimfwcfr5cguioijdb25zb2xliiwiyxbwtmftzxnwywnlijoiyyisimxvy2f0aw9uijoizm9yy2u6b2jqzwn0sg9tzurlc2t0b3ailcjzb2jqzwn0vhlwzsi6ikfjy291bnqifx0simdyb3vwswqioijeruzbvuxuin0sinn0yxrlijp7fx0%3d</small> </font> </div>
<div class="test-event"> <font color="maroon"> <small> &emsp; &emsp;--- 15 Oct 14:56:53 380 - <b>1</b> - Page Load Wait: (Sync) - ICar.support.Utils.waitForPageLoad(Utils.java:109)</small> </font> </div>
<div class="test-event"> <font color="maroon"> <small> &emsp; &emsp;--- 15 Oct 14:57:04 443 - Catched spinner load exception due to Expected condition failed: waiting for ICar.support.WaitUtils$4@7c065515 (tried for 11 second(s) with 500 milliseconds interval)</small> </font> </div>
<div class="test-event"> <font color="maroon"> <small> &emsp; &emsp;--- 15 Oct 14:57:04 443 - <b>11</b> - Spinner Load Wait: (Sync) - ICar.support.WaitUtils.waitForSpinner(WaitUtils.java:225)</small> </font> </div>
<div class="test-event"> <font color="maroon"> <small> &emsp; &emsp;--- 15 Oct 14:57:05 759 - Page URL:: https://i-car--staging.sandbox.lightning.force.com/one/one.app#eyjjb21wb25lbnrezwyioijmb3jjzvnlyxjjadpzzwfyy2hqywdlrgvza3rvccisimf0dhjpynv0zxmionsidgvybsi6ijiyoti3mzailcjzy29wzu1hcci6eyj0exblijoive9qx1jfu1vmvfmilcjuyw1lc3bhy2uioiiilcjsywjlbci6ilrvccbszxn1bhrziiwibgfizwxqbhvyywwioijub3agumvzdwx0cyisinjlc3vsdhndbxaioijmb3jjzvnlyxjjadpwcmvkawn0zwrszxn1bhrzin0simnvbnrlehqionsirklmvevsuyi6e30sinnlyxjjafnvdxjjzsi6ikftu0ltvefovf9esufmt0cilcjkaxnhymxlsw50zw50uxvlcnkiomzhbhnllcjkaxnhymxlu3blbgxdb3jyzwn0aw9uijpmywxzzswic2vhcmnorglhbg9nu2vzc2lvbklkijoiowuxzjy2mdytnjqwnc1hyzvlltvly2utmzyxn2eyzdk4zgvliiwizgvidwdjbmzvijp7imfwce5hbwuioijjq2fyx1nlcnzpy2vfq29uc29szsisimfwcfr5cguioijdb25zb2xliiwiyxbwtmftzxnwywnlijoiyyisimxvy2f0aw9uijoizm9yy2u6b2jqzwn0sg9tzurlc2t0b3ailcjzb2jqzwn0vhlwzsi6ikfjy291bnqifx0simdyb3vwswqioijeruzbvuxuin0sinn0yxrlijp7fx0%3d</small> </font> </div>
<div class="test-event"> <font color="maroon"> <small> &emsp; &emsp;--- 15 Oct 14:57:05 759 - <b>1</b> - Page Load Wait: (Sync) - ICar.support.Utils.waitForPageLoad(Utils.java:109)</small> </font> </div>
<div class="test-event"> <font color="maroon"> <small> &emsp; &emsp;--- 15 Oct 14:57:05 891 - Element is displayed:: [[ChromeDriver: chrome on WINDOWS (7ac77d42de073a4ea8be7e8f5db39a86)] -> xpath: //a[@title='Top Results']//span[text()='Top Results']]</small> </font> </div>
<div class="test-event"> <font color="maroon"> <small> &emsp; &emsp;--- 15 Oct 14:57:06 489 - Page URL:: https://i-car--staging.sandbox.lightning.force.com/one/one.app#eyjjb21wb25lbnrezwyioijmb3jjzvnlyxjjadpzzwfyy2hqywdlrgvza3rvccisimf0dhjpynv0zxmionsidgvybsi6ijiyoti3mzailcjzy29wzu1hcci6eyj0exblijoive9qx1jfu1vmvfmilcjuyw1lc3bhy2uioiiilcjsywjlbci6ilrvccbszxn1bhrziiwibgfizwxqbhvyywwioijub3agumvzdwx0cyisinjlc3vsdhndbxaioijmb3jjzvnlyxjjadpwcmvkawn0zwrszxn1bhrzin0simnvbnrlehqionsirklmvevsuyi6e30sinnlyxjjafnvdxjjzsi6ikftu0ltvefovf9esufmt0cilcjkaxnhymxlsw50zw50uxvlcnkiomzhbhnllcjkaxnhymxlu3blbgxdb3jyzwn0aw9uijpmywxzzswic2vhcmnorglhbg9nu2vzc2lvbklkijoiowuxzjy2mdytnjqwnc1hyzvlltvly2utmzyxn2eyzdk4zgvliiwizgvidwdjbmzvijp7imfwce5hbwuioijjq2fyx1nlcnzpy2vfq29uc29szsisimfwcfr5cguioijdb25zb2xliiwiyxbwtmftzxnwywnlijoiyyisimxvy2f0aw9uijoizm9yy2u6b2jqzwn0sg9tzurlc2t0b3ailcjzb2jqzwn0vhlwzsi6ikfjy291bnqifx0simdyb3vwswqioijeruzbvuxuin0sinn0yxrlijp7fx0%3d</small> </font> </div>
<div class="test-event"> <font color="maroon"> <small> &emsp; &emsp;--- 15 Oct 14:57:06 495 - <b>0</b> - Page Load Wait: (Sync) - ICar.support.Utils.waitForPageLoad(Utils.java:109)</small> </font> </div>
<div class="test-event"> <font color="maroon"> <small> &emsp; &emsp;--- 15 Oct 14:57:11 724 - Catched spinner load exception due to Expected condition failed: waiting for ICar.support.WaitUtils$4@7c065515 (tried for 5 second(s) with 500 milliseconds interval)</small> </font> </div>
<div class="test-event"> <font color="maroon"> <small> &emsp; &emsp;--- 15 Oct 14:57:11 724 - <b>5</b> - Spinner Load Wait: (Sync) - ICar.support.WaitUtils.waitForSpinner(WaitUtils.java:225)</small> </font> </div>
<div class="test-event"> <font color="maroon"> <small> &emsp; &emsp;--- 15 Oct 14:57:12 856 - Page URL:: https://i-car--staging.sandbox.lightning.force.com/one/one.app#eyjjb21wb25lbnrezwyioijmb3jjzvnlyxjjadpzzwfyy2hqywdlrgvza3rvccisimf0dhjpynv0zxmionsidgvybsi6ijiyoti3mzailcjzy29wzu1hcci6eyj0exblijoive9qx1jfu1vmvfmilcjuyw1lc3bhy2uioiiilcjsywjlbci6ilrvccbszxn1bhrziiwibgfizwxqbhvyywwioijub3agumvzdwx0cyisinjlc3vsdhndbxaioijmb3jjzvnlyxjjadpwcmvkawn0zwrszxn1bhrzin0simnvbnrlehqionsirklmvevsuyi6e30sinnlyxjjafnvdxjjzsi6ikftu0ltvefovf9esufmt0cilcjkaxnhymxlsw50zw50uxvlcnkiomzhbhnllcjkaxnhymxlu3blbgxdb3jyzwn0aw9uijpmywxzzswic2vhcmnorglhbg9nu2vzc2lvbklkijoiowuxzjy2mdytnjqwnc1hyzvlltvly2utmzyxn2eyzdk4zgvliiwizgvidwdjbmzvijp7imfwce5hbwuioijjq2fyx1nlcnzpy2vfq29uc29szsisimfwcfr5cguioijdb25zb2xliiwiyxbwtmftzxnwywnlijoiyyisimxvy2f0aw9uijoizm9yy2u6b2jqzwn0sg9tzurlc2t0b3ailcjzb2jqzwn0vhlwzsi6ikfjy291bnqifx0simdyb3vwswqioijeruzbvuxuin0sinn0yxrlijp7fx0%3d</small> </font> </div>
<div class="test-event"> <font color="maroon"> <small> &emsp; &emsp;--- 15 Oct 14:57:12 856 - <b>1</b> - Page Load Wait: (Sync) - ICar.support.Utils.waitForPageLoad(Utils.java:109)</small> </font> </div>
<div class="test-event"> <font color="maroon"> <small> &emsp; &emsp;--- 15 Oct 14:57:14 236 - Page URL:: https://i-car--staging.sandbox.lightning.force.com/one/one.app#eyjjb21wb25lbnrezwyioijmb3jjzvnlyxjjadpzzwfyy2hqywdlrgvza3rvccisimf0dhjpynv0zxmionsidgvybsi6ijiyoti3mzailcjzy29wzu1hcci6eyj0exblijoive9qx1jfu1vmvfmilcjuyw1lc3bhy2uioiiilcjsywjlbci6ilrvccbszxn1bhrziiwibgfizwxqbhvyywwioijub3agumvzdwx0cyisinjlc3vsdhndbxaioijmb3jjzvnlyxjjadpwcmvkawn0zwrszxn1bhrzin0simnvbnrlehqionsirklmvevsuyi6e30sinnlyxjjafnvdxjjzsi6ikftu0ltvefovf9esufmt0cilcjkaxnhymxlsw50zw50uxvlcnkiomzhbhnllcjkaxnhymxlu3blbgxdb3jyzwn0aw9uijpmywxzzswic2vhcmnorglhbg9nu2vzc2lvbklkijoiowuxzjy2mdytnjqwnc1hyzvlltvly2utmzyxn2eyzdk4zgvliiwizgvidwdjbmzvijp7imfwce5hbwuioijjq2fyx1nlcnzpy2vfq29uc29szsisimfwcfr5cguioijdb25zb2xliiwiyxbwtmftzxnwywnlijoiyyisimxvy2f0aw9uijoizm9yy2u6b2jqzwn0sg9tzurlc2t0b3ailcjzb2jqzwn0vhlwzsi6ikfjy291bnqifx0simdyb3vwswqioijeruzbvuxuin0sinn0yxrlijp7fx0%3d</small> </font> </div>
[...]
<div class="test-event"> <font color="maroon"> <small> &emsp; &emsp;--- 15 Oct 14:57:04 443 - Catched spinner load exception due to Expected condition failed: waiting for ICar.support.WaitUtils$4@7c065515 (tried for 11 second(s) with 500 milliseconds interval)</small> </font> </div>
<div class="test-event"> <font color="maroon"> <small> &emsp; &emsp;--- 15 Oct 14:57:04 443 - <b>11</b> - Spinner Load Wait: (Sync) - ICar.support.WaitUtils.waitForSpinner(WaitUtils.java:225)</small> </font> </div>
<div class="test-event"> <font color="maroon"> <small> &emsp; &emsp;--- 15 Oct 14:57:05 759 - Page URL:: https://i-car--staging.sandbox.lightning.force.com/one/one.app#eyjjb21wb25lbnrezwyioijmb3jjzvnlyxjjadpzzwfyy2hqywdlrgvza3rvccisimf0dhjpynv0zxmionsidgvybsi6ijiyoti3mzailcjzy29wzu1hcci6eyj0exblijoive9qx1jfu1vmvfmilcjuyw1lc3bhy2uioiiilcjsywjlbci6ilrvccbszxn1bhrziiwibgfizwxqbhvyywwioijub3agumvzdwx0cyisinjlc3vsdhndbxaioijmb3jjzvnlyxjjadpwcmvkawn0zwrszxn1bhrzin0simnvbnrlehqionsirklmvevsuyi6e30sinnlyxjjafnvdxjjzsi6ikftu0ltvefovf9esufmt0cilcjkaxnhymxlsw50zw50uxvlcnkiomzhbhnllcjkaxnhymxlu3blbgxdb3jyzwn0aw9uijpmywxzzswic2vhcmnorglhbg9nu2vzc2lvbklkijoiowuxzjy2mdytnjqwnc1hyzvlltvly2utmzyxn2eyzdk4zgvliiwizgvidwdjbmzvijp7imfwce5hbwuioijjq2fyx1nlcnzpy2vfq29uc29szsisimfwcfr5cguioijdb25zb2xliiwiyxbwtmftzxnwywnlijoiyyisimxvy2f0aw9uijoizm9yy2u6b2jqzwn0sg9tzurlc2t0b3ailcjzb2jqzwn0vhlwzsi6ikfjy291bnqifx0simdyb3vwswqioijeruzbvuxuin0sinn0yxrlijp7fx0%3d</small> </font> </div>
<div class="test-event"> <font color="maroon"> <small> &emsp; &emsp;--- 15 Oct 14:57:05 759 - <b>1</b> - Page Load Wait: (Sync) - ICar.support.Utils.waitForPageLoad(Utils.java:109)</small> </font> </div>
<div class="test-event"> <font color="maroon"> <small> &emsp; &emsp;--- 15 Oct 14:57:05 891 - Element is displayed:: [[ChromeDriver: chrome on WINDOWS (7ac77d42de073a4ea8be7e8f5db39a86)] -> xpath: //a[@title='Top Results']//span[text()='Top Results']]</small> </font> </div>
<div class="test-event"> <font color="maroon"> <small> &emsp; &emsp;--- 15 Oct 14:57:06 489 - Page URL:: https://i-car--staging.sandbox.lightning.force.com/one/one.app#eyjjb21wb25lbnrezwyioijmb3jjzvnlyxjjadpzzwfyy2hqywdlrgvza3rvccisimf0dhjpynv0zxmionsidgvybsi6ijiyoti3mzailcjzy29wzu1hcci6eyj0exblijoive9qx1jfu1vmvfmilcjuyw1lc3bhy2uioiiilcjsywjlbci6ilrvccbszxn1bhrziiwibgfizwxqbhvyywwioijub3agumvzdwx0cyisinjlc3vsdhndbxaioijmb3jjzvnlyxjjadpwcmvkawn0zwrszxn1bhrzin0simnvbnrlehqionsirklmvevsuyi6e30sinnlyxjjafnvdxjjzsi6ikftu0ltvefovf9esufmt0cilcjkaxnhymxlsw50zw50uxvlcnkiomzhbhnllcjkaxnhymxlu3blbgxdb3jyzwn0aw9uijpmywxzzswic2vhcmnorglhbg9nu2vzc2lvbklkijoiowuxzjy2mdytnjqwnc1hyzvlltvly2utmzyxn2eyzdk4zgvliiwizgvidwdjbmzvijp7imfwce5hbwuioijjq2fyx1nlcnzpy2vfq29uc29szsisimfwcfr5cguioijdb25zb2xliiwiyxbwtmftzxnwywnlijoiyyisimxvy2f0aw9uijoizm9yy2u6b2jqzwn0sg9tzurlc2t0b3ailcjzb2jqzwn0vhlwzsi6ikfjy291bnqifx0simdyb3vwswqioijeruzbvuxuin0sinn0yxrlijp7fx0%3d</small> </font> </div>
<div class="test-event"> <font color="maroon"> <small> &emsp; &emsp;--- 15 Oct 14:57:06 495 - <b>0</b> - Page Load Wait: (Sync) - ICar.support.Utils.waitForPageLoad(Utils.java:109)</small> </font> </div>
<div class="test-event"> <font color="maroon"> <small> &emsp; &emsp;--- 15 Oct 14:57:11 724 - Catched spinner load exception due to Expected condition failed: waiting for ICar.support.WaitUtils$4@7c065515 (tried for 5 second(s) with 500 milliseconds interval)</small> </font> </div>
<div class="test-event"> <font color="maroon"> <small> &emsp; &emsp;--- 15 Oct 14:57:11 724 - <b>5</b> - Spinner Load Wait: (Sync) - ICar.support.WaitUtils.waitForSpinner(WaitUtils.java:225)</small> </font> </div>
<div class="test-event"> <font color="maroon"> <small> &emsp; &emsp;--- 15 Oct 14:57:12 856 - Page URL:: https://i-car--staging.sandbox.lightning.force.com/one/one.app#eyjjb21wb25lbnrezwyioijmb3jjzvnlyxjjadpzzwfyy2hqywdlrgvza3rvccisimf0dhjpynv0zxmionsidgvybsi6ijiyoti3mzailcjzy29wzu1hcci6eyj0exblijoive9qx1jfu1vmvfmilcjuyw1lc3bhy2uioiiilcjsywjlbci6ilrvccbszxn1bhrziiwibgfizwxqbhvyywwioijub3agumvzdwx0cyisinjlc3vsdhndbxaioijmb3jjzvnlyxjjadpwcmvkawn0zwrszxn1bhrzin0simnvbnrlehqionsirklmvevsuyi6e30sinnlyxjjafnvdxjjzsi6ikftu0ltvefovf9esufmt0cilcjkaxnhymxlsw50zw50uxvlcnkiomzhbhnllcjkaxnhymxlu3blbgxdb3jyzwn0aw9uijpmywxzzswic2vhcmnorglhbg9nu2vzc2lvbklkijoiowuxzjy2mdytnjqwnc1hyzvlltvly2utmzyxn2eyzdk4zgvliiwizgvidwdjbmzvijp7imfwce5hbwuioijjq2fyx1nlcnzpy2vfq29uc29szsisimfwcfr5cguioijdb25zb2xliiwiyxbwtmftzxnwywnlijoiyyisimxvy2f0aw9uijoizm9yy2u6b2jqzwn0sg9tzurlc2t0b3ailcjzb2jqzwn0vhlwzsi6ikfjy291bnqifx0simdyb3vwswqioijeruzbvuxuin0sinn0yxrlijp7fx0%3d</small> </font> </div>
<div class="test-event"> <font color="maroon"> <small> &emsp; &emsp;--- 15 Oct 14:57:12 856 - <b>1</b> - Page Load Wait: (Sync) - ICar.support.Utils.waitForPageLoad(Utils.java:109)</small> </font> </div>
<div class="test-event"> <font color="maroon"> <small> &emsp; &emsp;--- 15 Oct 14:57:14 236 - Page URL:: https://i-car--staging.sandbox.lightning.force.com/one/one.app#eyjjb21wb25lbnrezwyioijmb3jjzvnlyxjjadpzzwfyy2hqywdlrgvza3rvccisimf0dhjpynv0zxmionsidgvybsi6ijiyoti3mzailcjzy29wzu1hcci6eyj0exblijoive9qx1jfu1vmvfmilcjuyw1lc3bhy2uioiiilcjsywjlbci6ilrvccbszxn1bhrziiwibgfizwxqbhvyywwioijub3agumvzdwx0cyisinjlc3vsdhndbxaioijmb3jjzvnlyxjjadpwcmvkawn0zwrszxn1bhrzin0simnvbnrlehqionsirklmvevsuyi6e30sinnlyxjjafnvdxjjzsi6ikftu0ltvefovf9esufmt0cilcjkaxnhymxlsw50zw50uxvlcnkiomzhbhnllcjkaxnhymxlu3blbgxdb3jyzwn0aw9uijpmywxzzswic2vhcmnorglhbg9nu2vzc2lvbklkijoiowuxzjy2mdytnjqwnc1hyzvlltvly2utmzyxn2eyzdk4zgvliiwizgvidwdjbmzvijp7imfwce5hbwuioijjq2fyx1nlcnzpy2vfq29uc29szsisimfwcfr5cguioijdb25zb2xliiwiyxbwtmftzxnwywnlijoiyyisimxvy2f0aw9uijoizm9yy2u6b2jqzwn0sg9tzurlc2t0b3ailcjzb2jqzwn0vhlwzsi6ikfjy291bnqifx0simdyb3vwswqioijeruzbvuxuin0sinn0yxrlijp7fx0%3d</small> </font> </div>
<div class="test-event"> <font color="maroon"> <small> &emsp; &emsp;--- 15 Oct 14:57:14 236 - <b>1</b> - Page Load Wait: (Sync) - ICar.support.Utils.waitForPageLoad(Utils.java:109)</small> </font> </div>
<div class="test-event"> <font color="maroon"> <small> &emsp; &emsp;--- 15 Oct 14:57:15 635 - Page URL:: https://i-car--staging.sandbox.lightning.force.com/one/one.app#eyjjb21wb25lbnrezwyioijmb3jjzvnlyxjjadpzzwfyy2hqywdlrgvza3rvccisimf0dhjpynv0zxmionsidgvybsi6ijiyoti3mzailcjzy29wzu1hcci6eyj0exblijoive9qx1jfu1vmvfmilcjuyw1lc3bhy2uioiiilcjsywjlbci6ilrvccbszxn1bhrziiwibgfizwxqbhvyywwioijub3agumvzdwx0cyisinjlc3vsdhndbxaioijmb3jjzvnlyxjjadpwcmvkawn0zwrszxn1bhrzin0simnvbnrlehqionsirklmvevsuyi6e30sinnlyxjjafnvdxjjzsi6ikftu0ltvefovf9esufmt0cilcjkaxnhymxlsw50zw50uxvlcnkiomzhbhnllcjkaxnhymxlu3blbgxdb3jyzwn0aw9uijpmywxzzswic2vhcmnorglhbg9nu2vzc2lvbklkijoiowuxzjy2mdytnjqwnc1hyzvlltvly2utmzyxn2eyzdk4zgvliiwizgvidwdjbmzvijp7imfwce5hbwuioijjq2fyx1nlcnzpy2vfq29uc29szsisimfwcfr5cguioijdb25zb2xliiwiyxbwtmftzxnwywnlijoiyyisimxvy2f0aw9uijoizm9yy2u6b2jqzwn0sg9tzurlc2t0b3ailcjzb2jqzwn0vhlwzsi6ikfjy291bnqifx0simdyb3vwswqioijeruzbvuxuin0sinn0yxrlijp7fx0%3d</small> </font> </div>
<div class="test-event"> <font color="maroon"> <small> &emsp; &emsp;--- 15 Oct 14:57:15 635 - <b>1</b> - Page Load Wait: (Sync) - ICar.support.Utils.waitForPageLoad(Utils.java:109)</small> </font> </div>
<div class="test-event"> <font color="maroon"> <small> &emsp; &emsp;--- 15 Oct 14:57:24 004 - Catched spinner load exception due to Expected condition failed: waiting for ICar.support.WaitUtils$4@7c065515 (tried for 8 second(s) with 500 milliseconds interval)</small> </font> </div>
<div class="test-event"> <font color="maroon"> <small> &emsp; &emsp;--- 15 Oct 14:57:24 005 - <b>8</b> - Spinner Load Wait: (Sync) - ICar.support.WaitUtils.waitForSpinner(WaitUtils.java:225)</small> </font> </div>
<div class="test-event"> <font color="maroon"> <small> &emsp; &emsp;--- 15 Oct 14:57:25 363 - Page URL:: https://i-car--staging.sandbox.lightning.force.com/one/one.app#eyjjb21wb25lbnrezwyioijmb3jjzvnlyxjjadpzzwfyy2hqywdlrgvza3rvccisimf0dhjpynv0zxmionsidgvybsi6ijiyoti3mzailcjzy29wzu1hcci6eyj0exblijoive9qx1jfu1vmvfmilcjuyw1lc3bhy2uioiiilcjsywjlbci6ilrvccbszxn1bhrziiwibgfizwxqbhvyywwioijub3agumvzdwx0cyisinjlc3vsdhndbxaioijmb3jjzvnlyxjjadpwcmvkawn0zwrszxn1bhrzin0simnvbnrlehqionsirklmvevsuyi6e30sinnlyxjjafnvdxjjzsi6ikftu0ltvefovf9esufmt0cilcjkaxnhymxlsw50zw50uxvlcnkiomzhbhnllcjkaxnhymxlu3blbgxdb3jyzwn0aw9uijpmywxzzswic2vhcmnorglhbg9nu2vzc2lvbklkijoiowuxzjy2mdytnjqwnc1hyzvlltvly2utmzyxn2eyzdk4zgvliiwizgvidwdjbmzvijp7imfwce5hbwuioijjq2fyx1nlcnzpy2vfq29uc29szsisimfwcfr5cguioijdb25zb2xliiwiyxbwtmftzxnwywnlijoiyyisimxvy2f0aw9uijoizm9yy2u6b2jqzwn0sg9tzurlc2t0b3ailcjzb2jqzwn0vhlwzsi6ikfjy291bnqifx0simdyb3vwswqioijeruzbvuxuin0sinn0yxrlijp7fx0%3d</small> </font> </div>
<div class="test-event"> <font color="maroon"> <small> &emsp; &emsp;--- 15 Oct 14:57:25 363 - <b>1</b> - Page Load Wait: (Sync) - ICar.support.Utils.waitForPageLoad(Utils.java:109)</small> </font> </div>
<div class="test-event"> <font color="maroon"> <small> &emsp; &emsp;--- 15 Oct 14:57:27 541 - Element is displayed:: [[ChromeDriver: chrome on WINDOWS (7ac77d42de073a4ea8be7e8f5db39a86)] -> xpath: //div[contains(@class,'forceSearchResultsRegion')]//div[contains(@class,'resultsMultiWrapper')]/div/div[1]//following::h2//a]</small> </font> </div>
<div class="test-event"> <font color="maroon"> <small> &emsp; &emsp;--- 15 Oct 14:57:27 760 - Element is displayed:: [[ChromeDriver: chrome on WINDOWS (7ac77d42de073a4ea8be7e8f5db39a86)] -> xpath: //a[text()='Contacts']]</small> </font> </div>
<div class="test-event"> <font color="maroon"> <small> &emsp; &emsp;--- 15 Oct 14:57:32 045 - Element is displayed:: [[ChromeDriver: chrome on WINDOWS (7ac77d42de073a4ea8be7e8f5db39a86)] -> xpath: //div[text()='Contacts']//following :: table//tbody//th//span /a]</small> </font> </div>
<div class="test-message">&emsp;6. Navigated to Community portal using Access shopping cart </div>
<div class="test-event"> <font color="maroon"> <small> &emsp; &emsp;--- 15 Oct 14:57:47 674 - Catched spinner load exception due to Expected condition failed: waiting for ICar.support.WaitUtils$4@7c065515 (tried for 15 second(s) with 500 milliseconds interval)</small> </font> </div>
<div class="test-event"> <font color="maroon"> <small> &emsp; &emsp;--- 15 Oct 14:57:47 674 - <b>15</b> - Spinner Load Wait: (Sync) - ICar.support.WaitUtils.waitForSpinner(WaitUtils.java:225)</small> </font> </div>
<div class="test-event"> <font color="maroon"> <small> &emsp; &emsp;--- 15 Oct 14:57:48 370 - Page URL:: https://i-car--staging.sandbox.lightning.force.com/lightning/r/contact/0031i00000nuknrqa2/view</small> </font> </div>
<div class="test-event"> <font color="maroon"> <small> &emsp; &emsp;--- 15 Oct 14:57:48 370 - <b>0</b> - Page Load Wait: (Sync) - ICar.support.Utils.waitForPageLoad(Utils.java:109)</small> </font> </div>
<div class="test-event"> <font color="maroon"> <small> &emsp; &emsp;--- 15 Oct 14:58:03 442 - Catched spinner load exception due to Expected condition failed: waiting for ICar.support.WaitUtils$4@7c065515 (tried for 15 second(s) with 500 milliseconds interval)</small> </font> </div>
<div class="test-event"> <font color="maroon"> <small> &emsp; &emsp;--- 15 Oct 14:58:03 442 - <b>15</b> - Spinner Load Wait: (Sync) - ICar.support.WaitUtils.waitForSpinner(WaitUtils.java:225)</small> </font> </div>
<div class="test-event"> <font color="maroon"> <small> &emsp; &emsp;--- 15 Oct 14:58:03 503 - Element is displayed:: [[ChromeDriver: chrome on WINDOWS (7ac77d42de073a4ea8be7e8f5db39a86)] -> xpath: //button[text()='Access Shopping Cart - New']]</small> </font> </div>
<div class="test-event"> <font color="maroon"> <small> &emsp; &emsp;--- 15 Oct 14:58:05 603 - Element is displayed:: [[ChromeDriver: chrome on WINDOWS (7ac77d42de073a4ea8be7e8f5db39a86)] -> xpath: //button[text()='Access Shopping Cart - New']]</small> </font> </div>
<div class="test-event"> <font color="maroon"> <small> &emsp; &emsp;--- 15 Oct 14:58:14 559 - Page URL:: https://i-car--staging.sandbox.lightning.force.com/lightning/r/contact/0031i00000nuknrqa2/view</small> </font> </div>
<div class="test-event"> <font color="maroon"> <small> &emsp; &emsp;--- 15 Oct 14:58:14 560 - <b>0</b> - Page Load Wait: (Sync) - ICar.support.Utils.waitForPageLoad(Utils.java:109)</small> </font> </div>
<div class="test-event"> <font color="maroon"> <small> &emsp; &emsp;--- 15 Oct 14:58:40 038 - Catched spinner load exception due to Expected condition failed: waiting for ICar.support.WaitUtils$4@7c065515 (tried for 10 second(s) with 500 milliseconds interval)</small> </font> </div>
<div class="test-event"> <font color="maroon"> <small> &emsp; &emsp;--- 15 Oct 14:58:40 038 - <b>10</b> - Spinner Load Wait: (Sync) - ICar.support.WaitUtils.waitForSpinner(WaitUtils.java:225)</small> </font> </div>
<div class="test-event"> <font color="maroon"> <small> &emsp; &emsp;--- 15 Oct 14:58:40 133 - Element is displayed:: [[ChromeDriver: chrome on WINDOWS (7ac77d42de073a4ea8be7e8f5db39a86)] -> xpath: //button[@value='Launch My Learning']]</small> </font> </div>
<div class="test-message">&emsp;Successfully navigated to 'User Home' Page&emsp;<a href=".\ScreenShot\BAM369_TC05_1266515210387900.png" target="_blank" >[ScreenShot]</a></div>
<div class="test-event"> <font color="maroon"> <small> &emsp; &emsp;--- 15 Oct 14:58:50 712 - Catched spinner load exception due to Expected condition failed: waiting for ICar.support.WaitUtils$4@7c065515 (tried for 10 second(s) with 500 milliseconds interval)</small> </font> </div>
<div class="test-event"> <font color="maroon"> <small> &emsp; &emsp;--- 15 Oct 14:58:50 712 - <b>10</b> - Spinner Load Wait: (Sync) - ICar.support.WaitUtils.waitForSpinner(WaitUtils.java:225)</small> </font> </div>
<div class="test-message">&emsp;7. Navigvate to the Student Alliance Training Page</div>
<div class="test-event"> <font color="maroon"> <small> &emsp; &emsp;--- 15 Oct 14:58:50 935 - Page URL:: https://www.icarstage.com/</small> </font> </div>
<div class="test-event"> <font color="maroon"> <small> &emsp; &emsp;--- 15 Oct 14:58:50 935 - <b>0</b> - Page Load Wait: (Sync) - ICar.support.Utils.waitForPageLoad(Utils.java:109)</small> </font> </div>
<div class="test-event"> <font color="maroon"> <small> &emsp; &emsp;--- 15 Oct 14:58:51 036 - Element is displayed:: [[ChromeDriver: chrome on WINDOWS (7ac77d42de073a4ea8be7e8f5db39a86)] -> xpath: //p[text()='Launch My Learning']]</small> </font> </div>
<div class="test-event"> <font color="maroon"> <small> &emsp; &emsp;--- 15 Oct 14:58:51 082 - Element is displayed:: [[ChromeDriver: chrome on WINDOWS (7ac77d42de073a4ea8be7e8f5db39a86)] -> xpath: //a[text()='Gold Class Planner']]</small> </font> </div>
<div class="test-event"> <font color="maroon"> <small> &emsp; &emsp;--- 15 Oct 14:58:53 180 - Element is displayed:: [[ChromeDriver: chrome on WINDOWS (7ac77d42de073a4ea8be7e8f5db39a86)] -> xpath: //a[text()='Gold Class Planner']]</small> </font> </div>
<div class="test-event"> <font color="maroon"> <small> &emsp; &emsp;--- 15 Oct 14:59:10 859 - Catched spinner load exception due to Expected condition failed: waiting for ICar.support.WaitUtils$4@7c065515 (tried for 15 second(s) with 500 milliseconds interval)</small> </font> </div>
<div class="test-event"> <font color="maroon"> <small> &emsp; &emsp;--- 15 Oct 14:59:10 859 - <b>15</b> - Spinner Load Wait: (Sync) - ICar.support.WaitUtils.waitForSpinner(WaitUtils.java:225)</small> </font> </div>
<div class="test-event"> <font color="maroon"> <small> &emsp; &emsp;--- 15 Oct 14:59:11 102 - Page URL:: https://www.icarstage.com/gold-class-planner</small> </font> </div>
<div class="test-event"> <font color="maroon"> <small> &emsp; &emsp;--- 15 Oct 14:59:11 102 - <b>0</b> - Page Load Wait: (Sync) - ICar.support.Utils.waitForPageLoad(Utils.java:109)</small> </font> </div>
<div class="test-message">&emsp;8. Select the Location</div>
<div class="test-event"> <font color="maroon"> <small> &emsp; &emsp;--- 15 Oct 14:59:29 475 - Unable to find a element after 10 sec ==> Proxy element for: AjaxElementLocator 'By.xpath: //button[text()='OK']'</small> </font> </div>
<div class="test-event"> <font color="maroon"> <small> &emsp; &emsp;--- 15 Oct 14:59:29 644 - Page URL:: https://www.icarstage.com/gold-class-planner</small> </font> </div>
<div class="test-event"> <font color="maroon"> <small> &emsp; &emsp;--- 15 Oct 14:59:29 644 - <b>0</b> - Page Load Wait: (Sync) - ICar.support.Utils.waitForPageLoad(Utils.java:109)</small> </font> </div>
<div class="test-event"> <font color="maroon"> <small> &emsp; &emsp;--- 15 Oct 14:59:31 717 - Element is displayed:: [[ChromeDriver: chrome on WINDOWS (7ac77d42de073a4ea8be7e8f5db39a86)] -> xpath: //slot/p[text()='Select Location']//following::div//button[@name='shopSelect']]</small> </font> </div>
<div class="test-event"> <font color="maroon"> <small> &emsp; &emsp;--- 15 Oct 14:59:35 022 - Page URL:: https://www.icarstage.com/gold-class-planner</small> </font> </div>
<div class="test-event"> <font color="maroon"> <small> &emsp; &emsp;--- 15 Oct 14:59:35 023 - <b>0</b> - Page Load Wait: (Sync) - ICar.support.Utils.waitForPageLoad(Utils.java:109)</small> </font> </div>
<div class="test-event"> <font color="maroon"> <small> &emsp; &emsp;--- 15 Oct 14:59:37 168 - Catched spinner load exception due to Expected condition failed: waiting for ICar.support.WaitUtils$4@7c065515 (tried for 2 second(s) with 500 milliseconds interval)</small> </font> </div>
<div class="test-event"> <font color="maroon"> <small> &emsp; &emsp;--- 15 Oct 14:59:37 168 - <b>2</b> - Spinner Load Wait: (Sync) - ICar.support.WaitUtils.waitForSpinner(WaitUtils.java:225)</small> </font> </div>
<div class="test-message">&emsp;9. Click the Anual Training</div>
<div class="test-event"> <font color="maroon"> <small> &emsp; &emsp;--- 15 Oct 14:59:37 341 - Page URL:: https://www.icarstage.com/gold-class-planner</small> </font> </div>
<div class="test-event"> <font color="maroon"> <small> &emsp; &emsp;--- 15 Oct 14:59:37 341 - <b>0</b> - Page Load Wait: (Sync) - ICar.support.Utils.waitForPageLoad(Utils.java:109)</small> </font> </div>
<div class="test-event"> <font color="maroon"> <small> &emsp; &emsp;--- 15 Oct 14:59:42 724 - Catched spinner load exception due to Expected condition failed: waiting for ICar.support.WaitUtils$4@7c065515 (tried for 5 second(s) with 500 milliseconds interval)</small> </font> </div>
<div class="test-event"> <font color="maroon"> <small> &emsp; &emsp;--- 15 Oct 14:59:42 724 - <b>5</b> - Spinner Load Wait: (Sync) - ICar.support.WaitUtils.waitForSpinner(WaitUtils.java:225)</small> </font> </div>
<div class="test-message">&emsp;10. verify the course credit column</div>
<div class="test-event"> <font color="maroon"> <small> &emsp; &emsp;--- 15 Oct 15:00:00 279 - Catched spinner load exception due to Expected condition failed: waiting for ICar.support.WaitUtils$4@7c065515 (tried for 10 second(s) with 500 milliseconds interval)</small> </font> </div>
<div class="test-event"> <font color="maroon"> <small> &emsp; &emsp;--- 15 Oct 15:00:00 279 - <b>10</b> - Spinner Load Wait: (Sync) - ICar.support.WaitUtils.waitForSpinner(WaitUtils.java:225)</small> </font> </div>
<div class="test-event"> <font color="maroon"> <small> &emsp; &emsp;--- 15 Oct 15:00:00 379 - Element is displayed:: [[ChromeDriver: chrome on WINDOWS (7ac77d42de073a4ea8be7e8f5db39a86)] -> xpath: //a[@id='roleRelevantAlliance__item'] | //a[@id='roleRelevant__item']]</small> </font> </div>
<div class="test-message">&emsp;11. Verify the Credit course value </div>
<div class="test-message">&emsp;Successfully Verify the Alliance course credit column&emsp;<a href=".\ScreenShot\BAM369_TC05_1266603506362400.png" target="_blank" >[ScreenShot]</a></div>
<div class="test-result"><br><font color="green"><strong> Test Passed. </strong></font> </div>&emsp;
&emsp;<div class="test-title"> <strong><font size = "3" color = "#0000FF">---Test Execution Ends---</font> </strong> </div>&emsp;]]>
  </system-out>
</testsuite> <!-- B2Btestscripts.AllianceManager -->
