<?xml version="1.0" encoding="UTF-8"?>
<!-- Generated by org.testng.reporters.JUnitReportReporter -->
<testsuite hostname="Asplap3104" failures="0" tests="1" name="DeliveryTestscripts.Delivery_Dvy395" time="536.986" errors="0" timestamp="2024-11-06T17:40:30 IST" skipped="0">
  <testcase classname="DeliveryTestscripts.Delivery_Dvy395" name="DVY395_01" time="536.986">
    <system-out>
      <![CDATA[<div class="test-event"> <font color="maroon"> <small> &emsp; &emsp;--- 06 Nov 17:31:30 203 - TestCaseID:: DVY395_01</small> </font> </div>
<div class="test-event"> <font color="maroon"> <small> &emsp; &emsp;--- 06 Nov 17:31:33 063 - <b>3</b> - Driver::initialize::Get - ICar.support.WebDriverFactory.getDriver(WebDriverFactory.java:640)</small> </font> </div>
&emsp;<div class="test-title"> <strong><font size = "3" color = "#000080">Verify the Earning Code is updated as Reg in the payment record for "Miscellaneous" ITS training step for the related IQ type as 'General'</font> </strong> </div>&emsp;<div><strong>Steps:</strong></div><!-- Report -->&emsp;
<div class="test-event"> <font color="maroon"> <small> &emsp; &emsp;--- 06 Nov 17:31:35 055 - Page URL:: https://i-car--staging.sandbox.my.salesforce.com/</small> </font> </div>
<div class="test-event"> <font color="maroon"> <small> &emsp; &emsp;--- 06 Nov 17:31:35 055 - <b>0</b> - Page Load Wait: (Sync) - ICar.support.Utils.waitForPageLoad(Utils.java:109)</small> </font> </div>
<div class="test-message">&emsp;Successfully navigated to 'Login' Page&emsp;<a href=".\ScreenShot\DVY395_01_111074751481400.png" target="_blank" >[ScreenShot]</a></div>
<div class="test-message">&emsp;Login page is launched.</div>
<div class="test-event"> <font color="maroon"> <small> &emsp; &emsp;--- 06 Nov 17:31:35 871 - Element is displayed:: [[ChromeDriver: chrome on WINDOWS (eb7b3ad0ddd36889cf1c6302b26ce765)] -> id: username]</small> </font> </div>
<div class="test-event"> <font color="maroon"> <small> &emsp; &emsp;--- 06 Nov 17:31:36 075 - Element is displayed:: [[ChromeDriver: chrome on WINDOWS (eb7b3ad0ddd36889cf1c6302b26ce765)] -> id: username]</small> </font> </div>
<div class="test-event"> <font color="maroon"> <small> &emsp; &emsp;--- 06 Nov 17:31:36 343 - Element is displayed:: [[ChromeDriver: chrome on WINDOWS (eb7b3ad0ddd36889cf1c6302b26ce765)] -> id: password]</small> </font> </div>
<div class="test-event"> <font color="maroon"> <small> &emsp; &emsp;--- 06 Nov 17:31:36 570 - Element is displayed:: [[ChromeDriver: chrome on WINDOWS (eb7b3ad0ddd36889cf1c6302b26ce765)] -> id: Login]</small> </font> </div>
<div class="test-event"> <font color="maroon"> <small> &emsp; &emsp;--- 06 Nov 17:32:04 134 - Catched spinner load exception due to Expected condition failed: waiting for ICar.support.WaitUtils$4@7abf8110 (tried for 13 second(s) with 500 milliseconds interval)</small> </font> </div>
<div class="test-event"> <font color="maroon"> <small> &emsp; &emsp;--- 06 Nov 17:32:04 134 - <b>13</b> - Spinner Load Wait: (Sync) - ICar.support.WaitUtils.waitForSpinner(WaitUtils.java:225)</small> </font> </div>
<div class="test-event"> <font color="maroon"> <small> &emsp; &emsp;--- 06 Nov 17:32:23 569 - Catched spinner load exception due to Expected condition failed: waiting for ICar.support.WaitUtils$4@7abf8110 (tried for 6 second(s) with 500 milliseconds interval)</small> </font> </div>
<div class="test-event"> <font color="maroon"> <small> &emsp; &emsp;--- 06 Nov 17:32:23 570 - <b>6</b> - Spinner Load Wait: (Sync) - ICar.support.WaitUtils.waitForSpinner(WaitUtils.java:225)</small> </font> </div>
<div class="test-event"> <font color="maroon"> <small> &emsp; &emsp;--- 06 Nov 17:32:23 666 - Element is displayed:: [[ChromeDriver: chrome on WINDOWS (eb7b3ad0ddd36889cf1c6302b26ce765)] -> css selector: button[class*='search-button']]</small> </font> </div>
<div class="test-message">&emsp;Successfully navigated to Sales Force Page&emsp;<a href=".\ScreenShot\DVY395_01_111123354912000.png" target="_blank" >[ScreenShot]</a></div>
<div class="test-message">&emsp;Enter the user credentials as : icaradminautomation3@i-car.com.staging</div>
<div class="test-event"> <font color="maroon"> <small> &emsp; &emsp;--- 06 Nov 17:32:24 442 - Page URL:: https://i-car--staging.sandbox.lightning.force.com/lightning/o/account/list?filtername=00b1i000007mf4quaa</small> </font> </div>
<div class="test-event"> <font color="maroon"> <small> &emsp; &emsp;--- 06 Nov 17:32:24 442 - <b>0</b> - Page Load Wait: (Sync) - ICar.support.Utils.waitForPageLoad(Utils.java:109)</small> </font> </div>
<div class="test-event"> <font color="maroon"> <small> &emsp; &emsp;--- 06 Nov 17:32:30 010 - Page URL:: https://i-car--staging.sandbox.lightning.force.com/lightning/o/account/list?filtername=00b1i000007mf4quaa</small> </font> </div>
<div class="test-event"> <font color="maroon"> <small> &emsp; &emsp;--- 06 Nov 17:32:30 010 - <b>0</b> - Page Load Wait: (Sync) - ICar.support.Utils.waitForPageLoad(Utils.java:109)</small> </font> </div>
<div class="test-message">&emsp;Close the tab</div>
<div class="test-message">&emsp;Login to the platform delivery user : Sonja Bristow</div>
<div class="test-event"> <font color="maroon"> <small> &emsp; &emsp;--- 06 Nov 17:32:41 588 - Page URL:: https://i-car--staging.sandbox.lightning.force.com/lightning/o/account/list?filtername=00b1i000007mf4quaa</small> </font> </div>
<div class="test-event"> <font color="maroon"> <small> &emsp; &emsp;--- 06 Nov 17:32:41 588 - <b>0</b> - Page Load Wait: (Sync) - ICar.support.Utils.waitForPageLoad(Utils.java:109)</small> </font> </div>
<div class="test-event"> <font color="maroon"> <small> &emsp; &emsp;--- 06 Nov 17:32:41 964 - Page URL:: https://i-car--staging.sandbox.lightning.force.com/lightning/o/account/list?filtername=00b1i000007mf4quaa</small> </font> </div>
<div class="test-event"> <font color="maroon"> <small> &emsp; &emsp;--- 06 Nov 17:32:41 965 - <b>0</b> - Page Load Wait: (Sync) - ICar.support.Utils.waitForPageLoad(Utils.java:109)</small> </font> </div>
<div class="test-event"> <font color="maroon"> <small> &emsp; &emsp;--- 06 Nov 17:32:42 019 - Element is displayed:: [[ChromeDriver: chrome on WINDOWS (eb7b3ad0ddd36889cf1c6302b26ce765)] -> xpath: //ul[@class='slds-global-actions']//div[@class='setupGear']]</small> </font> </div>
<div class="test-event"> <font color="maroon"> <small> &emsp; &emsp;--- 06 Nov 17:32:42 087 - Element is displayed:: [[ChromeDriver: chrome on WINDOWS (eb7b3ad0ddd36889cf1c6302b26ce765)] -> xpath: //ul[@class='slds-global-actions']//div[@class='setupGear']]</small> </font> </div>
<div class="test-event"> <font color="maroon"> <small> &emsp; &emsp;--- 06 Nov 17:32:46 013 - Page URL:: https://i-car--staging.sandbox.lightning.force.com/lightning/o/account/list?filtername=00b1i000007mf4quaa</small> </font> </div>
<div class="test-event"> <font color="maroon"> <small> &emsp; &emsp;--- 06 Nov 17:32:46 015 - <b>0</b> - Page Load Wait: (Sync) - ICar.support.Utils.waitForPageLoad(Utils.java:109)</small> </font> </div>
<div class="test-event"> <font color="maroon"> <small> &emsp; &emsp;--- 06 Nov 17:32:49 240 - Catched spinner load exception due to Expected condition failed: waiting for ICar.support.WaitUtils$4@7abf8110 (tried for 3 second(s) with 500 milliseconds interval)</small> </font> </div>
<div class="test-event"> <font color="maroon"> <small> &emsp; &emsp;--- 06 Nov 17:32:49 241 - <b>3</b> - Spinner Load Wait: (Sync) - ICar.support.WaitUtils.waitForSpinner(WaitUtils.java:225)</small> </font> </div>
<div class="test-event"> <font color="maroon"> <small> &emsp; &emsp;--- 06 Nov 17:32:50 573 - Page URL:: https://i-car--staging.sandbox.lightning.force.com/lightning/o/account/list?filtername=00b1i000007mf4quaa</small> </font> </div>
<div class="test-event"> <font color="maroon"> <small> &emsp; &emsp;--- 06 Nov 17:32:50 574 - <b>1</b> - Page Load Wait: (Sync) - ICar.support.Utils.waitForPageLoad(Utils.java:109)</small> </font> </div>
<div class="test-event"> <font color="maroon"> <small> &emsp; &emsp;--- 06 Nov 17:32:51 092 - Page URL:: https://i-car--staging.sandbox.my.salesforce-setup.com/lightning/setup/setuponehome/home?setupdomainprobepassed=true</small> </font> </div>
<div class="test-event"> <font color="maroon"> <small> &emsp; &emsp;--- 06 Nov 17:32:51 092 - <b>0</b> - Page Load Wait: (Sync) - ICar.support.Utils.waitForPageLoad(Utils.java:109)</small> </font> </div>
<div class="test-event"> <font color="maroon"> <small> &emsp; &emsp;--- 06 Nov 17:32:56 381 - Page URL:: https://i-car--staging.sandbox.my.salesforce-setup.com/lightning/setup/setuponehome/home</small> </font> </div>
<div class="test-event"> <font color="maroon"> <small> &emsp; &emsp;--- 06 Nov 17:32:56 381 - <b>0</b> - Page Load Wait: (Sync) - ICar.support.Utils.waitForPageLoad(Utils.java:109)</small> </font> </div>
<div class="test-message">&emsp;Close the tab</div>
<div class="test-event"> <font color="maroon"> <small> &emsp; &emsp;--- 06 Nov 17:33:01 798 - Page URL:: https://i-car--staging.sandbox.my.salesforce-setup.com/lightning/setup/setuponehome/home</small> </font> </div>
<div class="test-event"> <font color="maroon"> <small> &emsp; &emsp;--- 06 Nov 17:33:01 798 - <b>0</b> - Page Load Wait: (Sync) - ICar.support.Utils.waitForPageLoad(Utils.java:109)</small> </font> </div>
<div class="test-event"> <font color="maroon"> <small> &emsp; &emsp;--- 06 Nov 17:33:13 473 - Unable to find an element after 2 sec ==> Proxy element for: AjaxElementLocator 'By.cssSelector: button[class*='search-button']'</small> </font> </div>
<div class="test-event"> <font color="maroon"> <small> &emsp; &emsp;--- 06 Nov 17:33:15 613 - Catched spinner load exception due to Expected condition failed: waiting for ICar.support.WaitUtils$4@7abf8110 (tried for 2 second(s) with 500 milliseconds interval)</small> </font> </div>
<div class="test-event"> <font color="maroon"> <small> &emsp; &emsp;--- 06 Nov 17:33:15 613 - <b>2</b> - Spinner Load Wait: (Sync) - ICar.support.WaitUtils.waitForSpinner(WaitUtils.java:225)</small> </font> </div>
<div class="test-event"> <font color="maroon"> <small> &emsp; &emsp;--- 06 Nov 17:33:18 808 - Page URL:: https://i-car--staging.sandbox.my.salesforce-setup.com/lightning/setup/setuponehome/home</small> </font> </div>
<div class="test-event"> <font color="maroon"> <small> &emsp; &emsp;--- 06 Nov 17:33:18 809 - <b>0</b> - Page Load Wait: (Sync) - ICar.support.Utils.waitForPageLoad(Utils.java:109)</small> </font> </div>
<div class="test-event"> <font color="maroon"> <small> &emsp; &emsp;--- 06 Nov 17:33:21 905 - Element is displayed:: [[ChromeDriver: chrome on WINDOWS (eb7b3ad0ddd36889cf1c6302b26ce765)] -> css selector: div[class*='uiInput--default'] input]</small> </font> </div>
<div class="test-event"> <font color="maroon"> <small> &emsp; &emsp;--- 06 Nov 17:33:38 827 - Catched spinner load exception due to Expected condition failed: waiting for ICar.support.WaitUtils$4@7abf8110 (tried for 10 second(s) with 500 milliseconds interval)</small> </font> </div>
<div class="test-event"> <font color="maroon"> <small> &emsp; &emsp;--- 06 Nov 17:33:38 827 - <b>10</b> - Spinner Load Wait: (Sync) - ICar.support.WaitUtils.waitForSpinner(WaitUtils.java:225)</small> </font> </div>
<div class="test-event"> <font color="maroon"> <small> &emsp; &emsp;--- 06 Nov 17:33:38 975 - Page URL:: https://i-car--staging.sandbox.my.salesforce-setup.com/one/one.app#eyjjb21wb25lbnrezwyioijmb3jjzvnlyxjjadpzzwfyy2gilcjhdhryawj1dgvzijp7inrlcm0ioijtb25qysbccmlzdg93iiwic2nvcgvnyxaionsibgfizwxqbhvyywwioijtzxr1ccisim5hbwvzcgfjzsi6ilnldhvwiiwidhlwzsi6ilrpuf9srvnvtfrtin0simnvbnrlehqionsizglzywjszvnwzwxsq29ycmvjdglvbii6zmfsc2usimrpc2fibgvjbnrlbnrrdwvyesi6zmfsc2usinnlyxjjafnvdxjjzsi6ikloufvux0rfu0tut1aifswiz3jvdxbjzci6ikrfrkfvtfqifswic3rhdguiont9fq%3d%3d</small> </font> </div>
<div class="test-event"> <font color="maroon"> <small> &emsp; &emsp;--- 06 Nov 17:33:38 975 - <b>0</b> - Page Load Wait: (Sync) - ICar.support.Utils.waitForPageLoad(Utils.java:109)</small> </font> </div>
<div class="test-event"> <font color="maroon"> <small> &emsp; &emsp;--- 06 Nov 17:33:49 994 - Catched spinner load exception due to Expected condition failed: waiting for ICar.support.WaitUtils$4@7abf8110 (tried for 11 second(s) with 500 milliseconds interval)</small> </font> </div>
<div class="test-event"> <font color="maroon"> <small> &emsp; &emsp;--- 06 Nov 17:33:49 994 - <b>11</b> - Spinner Load Wait: (Sync) - ICar.support.WaitUtils.waitForSpinner(WaitUtils.java:225)</small> </font> </div>
<div class="test-event"> <font color="maroon"> <small> &emsp; &emsp;--- 06 Nov 17:33:50 179 - Page URL:: https://i-car--staging.sandbox.my.salesforce-setup.com/one/one.app#eyjjb21wb25lbnrezwyioijmb3jjzvnlyxjjadpzzwfyy2gilcjhdhryawj1dgvzijp7inrlcm0ioijtb25qysbccmlzdg93iiwic2nvcgvnyxaionsibgfizwxqbhvyywwioijtzxr1ccisim5hbwvzcgfjzsi6ilnldhvwiiwidhlwzsi6ilrpuf9srvnvtfrtin0simnvbnrlehqionsizglzywjszvnwzwxsq29ycmvjdglvbii6zmfsc2usimrpc2fibgvjbnrlbnrrdwvyesi6zmfsc2usinnlyxjjafnvdxjjzsi6ikloufvux0rfu0tut1aifswiz3jvdxbjzci6ikrfrkfvtfqifswic3rhdguiont9fq%3d%3d</small> </font> </div>
<div class="test-event"> <font color="maroon"> <small> &emsp; &emsp;--- 06 Nov 17:33:50 179 - <b>0</b> - Page Load Wait: (Sync) - ICar.support.Utils.waitForPageLoad(Utils.java:109)</small> </font> </div>
<div class="test-event"> <font color="maroon"> <small> &emsp; &emsp;--- 06 Nov 17:33:50 235 - Element is displayed:: [[ChromeDriver: chrome on WINDOWS (eb7b3ad0ddd36889cf1c6302b26ce765)] -> xpath: //a[@title='Top Results']//span[text()='Top Results']]</small> </font> </div>
<div class="test-event"> <font color="maroon"> <small> &emsp; &emsp;--- 06 Nov 17:33:50 469 - Page URL:: https://i-car--staging.sandbox.my.salesforce-setup.com/one/one.app#eyjjb21wb25lbnrezwyioijmb3jjzvnlyxjjadpzzwfyy2gilcjhdhryawj1dgvzijp7inrlcm0ioijtb25qysbccmlzdg93iiwic2nvcgvnyxaionsibgfizwxqbhvyywwioijtzxr1ccisim5hbwvzcgfjzsi6ilnldhvwiiwidhlwzsi6ilrpuf9srvnvtfrtin0simnvbnrlehqionsizglzywjszvnwzwxsq29ycmvjdglvbii6zmfsc2usimrpc2fibgvjbnrlbnrrdwvyesi6zmfsc2usinnlyxjjafnvdxjjzsi6ikloufvux0rfu0tut1aifswiz3jvdxbjzci6ikrfrkfvtfqifswic3rhdguiont9fq%3d%3d</small> </font> </div>
<div class="test-event"> <font color="maroon"> <small> &emsp; &emsp;--- 06 Nov 17:33:50 470 - <b>0</b> - Page Load Wait: (Sync) - ICar.support.Utils.waitForPageLoad(Utils.java:109)</small> </font> </div>
<div class="test-event"> <font color="maroon"> <small> &emsp; &emsp;--- 06 Nov 17:33:55 720 - Catched spinner load exception due to Expected condition failed: waiting for ICar.support.WaitUtils$4@7abf8110 (tried for 5 second(s) with 500 milliseconds interval)</small> </font> </div>
<div class="test-event"> <font color="maroon"> <small> &emsp; &emsp;--- 06 Nov 17:33:55 720 - <b>5</b> - Spinner Load Wait: (Sync) - ICar.support.WaitUtils.waitForSpinner(WaitUtils.java:225)</small> </font> </div>
<div class="test-event"> <font color="maroon"> <small> &emsp; &emsp;--- 06 Nov 17:33:55 875 - Page URL:: https://i-car--staging.sandbox.my.salesforce-setup.com/one/one.app#eyjjb21wb25lbnrezwyioijmb3jjzvnlyxjjadpzzwfyy2gilcjhdhryawj1dgvzijp7inrlcm0ioijtb25qysbccmlzdg93iiwic2nvcgvnyxaionsibgfizwxqbhvyywwioijtzxr1ccisim5hbwvzcgfjzsi6ilnldhvwiiwidhlwzsi6ilrpuf9srvnvtfrtin0simnvbnrlehqionsizglzywjszvnwzwxsq29ycmvjdglvbii6zmfsc2usimrpc2fibgvjbnrlbnrrdwvyesi6zmfsc2usinnlyxjjafnvdxjjzsi6ikloufvux0rfu0tut1aifswiz3jvdxbjzci6ikrfrkfvtfqifswic3rhdguiont9fq%3d%3d</small> </font> </div>
<div class="test-event"> <font color="maroon"> <small> &emsp; &emsp;--- 06 Nov 17:33:55 875 - <b>0</b> - Page Load Wait: (Sync) - ICar.support.Utils.waitForPageLoad(Utils.java:109)</small> </font> </div>
<div class="test-event"> <font color="maroon"> <small> &emsp; &emsp;--- 06 Nov 17:33:56 096 - Page URL:: https://i-car--staging.sandbox.my.salesforce-setup.com/one/one.app#eyjjb21wb25lbnrezwyioijmb3jjzvnlyxjjadpzzwfyy2gilcjhdhryawj1dgvzijp7inrlcm0ioijtb25qysbccmlzdg93iiwic2nvcgvnyxaionsibgfizwxqbhvyywwioijtzxr1ccisim5hbwvzcgfjzsi6ilnldhvwiiwidhlwzsi6ilrpuf9srvnvtfrtin0simnvbnrlehqionsizglzywjszvnwzwxsq29ycmvjdglvbii6zmfsc2usimrpc2fibgvjbnrlbnrrdwvyesi6zmfsc2usinnlyxjjafnvdxjjzsi6ikloufvux0rfu0tut1aifswiz3jvdxbjzci6ikrfrkfvtfqifswic3rhdguiont9fq%3d%3d</small> </font> </div>
<div class="test-event"> <font color="maroon"> <small> &emsp; &emsp;--- 06 Nov 17:33:56 096 - <b>0</b> - Page Load Wait: (Sync) - ICar.support.Utils.waitForPageLoad(Utils.java:109)</small> </font> </div>
<div class="test-event"> <font color="maroon"> <small> &emsp; &emsp;--- 06 Nov 17:33:56 262 - Page URL:: https://i-car--staging.sandbox.my.salesforce-setup.com/one/one.app#eyjjb21wb25lbnrezwyioijmb3jjzvnlyxjjadpzzwfyy2gilcjhdhryawj1dgvzijp7inrlcm0ioijtb25qysbccmlzdg93iiwic2nvcgvnyxaionsibgfizwxqbhvyywwioijtzxr1ccisim5hbwvzcgfjzsi6ilnldhvwiiwidhlwzsi6ilrpuf9srvnvtfrtin0simnvbnrlehqionsizglzywjszvnwzwxsq29ycmvjdglvbii6zmfsc2usimrpc2fibgvjbnrlbnrrdwvyesi6zmfsc2usinnlyxjjafnvdxjjzsi6ikloufvux0rfu0tut1aifswiz3jvdxbjzci6ikrfrkfvtfqifswic3rhdguiont9fq%3d%3d</small> </font> </div>
<div class="test-event"> <font color="maroon"> <small> &emsp; &emsp;--- 06 Nov 17:33:56 263 - <b>0</b> - Page Load Wait: (Sync) - ICar.support.Utils.waitForPageLoad(Utils.java:109)</small> </font> </div>
<div class="test-event"> <font color="maroon"> <small> &emsp; &emsp;--- 06 Nov 17:34:21 759 - Catched spinner load exception due to Expected condition failed: waiting for ICar.support.WaitUtils$4@7abf8110 (tried for 25 second(s) with 500 milliseconds interval)</small> </font> </div>
<div class="test-event"> <font color="maroon"> <small> &emsp; &emsp;--- 06 Nov 17:34:21 759 - <b>25</b> - Spinner Load Wait: (Sync) - ICar.support.WaitUtils.waitForSpinner(WaitUtils.java:225)</small> </font> </div>
<div class="test-event"> <font color="maroon"> <small> &emsp; &emsp;--- 06 Nov 17:34:21 937 - Page URL:: https://i-car--staging.sandbox.my.salesforce-setup.com/one/one.app#eyjjb21wb25lbnrezwyioijmb3jjzvnlyxjjadpzzwfyy2gilcjhdhryawj1dgvzijp7inrlcm0ioijtb25qysbccmlzdg93iiwic2nvcgvnyxaionsibgfizwxqbhvyywwioijtzxr1ccisim5hbwvzcgfjzsi6ilnldhvwiiwidhlwzsi6ilrpuf9srvnvtfrtin0simnvbnrlehqionsizglzywjszvnwzwxsq29ycmvjdglvbii6zmfsc2usimrpc2fibgvjbnrlbnrrdwvyesi6zmfsc2usinnlyxjjafnvdxjjzsi6ikloufvux0rfu0tut1aifswiz3jvdxbjzci6ikrfrkfvtfqifswic3rhdguiont9fq%3d%3d</small> </font> </div>
<div class="test-event"> <font color="maroon"> <small> &emsp; &emsp;--- 06 Nov 17:34:21 939 - <b>0</b> - Page Load Wait: (Sync) - ICar.support.Utils.waitForPageLoad(Utils.java:109)</small> </font> </div>
<div class="test-event"> <font color="maroon"> <small> &emsp; &emsp;--- 06 Nov 17:34:21 963 - Element is displayed:: [[ChromeDriver: chrome on WINDOWS (eb7b3ad0ddd36889cf1c6302b26ce765)] -> css selector: div.forceSearchResultsRegion  div.resultsMultiWrapper >div > div table tbody td a]</small> </font> </div>
<div class="test-event"> <font color="maroon"> <small> &emsp; &emsp;--- 06 Nov 17:34:22 022 - Element is displayed:: [[ChromeDriver: chrome on WINDOWS (eb7b3ad0ddd36889cf1c6302b26ce765)] -> css selector: div.forceSearchResultsRegion  div.resultsMultiWrapper >div > div table tbody td a]</small> </font> </div>
<div class="test-event"> <font color="maroon"> <small> &emsp; &emsp;--- 06 Nov 17:34:22 285 - Page URL:: https://i-car--staging.sandbox.my.salesforce-setup.com/one/one.app#eyjjb21wb25lbnrezwyioijmb3jjzvnlyxjjadpzzwfyy2gilcjhdhryawj1dgvzijp7inrlcm0ioijtb25qysbccmlzdg93iiwic2nvcgvnyxaionsibgfizwxqbhvyywwioijtzxr1ccisim5hbwvzcgfjzsi6ilnldhvwiiwidhlwzsi6ilrpuf9srvnvtfrtin0simnvbnrlehqionsizglzywjszvnwzwxsq29ycmvjdglvbii6zmfsc2usimrpc2fibgvjbnrlbnrrdwvyesi6zmfsc2usinnlyxjjafnvdxjjzsi6ikloufvux0rfu0tut1aifswiz3jvdxbjzci6ikrfrkfvtfqifswic3rhdguiont9fq%3d%3d</small> </font> </div>
<div class="test-event"> <font color="maroon"> <small> &emsp; &emsp;--- 06 Nov 17:34:22 287 - <b>0</b> - Page Load Wait: (Sync) - ICar.support.Utils.waitForPageLoad(Utils.java:109)</small> </font> </div>
<div class="test-event"> <font color="maroon"> <small> &emsp; &emsp;--- 06 Nov 17:34:42 772 - Catched spinner load exception due to Expected condition failed: waiting for ICar.support.WaitUtils$4@7abf8110 (tried for 20 second(s) with 500 milliseconds interval)</small> </font> </div>
<div class="test-event"> <font color="maroon"> <small> &emsp; &emsp;--- 06 Nov 17:34:42 773 - <b>20</b> - Spinner Load Wait: (Sync) - ICar.support.WaitUtils.waitForSpinner(WaitUtils.java:225)</small> </font> </div>
<div class="test-event"> <font color="maroon"> <small> &emsp; &emsp;--- 06 Nov 17:34:42 887 - Page URL:: https://i-car--staging.sandbox.my.salesforce-setup.com/lightning/setup/manageusers/page?address=%2f0051i000000et3pqae%3fnoredirect%3d1%26isuserentityoverride%3d1%26returl%3d%252fsetup%252fhome</small> </font> </div>
<div class="test-event"> <font color="maroon"> <small> &emsp; &emsp;--- 06 Nov 17:34:42 887 - <b>0</b> - Page Load Wait: (Sync) - ICar.support.Utils.waitForPageLoad(Utils.java:109)</small> </font> </div>
<div class="test-event"> <font color="maroon"> <small> &emsp; &emsp;--- 06 Nov 17:34:43 003 - Page URL:: https://i-car--staging.sandbox.my.salesforce-setup.com/lightning/setup/manageusers/page?address=%2f0051i000000et3pqae%3fnoredirect%3d1%26isuserentityoverride%3d1%26returl%3d%252fsetup%252fhome</small> </font> </div>
<div class="test-event"> <font color="maroon"> <small> &emsp; &emsp;--- 06 Nov 17:34:43 003 - <b>0</b> - Page Load Wait: (Sync) - ICar.support.Utils.waitForPageLoad(Utils.java:109)</small> </font> </div>
<div class="test-event"> <font color="maroon"> <small> &emsp; &emsp;--- 06 Nov 17:34:47 106 - Element is displayed:: [[ChromeDriver: chrome on WINDOWS (eb7b3ad0ddd36889cf1c6302b26ce765)] -> css selector: input[title='Login']]</small> </font> </div>
<div class="test-event"> <font color="maroon"> <small> &emsp; &emsp;--- 06 Nov 17:35:15 454 - Catched spinner load exception due to Expected condition failed: waiting for ICar.support.WaitUtils$4@7abf8110 (tried for 5 second(s) with 500 milliseconds interval)</small> </font> </div>
<div class="test-event"> <font color="maroon"> <small> &emsp; &emsp;--- 06 Nov 17:35:15 454 - <b>5</b> - Spinner Load Wait: (Sync) - ICar.support.WaitUtils.waitForSpinner(WaitUtils.java:225)</small> </font> </div>
<div class="test-event"> <font color="maroon"> <small> &emsp; &emsp;--- 06 Nov 17:35:15 543 - Page URL:: https://i-car--staging.sandbox.lightning.force.com/lightning/n/resource_availability_console</small> </font> </div>
<div class="test-event"> <font color="maroon"> <small> &emsp; &emsp;--- 06 Nov 17:35:15 543 - <b>0</b> - Page Load Wait: (Sync) - ICar.support.Utils.waitForPageLoad(Utils.java:109)</small> </font> </div>
<div class="test-event"> <font color="maroon"> <small> &emsp; &emsp;--- 06 Nov 17:35:15 618 - Element is displayed:: [[ChromeDriver: chrome on WINDOWS (eb7b3ad0ddd36889cf1c6302b26ce765)] -> xpath: //div[contains(@class,'appLauncher ')]//button]</small> </font> </div>
<div class="test-event"> <font color="maroon"> <small> &emsp; &emsp;--- 06 Nov 17:35:15 683 - Element is displayed:: [[ChromeDriver: chrome on WINDOWS (eb7b3ad0ddd36889cf1c6302b26ce765)] -> xpath: //div[contains(@class,'appLauncher ')]//button]</small> </font> </div>
<div class="test-message">&emsp;Clicked on App launcher icon</div>
<div class="test-event"> <font color="maroon"> <small> &emsp; &emsp;--- 06 Nov 17:35:17 979 - Element is displayed:: [[ChromeDriver: chrome on WINDOWS (eb7b3ad0ddd36889cf1c6302b26ce765)] -> xpath: //input[@placeholder='Search apps and items...']]</small> </font> </div>
<div class="test-event"> <font color="maroon"> <small> &emsp; &emsp;--- 06 Nov 17:35:18 041 - Element is displayed:: [[ChromeDriver: chrome on WINDOWS (eb7b3ad0ddd36889cf1c6302b26ce765)] -> xpath: //input[@placeholder='Search apps and items...']]</small> </font> </div>
<div class="test-event"> <font color="maroon"> <small> &emsp; &emsp;--- 06 Nov 17:35:21 336 - Element is displayed:: [[ChromeDriver: chrome on WINDOWS (eb7b3ad0ddd36889cf1c6302b26ce765)] -> xpath: //lightning-formatted-rich-text/span/p/b[text()='Instructor Qualification']]</small> </font> </div>
<div class="test-event"> <font color="maroon"> <small> &emsp; &emsp;--- 06 Nov 17:35:24 389 - Element is displayed:: [[ChromeDriver: chrome on WINDOWS (eb7b3ad0ddd36889cf1c6302b26ce765)] -> xpath: //lightning-formatted-rich-text/span/p/b[text()='Instructor Qualification']]</small> </font> </div>
<div class="test-event"> <font color="maroon"> <small> &emsp; &emsp;--- 06 Nov 17:35:24 967 - Page URL:: https://i-car--staging.sandbox.lightning.force.com/lightning/o/instructor_qualification__c/home</small> </font> </div>
<div class="test-event"> <font color="maroon"> <small> &emsp; &emsp;--- 06 Nov 17:35:24 967 - <b>0</b> - Page Load Wait: (Sync) - ICar.support.Utils.waitForPageLoad(Utils.java:109)</small> </font> </div>
<div class="test-message">&emsp;2. Instructor Name : Spencer Nash</div>
<div class="test-event"> <font color="maroon"> <small> &emsp; &emsp;--- 06 Nov 17:35:25 650 - Page URL:: https://i-car--staging.sandbox.lightning.force.com/lightning/o/instructor_qualification__c/list?filtername=__recent</small> </font> </div>
<div class="test-event"> <font color="maroon"> <small> &emsp; &emsp;--- 06 Nov 17:35:25 650 - <b>0</b> - Page Load Wait: (Sync) - ICar.support.Utils.waitForPageLoad(Utils.java:109)</small> </font> </div>
<div class="test-event"> <font color="maroon"> <small> &emsp; &emsp;--- 06 Nov 17:35:40 170 - Catched spinner load exception due to Expected condition failed: waiting for ICar.support.WaitUtils$4@7abf8110 (tried for 14 second(s) with 500 milliseconds interval)</small> </font> </div>
<div class="test-event"> <font color="maroon"> <small> &emsp; &emsp;--- 06 Nov 17:35:40 171 - <b>14</b> - Spinner Load Wait: (Sync) - ICar.support.WaitUtils.waitForSpinner(WaitUtils.java:225)</small> </font> </div>
<div class="test-event"> <font color="maroon"> <small> &emsp; &emsp;--- 06 Nov 17:35:40 339 - Page URL:: https://i-car--staging.sandbox.lightning.force.com/lightning/o/instructor_qualification__c/list?filtername=__recent</small> </font> </div>
<div class="test-event"> <font color="maroon"> <small> &emsp; &emsp;--- 06 Nov 17:35:40 340 - <b>0</b> - Page Load Wait: (Sync) - ICar.support.Utils.waitForPageLoad(Utils.java:109)</small> </font> </div>
<div class="test-event"> <font color="maroon"> <small> &emsp; &emsp;--- 06 Nov 17:35:57 533 - Unable to find a element after 14 sec ==> Proxy element for: AjaxElementLocator 'By.xpath: //h1[@title='Instructor Training Steps']//following :: button[@name='New']'</small> </font> </div>
<div class="test-event"> <font color="maroon"> <small> &emsp; &emsp;--- 06 Nov 17:36:11 217 - Unable to find a element after 10 sec ==> Proxy element for: AjaxElementLocator 'By.xpath: //h1[@title='Instructor Training Steps']//following :: button[@name='New']'</small> </font> </div>
<div class="test-event"> <font color="maroon"> <small> &emsp; &emsp;--- 06 Nov 17:36:11 409 - Page URL:: https://i-car--staging.sandbox.lightning.force.com/lightning/o/instructor_qualification__c/list?filtername=__recent</small> </font> </div>
<div class="test-event"> <font color="maroon"> <small> &emsp; &emsp;--- 06 Nov 17:36:11 410 - <b>0</b> - Page Load Wait: (Sync) - ICar.support.Utils.waitForPageLoad(Utils.java:109)</small> </font> </div>
<div class="test-event"> <font color="maroon"> <small> &emsp; &emsp;--- 06 Nov 17:36:25 510 - Catched spinner load exception due to Expected condition failed: waiting for ICar.support.WaitUtils$4@7abf8110 (tried for 14 second(s) with 500 milliseconds interval)</small> </font> </div>
<div class="test-event"> <font color="maroon"> <small> &emsp; &emsp;--- 06 Nov 17:36:25 511 - <b>14</b> - Spinner Load Wait: (Sync) - ICar.support.WaitUtils.waitForSpinner(WaitUtils.java:225)</small> </font> </div>
<div class="test-event"> <font color="maroon"> <small> &emsp; &emsp;--- 06 Nov 17:36:25 745 - Page URL:: https://i-car--staging.sandbox.lightning.force.com/lightning/o/instructor_qualification__c/list?filtername=__recent</small> </font> </div>
<div class="test-event"> <font color="maroon"> <small> &emsp; &emsp;--- 06 Nov 17:36:25 745 - <b>0</b> - Page Load Wait: (Sync) - ICar.support.Utils.waitForPageLoad(Utils.java:109)</small> </font> </div>
<div class="test-event"> <font color="maroon"> <small> &emsp; &emsp;--- 06 Nov 17:36:25 782 - Element is displayed:: [[ChromeDriver: chrome on WINDOWS (eb7b3ad0ddd36889cf1c6302b26ce765)] -> xpath: //div[@title='New']]</small> </font> </div>
<div class="test-event"> <font color="maroon"> <small> &emsp; &emsp;--- 06 Nov 17:36:26 091 - Page URL:: https://i-car--staging.sandbox.lightning.force.com/lightning/o/instructor_qualification__c/new?count=1&nooverride=1&userecordtypecheck=1&navigationlocation=list_view&uid=173089478579048364&backgroundcontext=%2flightning%2fo%2finstructor_qualification__c%2flist%3ffiltername%3d__recent</small> </font> </div>
<div class="test-event"> <font color="maroon"> <small> &emsp; &emsp;--- 06 Nov 17:36:26 091 - <b>0</b> - Page Load Wait: (Sync) - ICar.support.Utils.waitForPageLoad(Utils.java:109)</small> </font> </div>
<div class="test-event"> <font color="maroon"> <small> &emsp; &emsp;--- 06 Nov 17:36:33 178 - Catched spinner load exception due to Expected condition failed: waiting for ICar.support.WaitUtils$4@7abf8110 (tried for 7 second(s) with 500 milliseconds interval)</small> </font> </div>
<div class="test-event"> <font color="maroon"> <small> &emsp; &emsp;--- 06 Nov 17:36:33 178 - <b>7</b> - Spinner Load Wait: (Sync) - ICar.support.WaitUtils.waitForSpinner(WaitUtils.java:225)</small> </font> </div>
<div class="test-event"> <font color="maroon"> <small> &emsp; &emsp;--- 06 Nov 17:36:33 440 - Page URL:: https://i-car--staging.sandbox.lightning.force.com/lightning/o/instructor_qualification__c/new?count=1&nooverride=1&userecordtypecheck=1&navigationlocation=list_view&uid=173089478579048364&backgroundcontext=%2flightning%2fo%2finstructor_qualification__c%2flist%3ffiltername%3d__recent</small> </font> </div>
<div class="test-event"> <font color="maroon"> <small> &emsp; &emsp;--- 06 Nov 17:36:33 441 - <b>0</b> - Page Load Wait: (Sync) - ICar.support.Utils.waitForPageLoad(Utils.java:109)</small> </font> </div>
<div class="test-message">&emsp;3. Create the New Instructor Qualification</div>
<div class="test-event"> <font color="maroon"> <small> &emsp; &emsp;--- 06 Nov 17:36:33 698 - Page URL:: https://i-car--staging.sandbox.lightning.force.com/lightning/o/instructor_qualification__c/new?count=1&nooverride=1&userecordtypecheck=1&navigationlocation=list_view&uid=173089478579048364&backgroundcontext=%2flightning%2fo%2finstructor_qualification__c%2flist%3ffiltername%3d__recent</small> </font> </div>
<div class="test-event"> <font color="maroon"> <small> &emsp; &emsp;--- 06 Nov 17:36:33 699 - <b>0</b> - Page Load Wait: (Sync) - ICar.support.Utils.waitForPageLoad(Utils.java:109)</small> </font> </div>
<div class="test-event"> <font color="maroon"> <small> &emsp; &emsp;--- 06 Nov 17:36:48 788 - Catched spinner load exception due to Expected condition failed: waiting for ICar.support.WaitUtils$4@7abf8110 (tried for 15 second(s) with 500 milliseconds interval)</small> </font> </div>
<div class="test-event"> <font color="maroon"> <small> &emsp; &emsp;--- 06 Nov 17:36:48 788 - <b>15</b> - Spinner Load Wait: (Sync) - ICar.support.WaitUtils.waitForSpinner(WaitUtils.java:225)</small> </font> </div>
<div class="test-event"> <font color="maroon"> <small> &emsp; &emsp;--- 06 Nov 17:36:49 071 - Page URL:: https://i-car--staging.sandbox.lightning.force.com/lightning/o/instructor_qualification__c/new?count=1&nooverride=1&userecordtypecheck=1&navigationlocation=list_view&uid=173089478579048364&backgroundcontext=%2flightning%2fo%2finstructor_qualification__c%2flist%3ffiltername%3d__recent</small> </font> </div>
<div class="test-event"> <font color="maroon"> <small> &emsp; &emsp;--- 06 Nov 17:36:49 071 - <b>0</b> - Page Load Wait: (Sync) - ICar.support.Utils.waitForPageLoad(Utils.java:109)</small> </font> </div>
<div class="test-event"> <font color="maroon"> <small> &emsp; &emsp;--- 06 Nov 17:36:49 138 - Element is displayed:: [[ChromeDriver: chrome on WINDOWS (eb7b3ad0ddd36889cf1c6302b26ce765)] -> xpath: //div[@part='input-text']//input[@placeholder='Search Resources...']]</small> </font> </div>
<div class="test-event"> <font color="maroon"> <small> &emsp; &emsp;--- 06 Nov 17:37:00 878 - Page URL:: https://i-car--staging.sandbox.lightning.force.com/lightning/o/instructor_qualification__c/new?count=1&nooverride=1&userecordtypecheck=1&navigationlocation=list_view&uid=173089478579048364&backgroundcontext=%2flightning%2fo%2finstructor_qualification__c%2flist%3ffiltername%3d__recent</small> </font> </div>
<div class="test-event"> <font color="maroon"> <small> &emsp; &emsp;--- 06 Nov 17:37:00 878 - <b>0</b> - Page Load Wait: (Sync) - ICar.support.Utils.waitForPageLoad(Utils.java:109)</small> </font> </div>
<div class="test-event"> <font color="maroon"> <small> &emsp; &emsp;--- 06 Nov 17:37:11 998 - Catched spinner load exception due to Expected condition failed: waiting for ICar.support.WaitUtils$4@7abf8110 (tried for 11 second(s) with 500 milliseconds interval)</small> </font> </div>
<div class="test-event"> <font color="maroon"> <small> &emsp; &emsp;--- 06 Nov 17:37:11 998 - <b>11</b> - Spinner Load Wait: (Sync) - ICar.support.WaitUtils.waitForSpinner(WaitUtils.java:225)</small> </font> </div>
<div class="test-event"> <font color="maroon"> <small> &emsp; &emsp;--- 06 Nov 17:37:12 205 - Page URL:: https://i-car--staging.sandbox.lightning.force.com/lightning/o/instructor_qualification__c/new?count=1&nooverride=1&userecordtypecheck=1&navigationlocation=list_view&uid=173089478579048364&backgroundcontext=%2flightning%2fo%2finstructor_qualification__c%2flist%3ffiltername%3d__recent</small> </font> </div>
<div class="test-event"> <font color="maroon"> <small> &emsp; &emsp;--- 06 Nov 17:37:12 206 - <b>0</b> - Page Load Wait: (Sync) - ICar.support.Utils.waitForPageLoad(Utils.java:109)</small> </font> </div>
<div class="test-event"> <font color="maroon"> <small> &emsp; &emsp;--- 06 Nov 17:37:15 671 - Page URL:: https://i-car--staging.sandbox.lightning.force.com/lightning/o/instructor_qualification__c/new?count=1&nooverride=1&userecordtypecheck=1&navigationlocation=list_view&uid=173089478579048364&backgroundcontext=%2flightning%2fo%2finstructor_qualification__c%2flist%3ffiltername%3d__recent</small> </font> </div>
<div class="test-event"> <font color="maroon"> <small> &emsp; &emsp;--- 06 Nov 17:37:15 671 - <b>0</b> - Page Load Wait: (Sync) - ICar.support.Utils.waitForPageLoad(Utils.java:109)</small> </font> </div>
<div class="test-event"> <font color="maroon"> <small> &emsp; &emsp;--- 06 Nov 17:37:16 044 - Page URL:: https://i-car--staging.sandbox.lightning.force.com/lightning/o/instructor_qualification__c/new?count=1&nooverride=1&userecordtypecheck=1&navigationlocation=list_view&uid=173089478579048364&backgroundcontext=%2flightning%2fo%2finstructor_qualification__c%2flist%3ffiltername%3d__recent</small> </font> </div>
<div class="test-event"> <font color="maroon"> <small> &emsp; &emsp;--- 06 Nov 17:37:16 045 - <b>0</b> - Page Load Wait: (Sync) - ICar.support.Utils.waitForPageLoad(Utils.java:109)</small> </font> </div>
<div class="test-event"> <font color="maroon"> <small> &emsp; &emsp;--- 06 Nov 17:37:16 116 - Element is displayed:: [[ChromeDriver: chrome on WINDOWS (eb7b3ad0ddd36889cf1c6302b26ce765)] -> xpath: //button[@name='SaveEdit']]</small> </font> </div>
<div class="test-event"> <font color="maroon"> <small> &emsp; &emsp;--- 06 Nov 17:37:16 430 - Page URL:: https://i-car--staging.sandbox.lightning.force.com/lightning/o/instructor_qualification__c/new?count=1&nooverride=1&userecordtypecheck=1&navigationlocation=list_view&uid=173089478579048364&backgroundcontext=%2flightning%2fo%2finstructor_qualification__c%2flist%3ffiltername%3d__recent</small> </font> </div>
<div class="test-event"> <font color="maroon"> <small> &emsp; &emsp;--- 06 Nov 17:37:16 430 - <b>0</b> - Page Load Wait: (Sync) - ICar.support.Utils.waitForPageLoad(Utils.java:109)</small> </font> </div>
<div class="test-event"> <font color="maroon"> <small> &emsp; &emsp;--- 06 Nov 17:37:27 941 - Catched spinner load exception due to Expected condition failed: waiting for ICar.support.WaitUtils$4@7abf8110 (tried for 11 second(s) with 500 milliseconds interval)</small> </font> </div>
<div class="test-event"> <font color="maroon"> <small> &emsp; &emsp;--- 06 Nov 17:37:27 942 - <b>11</b> - Spinner Load Wait: (Sync) - ICar.support.WaitUtils.waitForSpinner(WaitUtils.java:225)</small> </font> </div>
<div class="test-event"> <font color="maroon"> <small> &emsp; &emsp;--- 06 Nov 17:37:28 223 - Page URL:: https://i-car--staging.sandbox.lightning.force.com/lightning/r/instructor_qualification__c/a5gva000000zasjyao/view</small> </font> </div>
<div class="test-event"> <font color="maroon"> <small> &emsp; &emsp;--- 06 Nov 17:37:28 224 - <b>0</b> - Page Load Wait: (Sync) - ICar.support.Utils.waitForPageLoad(Utils.java:109)</small> </font> </div>
<div class="test-event"> <font color="maroon"> <small> &emsp; &emsp;--- 06 Nov 17:37:34 552 - Element Proxy element for: AjaxElementLocator 'By.xpath: (//button[contains(@aria-label,'Type of training requested')])[1]', is not displayed in page </small> </font> </div>
<div class="test-message">&emsp;Successfully Instructor Qualification was created&emsp;<a href=".\ScreenShot\DVY395_01_111434241329600.png" target="_blank" >[ScreenShot]</a></div>
<div class="test-event"> <font color="maroon"> <small> &emsp; &emsp;--- 06 Nov 17:37:34 771 - Element is displayed:: [[ChromeDriver: chrome on WINDOWS (eb7b3ad0ddd36889cf1c6302b26ce765)] -> xpath: //records-record-layout-item[@field-label='Name']//slot[@name='outputField']//lightning-formatted-text]</small> </font> </div>
<div class="test-event"> <font color="maroon"> <small> &emsp; &emsp;--- 06 Nov 17:37:45 253 - Catched spinner load exception due to Expected condition failed: waiting for ICar.support.WaitUtils$4@7abf8110 (tried for 10 second(s) with 500 milliseconds interval)</small> </font> </div>
<div class="test-event"> <font color="maroon"> <small> &emsp; &emsp;--- 06 Nov 17:37:45 253 - <b>10</b> - Spinner Load Wait: (Sync) - ICar.support.WaitUtils.waitForSpinner(WaitUtils.java:225)</small> </font> </div>
<div class="test-message">&emsp;4. Created Instructor Qualification name : IQ-001582&emsp;<a href=".\ScreenShot\DVY395_01_111452968959800.png" target="_blank" >[ScreenShot]</a></div>
<div class="test-message">&emsp;5. Click on Instructor Training Steps Tab.</div>
<div class="test-event"> <font color="maroon"> <small> &emsp; &emsp;--- 06 Nov 17:37:53 747 - Page URL:: https://i-car--staging.sandbox.lightning.force.com/lightning/r/instructor_qualification__c/a5gva000000zasjyao/view</small> </font> </div>
<div class="test-event"> <font color="maroon"> <small> &emsp; &emsp;--- 06 Nov 17:37:53 748 - <b>0</b> - Page Load Wait: (Sync) - ICar.support.Utils.waitForPageLoad(Utils.java:109)</small> </font> </div>
<div class="test-event"> <font color="maroon"> <small> &emsp; &emsp;--- 06 Nov 17:38:04 171 - Catched spinner load exception due to Expected condition failed: waiting for ICar.support.WaitUtils$4@7abf8110 (tried for 10 second(s) with 500 milliseconds interval)</small> </font> </div>
<div class="test-event"> <font color="maroon"> <small> &emsp; &emsp;--- 06 Nov 17:38:04 171 - <b>10</b> - Spinner Load Wait: (Sync) - ICar.support.WaitUtils.waitForSpinner(WaitUtils.java:225)</small> </font> </div>
<div class="test-event"> <font color="maroon"> <small> &emsp; &emsp;--- 06 Nov 17:38:08 018 - Page URL:: https://i-car--staging.sandbox.lightning.force.com/lightning/r/instructor_qualification__c/a5gva000000zasjyao/view</small> </font> </div>
<div class="test-event"> <font color="maroon"> <small> &emsp; &emsp;--- 06 Nov 17:38:08 018 - <b>0</b> - Page Load Wait: (Sync) - ICar.support.Utils.waitForPageLoad(Utils.java:109)</small> </font> </div>
<div class="test-event"> <font color="maroon"> <small> &emsp; &emsp;--- 06 Nov 17:38:08 117 - Element is displayed:: [[ChromeDriver: chrome on WINDOWS (eb7b3ad0ddd36889cf1c6302b26ce765)] -> xpath: //h2/a/span[text()='Instructor Training Steps']]</small> </font> </div>
<div class="test-event"> <font color="maroon"> <small> &emsp; &emsp;--- 06 Nov 17:38:08 577 - Page URL:: https://i-car--staging.sandbox.lightning.force.com/lightning/r/instructor_qualification__c/a5gva000000zasjyao/related/instructor_training_evaluations__r/view</small> </font> </div>
<div class="test-event"> <font color="maroon"> <small> &emsp; &emsp;--- 06 Nov 17:38:08 578 - <b>0</b> - Page Load Wait: (Sync) - ICar.support.Utils.waitForPageLoad(Utils.java:109)</small> </font> </div>
<div class="test-event"> <font color="maroon"> <small> &emsp; &emsp;--- 06 Nov 17:38:18 723 - Catched spinner load exception due to Expected condition failed: waiting for ICar.support.WaitUtils$4@7abf8110 (tried for 10 second(s) with 500 milliseconds interval)</small> </font> </div>
<div class="test-event"> <font color="maroon"> <small> &emsp; &emsp;--- 06 Nov 17:38:18 724 - <b>10</b> - Spinner Load Wait: (Sync) - ICar.support.WaitUtils.waitForSpinner(WaitUtils.java:225)</small> </font> </div>
<div class="test-event"> <font color="maroon"> <small> &emsp; &emsp;--- 06 Nov 17:38:18 923 - Page URL:: https://i-car--staging.sandbox.lightning.force.com/lightning/r/instructor_qualification__c/a5gva000000zasjyao/related/instructor_training_evaluations__r/view</small> </font> </div>
<div class="test-event"> <font color="maroon"> <small> &emsp; &emsp;--- 06 Nov 17:38:18 923 - <b>0</b> - Page Load Wait: (Sync) - ICar.support.Utils.waitForPageLoad(Utils.java:109)</small> </font> </div>
<div class="test-event"> <font color="maroon"> <small> &emsp; &emsp;--- 06 Nov 17:38:19 105 - Page URL:: https://i-car--staging.sandbox.lightning.force.com/lightning/r/instructor_qualification__c/a5gva000000zasjyao/related/instructor_training_evaluations__r/view</small> </font> </div>
<div class="test-event"> <font color="maroon"> <small> &emsp; &emsp;--- 06 Nov 17:38:19 106 - <b>0</b> - Page Load Wait: (Sync) - ICar.support.Utils.waitForPageLoad(Utils.java:109)</small> </font> </div>
<div class="test-event"> <font color="maroon"> <small> &emsp; &emsp;--- 06 Nov 17:38:33 176 - Catched spinner load exception due to Expected condition failed: waiting for ICar.support.WaitUtils$4@7abf8110 (tried for 14 second(s) with 500 milliseconds interval)</small> </font> </div>
<div class="test-event"> <font color="maroon"> <small> &emsp; &emsp;--- 06 Nov 17:38:33 177 - <b>14</b> - Spinner Load Wait: (Sync) - ICar.support.WaitUtils.waitForSpinner(WaitUtils.java:225)</small> </font> </div>
<div class="test-event"> <font color="maroon"> <small> &emsp; &emsp;--- 06 Nov 17:38:33 580 - Page URL:: https://i-car--staging.sandbox.lightning.force.com/lightning/r/instructor_qualification__c/a5gva000000zasjyao/related/instructor_training_evaluations__r/view</small> </font> </div>
<div class="test-event"> <font color="maroon"> <small> &emsp; &emsp;--- 06 Nov 17:38:33 580 - <b>0</b> - Page Load Wait: (Sync) - ICar.support.Utils.waitForPageLoad(Utils.java:109)</small> </font> </div>
<div class="test-event"> <font color="maroon"> <small> &emsp; &emsp;--- 06 Nov 17:38:33 675 - Element is displayed:: [[ChromeDriver: chrome on WINDOWS (eb7b3ad0ddd36889cf1c6302b26ce765)] -> xpath: //h1[@title='Instructor Training Steps']//following :: button[@name='New']]</small> </font> </div>
<div class="test-event"> <font color="maroon"> <small> &emsp; &emsp;--- 06 Nov 17:38:33 762 - Element is displayed:: [[ChromeDriver: chrome on WINDOWS (eb7b3ad0ddd36889cf1c6302b26ce765)] -> xpath: //h1[@title='Instructor Training Steps']//following :: button[@name='New']]</small> </font> </div>
<div class="test-event"> <font color="maroon"> <small> &emsp; &emsp;--- 06 Nov 17:38:34 279 - Page URL:: https://i-car--staging.sandbox.lightning.force.com/lightning/r/instructor_qualification__c/a5gva000000zasjyao/related/instructor_training_evaluations__r/view</small> </font> </div>
<div class="test-event"> <font color="maroon"> <small> &emsp; &emsp;--- 06 Nov 17:38:34 279 - <b>0</b> - Page Load Wait: (Sync) - ICar.support.Utils.waitForPageLoad(Utils.java:109)</small> </font> </div>
<div class="test-event"> <font color="maroon"> <small> &emsp; &emsp;--- 06 Nov 17:38:41 639 - Catched spinner load exception due to Expected condition failed: waiting for ICar.support.WaitUtils$4@7abf8110 (tried for 7 second(s) with 500 milliseconds interval)</small> </font> </div>
<div class="test-event"> <font color="maroon"> <small> &emsp; &emsp;--- 06 Nov 17:38:41 639 - <b>7</b> - Spinner Load Wait: (Sync) - ICar.support.WaitUtils.waitForSpinner(WaitUtils.java:225)</small> </font> </div>
<div class="test-event"> <font color="maroon"> <small> &emsp; &emsp;--- 06 Nov 17:38:42 100 - Page URL:: https://i-car--staging.sandbox.lightning.force.com/lightning/o/instructor_training_evaluation__c/new?count=2&nooverride=1&userecordtypecheck=1&navigationlocation=related_list&uid=173089491419088337&backgroundcontext=%2flightning%2fr%2finstructor_qualification__c%2fa5gva000000zasjyao%2frelated%2finstructor_training_evaluations__r%2fview</small> </font> </div>
<div class="test-event"> <font color="maroon"> <small> &emsp; &emsp;--- 06 Nov 17:38:42 100 - <b>0</b> - Page Load Wait: (Sync) - ICar.support.Utils.waitForPageLoad(Utils.java:109)</small> </font> </div>
<div class="test-message">&emsp;6. Create new Instructor Training Steps</div>
<div class="test-event"> <font color="maroon"> <small> &emsp; &emsp;--- 06 Nov 17:38:42 715 - Page URL:: https://i-car--staging.sandbox.lightning.force.com/lightning/o/instructor_training_evaluation__c/new?count=2&nooverride=1&userecordtypecheck=1&navigationlocation=related_list&uid=173089491419088337&backgroundcontext=%2flightning%2fr%2finstructor_qualification__c%2fa5gva000000zasjyao%2frelated%2finstructor_training_evaluations__r%2fview</small> </font> </div>
<div class="test-event"> <font color="maroon"> <small> &emsp; &emsp;--- 06 Nov 17:38:42 716 - <b>0</b> - Page Load Wait: (Sync) - ICar.support.Utils.waitForPageLoad(Utils.java:109)</small> </font> </div>
<div class="test-event"> <font color="maroon"> <small> &emsp; &emsp;--- 06 Nov 17:38:42 885 - Element is displayed:: [[ChromeDriver: chrome on WINDOWS (eb7b3ad0ddd36889cf1c6302b26ce765)] -> xpath: //button[contains(@aria-label,'Training Steps')]]</small> </font> </div>
<div class="test-event"> <font color="maroon"> <small> &emsp; &emsp;--- 06 Nov 17:38:43 217 - Element is displayed:: [[ChromeDriver: chrome on WINDOWS (eb7b3ad0ddd36889cf1c6302b26ce765)] -> xpath: //button[contains(@aria-label,'Training Steps')]//following :: span[@class='slds-media__body']//span[@title='Miscellaneous']]</small> </font> </div>
<div class="test-event"> <font color="maroon"> <small> &emsp; &emsp;--- 06 Nov 17:38:43 430 - Element is displayed:: [[ChromeDriver: chrome on WINDOWS (eb7b3ad0ddd36889cf1c6302b26ce765)] -> xpath: (//button[contains(text(), 'Save')])[2]]</small> </font> </div>
<div class="test-event"> <font color="maroon"> <small> &emsp; &emsp;--- 06 Nov 17:38:44 287 - Page URL:: https://i-car--staging.sandbox.lightning.force.com/lightning/o/instructor_training_evaluation__c/new?count=2&nooverride=1&userecordtypecheck=1&navigationlocation=related_list&uid=173089491419088337&backgroundcontext=%2flightning%2fr%2finstructor_qualification__c%2fa5gva000000zasjyao%2frelated%2finstructor_training_evaluations__r%2fview</small> </font> </div>
<div class="test-event"> <font color="maroon"> <small> &emsp; &emsp;--- 06 Nov 17:38:44 288 - <b>0</b> - Page Load Wait: (Sync) - ICar.support.Utils.waitForPageLoad(Utils.java:109)</small> </font> </div>
<div class="test-event"> <font color="maroon"> <small> &emsp; &emsp;--- 06 Nov 17:38:44 721 - Page URL:: https://i-car--staging.sandbox.lightning.force.com/lightning/o/instructor_training_evaluation__c/new?count=2&nooverride=1&userecordtypecheck=1&navigationlocation=related_list&uid=173089491419088337&backgroundcontext=%2flightning%2fr%2finstructor_qualification__c%2fa5gva000000zasjyao%2frelated%2finstructor_training_evaluations__r%2fview</small> </font> </div>
<div class="test-event"> <font color="maroon"> <small> &emsp; &emsp;--- 06 Nov 17:38:44 721 - <b>0</b> - Page Load Wait: (Sync) - ICar.support.Utils.waitForPageLoad(Utils.java:109)</small> </font> </div>
<div class="test-event"> <font color="maroon"> <small> &emsp; &emsp;--- 06 Nov 17:38:55 884 - Catched spinner load exception due to Expected condition failed: waiting for ICar.support.WaitUtils$4@7abf8110 (tried for 11 second(s) with 500 milliseconds interval)</small> </font> </div>
<div class="test-event"> <font color="maroon"> <small> &emsp; &emsp;--- 06 Nov 17:38:55 885 - <b>11</b> - Spinner Load Wait: (Sync) - ICar.support.WaitUtils.waitForSpinner(WaitUtils.java:225)</small> </font> </div>
<div class="test-event"> <font color="maroon"> <small> &emsp; &emsp;--- 06 Nov 17:38:56 331 - Page URL:: https://i-car--staging.sandbox.lightning.force.com/lightning/r/instructor_qualification__c/a5gva000000zasjyao/related/instructor_training_evaluations__r/view</small> </font> </div>
<div class="test-event"> <font color="maroon"> <small> &emsp; &emsp;--- 06 Nov 17:38:56 331 - <b>0</b> - Page Load Wait: (Sync) - ICar.support.Utils.waitForPageLoad(Utils.java:109)</small> </font> </div>
<div class="test-event"> <font color="maroon"> <small> &emsp; &emsp;--- 06 Nov 17:39:02 486 - Element Proxy element for: AjaxElementLocator 'By.xpath: //button[contains(@aria-label,'Training Steps')]', is not displayed in page </small> </font> </div>
<div class="test-message">&emsp;Successfully created Instructor Training Steps&emsp;<a href=".\ScreenShot\DVY395_01_111522175292000.png" target="_blank" >[ScreenShot]</a></div>
<div class="test-event"> <font color="maroon"> <small> &emsp; &emsp;--- 06 Nov 17:39:07 890 - Element is displayed:: [[ChromeDriver: chrome on WINDOWS (eb7b3ad0ddd36889cf1c6302b26ce765)] -> xpath: //h1[@title='Instructor Training Steps']//following :: table/tbody/tr/th//a]</small> </font> </div>
<div class="test-message">&emsp;7. Generate the Payment record</div>
<div class="test-event"> <font color="maroon"> <small> &emsp; &emsp;--- 06 Nov 17:39:08 284 - Page URL:: https://i-car--staging.sandbox.lightning.force.com/lightning/r/instructor_training_evaluation__c/a5hva00000crxzdyar/view</small> </font> </div>
<div class="test-event"> <font color="maroon"> <small> &emsp; &emsp;--- 06 Nov 17:39:08 284 - <b>0</b> - Page Load Wait: (Sync) - ICar.support.Utils.waitForPageLoad(Utils.java:109)</small> </font> </div>
<div class="test-event"> <font color="maroon"> <small> &emsp; &emsp;--- 06 Nov 17:39:23 620 - Catched spinner load exception due to Expected condition failed: waiting for ICar.support.WaitUtils$4@7abf8110 (tried for 15 second(s) with 500 milliseconds interval)</small> </font> </div>
<div class="test-event"> <font color="maroon"> <small> &emsp; &emsp;--- 06 Nov 17:39:23 620 - <b>15</b> - Spinner Load Wait: (Sync) - ICar.support.WaitUtils.waitForSpinner(WaitUtils.java:225)</small> </font> </div>
<div class="test-event"> <font color="maroon"> <small> &emsp; &emsp;--- 06 Nov 17:39:23 956 - Page URL:: https://i-car--staging.sandbox.lightning.force.com/lightning/r/instructor_training_evaluation__c/a5hva00000crxzdyar/view</small> </font> </div>
<div class="test-event"> <font color="maroon"> <small> &emsp; &emsp;--- 06 Nov 17:39:23 956 - <b>0</b> - Page Load Wait: (Sync) - ICar.support.Utils.waitForPageLoad(Utils.java:109)</small> </font> </div>
<div class="test-event"> <font color="maroon"> <small> &emsp; &emsp;--- 06 Nov 17:39:24 326 - Page URL:: https://i-car--staging.sandbox.lightning.force.com/lightning/r/instructor_training_evaluation__c/a5hva00000crxzdyar/view</small> </font> </div>
<div class="test-event"> <font color="maroon"> <small> &emsp; &emsp;--- 06 Nov 17:39:24 327 - <b>0</b> - Page Load Wait: (Sync) - ICar.support.Utils.waitForPageLoad(Utils.java:109)</small> </font> </div>
<div class="test-event"> <font color="maroon"> <small> &emsp; &emsp;--- 06 Nov 17:39:24 400 - Element is displayed:: [[ChromeDriver: chrome on WINDOWS (eb7b3ad0ddd36889cf1c6302b26ce765)] -> xpath: //button[text()='Next']]</small> </font> </div>
<div class="test-event"> <font color="maroon"> <small> &emsp; &emsp;--- 06 Nov 17:39:32 704 - Page URL:: https://i-car--staging.sandbox.lightning.force.com/lightning/r/instructor_training_evaluation__c/a5hva00000crxzdyar/view</small> </font> </div>
<div class="test-event"> <font color="maroon"> <small> &emsp; &emsp;--- 06 Nov 17:39:32 705 - <b>0</b> - Page Load Wait: (Sync) - ICar.support.Utils.waitForPageLoad(Utils.java:109)</small> </font> </div>
<div class="test-event"> <font color="maroon"> <small> &emsp; &emsp;--- 06 Nov 17:39:32 778 - Element is displayed:: [[ChromeDriver: chrome on WINDOWS (eb7b3ad0ddd36889cf1c6302b26ce765)] -> xpath: //input[@name='Amount']]</small> </font> </div>
<div class="test-event"> <font color="maroon"> <small> &emsp; &emsp;--- 06 Nov 17:39:33 366 - Page URL:: https://i-car--staging.sandbox.lightning.force.com/lightning/r/instructor_training_evaluation__c/a5hva00000crxzdyar/view</small> </font> </div>
<div class="test-event"> <font color="maroon"> <small> &emsp; &emsp;--- 06 Nov 17:39:33 367 - <b>0</b> - Page Load Wait: (Sync) - ICar.support.Utils.waitForPageLoad(Utils.java:109)</small> </font> </div>
<div class="test-event"> <font color="maroon"> <small> &emsp; &emsp;--- 06 Nov 17:39:33 432 - Element is displayed:: [[ChromeDriver: chrome on WINDOWS (eb7b3ad0ddd36889cf1c6302b26ce765)] -> xpath: //button[text()='Next']]</small> </font> </div>
<div class="test-event"> <font color="maroon"> <small> &emsp; &emsp;--- 06 Nov 17:39:34 419 - Element is displayed:: [[ChromeDriver: chrome on WINDOWS (eb7b3ad0ddd36889cf1c6302b26ce765)] -> xpath: //div/div//div[3]/div[2]/slot/flexipage-component2/slot//div[2]/button|//flexipage-component2[1]//lightning-button[@class='slds-button flow-button__FINISH']//button]</small> </font> </div>
<div class="test-message">&emsp;Training Instructor Payment for Miscellaneous - </div>
<div class="test-event"> <font color="maroon"> <small> &emsp; &emsp;--- 06 Nov 17:39:45 499 - Catched spinner load exception due to Expected condition failed: waiting for ICar.support.WaitUtils$4@7abf8110 (tried for 10 second(s) with 500 milliseconds interval)</small> </font> </div>
<div class="test-event"> <font color="maroon"> <small> &emsp; &emsp;--- 06 Nov 17:39:45 500 - <b>10</b> - Spinner Load Wait: (Sync) - ICar.support.WaitUtils.waitForSpinner(WaitUtils.java:225)</small> </font> </div>
<div class="test-event"> <font color="maroon"> <small> &emsp; &emsp;--- 06 Nov 17:39:52 926 - Element is displayed:: [[ChromeDriver: chrome on WINDOWS (eb7b3ad0ddd36889cf1c6302b26ce765)] -> xpath: (//span[contains(text(),'Training Instructor Payment')]//following :: a)[1]]</small> </font> </div>
<div class="test-message">&emsp;Successfully Training Instructor Payment was Created&emsp;<a href=".\ScreenShot\DVY395_01_111572728884300.png" target="_blank" >[ScreenShot]</a></div>
<div class="test-event"> <font color="maroon"> <small> &emsp; &emsp;--- 06 Nov 17:39:53 882 - Element is displayed:: [[ChromeDriver: chrome on WINDOWS (eb7b3ad0ddd36889cf1c6302b26ce765)] -> xpath: //records-entity-label[text()='Instructor Payment']//following :: slot[@name='primaryField']//lightning-formatted-text]</small> </font> </div>
<div class="test-event"> <font color="maroon"> <small> &emsp; &emsp;--- 06 Nov 17:40:04 390 - Catched spinner load exception due to Expected condition failed: waiting for ICar.support.WaitUtils$4@7abf8110 (tried for 10 second(s) with 500 milliseconds interval)</small> </font> </div>
<div class="test-event"> <font color="maroon"> <small> &emsp; &emsp;--- 06 Nov 17:40:04 390 - <b>10</b> - Spinner Load Wait: (Sync) - ICar.support.WaitUtils.waitForSpinner(WaitUtils.java:225)</small> </font> </div>
<div class="test-message">&emsp;8. Created Instructor Qualification name : P-060379&emsp;<a href=".\ScreenShot\DVY395_01_111592111743700.png" target="_blank" >[ScreenShot]</a></div>
<div class="test-message">&emsp;9. Click the Instructor Payment</div>
<div class="test-event"> <font color="maroon"> <small> &emsp; &emsp;--- 06 Nov 17:40:13 063 - Page URL:: https://i-car--staging.sandbox.lightning.force.com/lightning/r/instructor_payment__c/a5vva000000xycpyaw/view</small> </font> </div>
<div class="test-event"> <font color="maroon"> <small> &emsp; &emsp;--- 06 Nov 17:40:13 063 - <b>0</b> - Page Load Wait: (Sync) - ICar.support.Utils.waitForPageLoad(Utils.java:109)</small> </font> </div>
<div class="test-event"> <font color="maroon"> <small> &emsp; &emsp;--- 06 Nov 17:40:18 505 - Catched spinner load exception due to Expected condition failed: waiting for ICar.support.WaitUtils$4@7abf8110 (tried for 5 second(s) with 500 milliseconds interval)</small> </font> </div>
<div class="test-event"> <font color="maroon"> <small> &emsp; &emsp;--- 06 Nov 17:40:18 506 - <b>5</b> - Spinner Load Wait: (Sync) - ICar.support.WaitUtils.waitForSpinner(WaitUtils.java:225)</small> </font> </div>
<div class="test-message">&emsp;Earnings code text displayed as  :  Reg</div>
<div class="test-message">&emsp;Payment Amount displayed as :  $22</div>
<div class="test-message">&emsp;Status Displayed as: Pending</div>
<div class="test-event"> <font color="maroon"> <small> &emsp; &emsp;--- 06 Nov 17:40:18 767 - Element is displayed:: [[ChromeDriver: chrome on WINDOWS (eb7b3ad0ddd36889cf1c6302b26ce765)] -> xpath: (//span[contains(text(),'Earnings Code')]//following::div//slot//records-formula-output//slot//lightning-formatted-text)[1]]</small> </font> </div>
<div class="test-event"> <font color="maroon"> <small> &emsp; &emsp;--- 06 Nov 17:40:18 847 - Element is displayed:: [[ChromeDriver: chrome on WINDOWS (eb7b3ad0ddd36889cf1c6302b26ce765)] -> xpath: (//span[contains(text(),'Payment Amount')]//following::div//span//slot//lightning-formatted-text)[1]]</small> </font> </div>
<div class="test-event"> <font color="maroon"> <small> &emsp; &emsp;--- 06 Nov 17:40:18 922 - Element is displayed:: [[ChromeDriver: chrome on WINDOWS (eb7b3ad0ddd36889cf1c6302b26ce765)] -> xpath: (//span[text()='Status'])[5]//following::div[1]/span/slot[1]/lightning-formatted-text]</small> </font> </div>
<div class="test-message">&emsp;Successfully Validate the Instructor Payment&emsp;<a href=".\ScreenShot\DVY395_01_111598611377400.png" target="_blank" >[ScreenShot]</a></div>
<div class="test-event"> <font color="maroon"> <small> &emsp; &emsp;--- 06 Nov 17:40:19 485 - Page URL:: https://i-car--staging.sandbox.lightning.force.com/lightning/r/instructor_payment__c/a5vva000000xycpyaw/view</small> </font> </div>
<div class="test-event"> <font color="maroon"> <small> &emsp; &emsp;--- 06 Nov 17:40:19 485 - <b>0</b> - Page Load Wait: (Sync) - ICar.support.Utils.waitForPageLoad(Utils.java:109)</small> </font> </div>
<div class="test-event"> <font color="maroon"> <small> &emsp; &emsp;--- 06 Nov 17:40:24 930 - Page URL:: https://i-car--staging.sandbox.lightning.force.com/lightning/r/instructor_payment__c/a5vva000000xycpyaw/view</small> </font> </div>
<div class="test-event"> <font color="maroon"> <small> &emsp; &emsp;--- 06 Nov 17:40:24 930 - <b>0</b> - Page Load Wait: (Sync) - ICar.support.Utils.waitForPageLoad(Utils.java:109)</small> </font> </div>
<div class="test-message">&emsp;Close the tab</div>
<div class="test-result"><br><font color="green"><strong> Test Passed. </strong></font> </div>&emsp;
&emsp;<div class="test-title"> <strong><font size = "3" color = "#0000FF">---Test Execution Ends---</font> </strong> </div>&emsp;]]>
    </system-out>
  </testcase> <!-- DVY395_01 -->
  <system-out>
    <![CDATA[<div class="test-event"> <font color="maroon"> <small> &emsp; &emsp;--- 06 Nov 17:31:30 203 - TestCaseID:: DVY395_01</small> </font> </div>
<div class="test-event"> <font color="maroon"> <small> &emsp; &emsp;--- 06 Nov 17:31:33 063 - <b>3</b> - Driver::initialize::Get - ICar.support.WebDriverFactory.getDriver(WebDriverFactory.java:640)</small> </font> </div>
&emsp;<div class="test-title"> <strong><font size = "3" color = "#000080">Verify the Earning Code is updated as Reg in the payment record for "Miscellaneous" ITS training step for the related IQ type as 'General'</font> </strong> </div>&emsp;<div><strong>Steps:</strong></div><!-- Report -->&emsp;
<div class="test-event"> <font color="maroon"> <small> &emsp; &emsp;--- 06 Nov 17:31:35 055 - Page URL:: https://i-car--staging.sandbox.my.salesforce.com/</small> </font> </div>
<div class="test-event"> <font color="maroon"> <small> &emsp; &emsp;--- 06 Nov 17:31:35 055 - <b>0</b> - Page Load Wait: (Sync) - ICar.support.Utils.waitForPageLoad(Utils.java:109)</small> </font> </div>
<div class="test-message">&emsp;Successfully navigated to 'Login' Page&emsp;<a href=".\ScreenShot\DVY395_01_111074751481400.png" target="_blank" >[ScreenShot]</a></div>
<div class="test-message">&emsp;Login page is launched.</div>
<div class="test-event"> <font color="maroon"> <small> &emsp; &emsp;--- 06 Nov 17:31:35 871 - Element is displayed:: [[ChromeDriver: chrome on WINDOWS (eb7b3ad0ddd36889cf1c6302b26ce765)] -> id: username]</small> </font> </div>
<div class="test-event"> <font color="maroon"> <small> &emsp; &emsp;--- 06 Nov 17:31:36 075 - Element is displayed:: [[ChromeDriver: chrome on WINDOWS (eb7b3ad0ddd36889cf1c6302b26ce765)] -> id: username]</small> </font> </div>
<div class="test-event"> <font color="maroon"> <small> &emsp; &emsp;--- 06 Nov 17:31:36 343 - Element is displayed:: [[ChromeDriver: chrome on WINDOWS (eb7b3ad0ddd36889cf1c6302b26ce765)] -> id: password]</small> </font> </div>
<div class="test-event"> <font color="maroon"> <small> &emsp; &emsp;--- 06 Nov 17:31:36 570 - Element is displayed:: [[ChromeDriver: chrome on WINDOWS (eb7b3ad0ddd36889cf1c6302b26ce765)] -> id: Login]</small> </font> </div>
<div class="test-event"> <font color="maroon"> <small> &emsp; &emsp;--- 06 Nov 17:32:04 134 - Catched spinner load exception due to Expected condition failed: waiting for ICar.support.WaitUtils$4@7abf8110 (tried for 13 second(s) with 500 milliseconds interval)</small> </font> </div>
<div class="test-event"> <font color="maroon"> <small> &emsp; &emsp;--- 06 Nov 17:32:04 134 - <b>13</b> - Spinner Load Wait: (Sync) - ICar.support.WaitUtils.waitForSpinner(WaitUtils.java:225)</small> </font> </div>
<div class="test-event"> <font color="maroon"> <small> &emsp; &emsp;--- 06 Nov 17:32:23 569 - Catched spinner load exception due to Expected condition failed: waiting for ICar.support.WaitUtils$4@7abf8110 (tried for 6 second(s) with 500 milliseconds interval)</small> </font> </div>
<div class="test-event"> <font color="maroon"> <small> &emsp; &emsp;--- 06 Nov 17:32:23 570 - <b>6</b> - Spinner Load Wait: (Sync) - ICar.support.WaitUtils.waitForSpinner(WaitUtils.java:225)</small> </font> </div>
<div class="test-event"> <font color="maroon"> <small> &emsp; &emsp;--- 06 Nov 17:32:23 666 - Element is displayed:: [[ChromeDriver: chrome on WINDOWS (eb7b3ad0ddd36889cf1c6302b26ce765)] -> css selector: button[class*='search-button']]</small> </font> </div>
<div class="test-message">&emsp;Successfully navigated to Sales Force Page&emsp;<a href=".\ScreenShot\DVY395_01_111123354912000.png" target="_blank" >[ScreenShot]</a></div>
<div class="test-message">&emsp;Enter the user credentials as : icaradminautomation3@i-car.com.staging</div>
<div class="test-event"> <font color="maroon"> <small> &emsp; &emsp;--- 06 Nov 17:32:24 442 - Page URL:: https://i-car--staging.sandbox.lightning.force.com/lightning/o/account/list?filtername=00b1i000007mf4quaa</small> </font> </div>
<div class="test-event"> <font color="maroon"> <small> &emsp; &emsp;--- 06 Nov 17:32:24 442 - <b>0</b> - Page Load Wait: (Sync) - ICar.support.Utils.waitForPageLoad(Utils.java:109)</small> </font> </div>
<div class="test-event"> <font color="maroon"> <small> &emsp; &emsp;--- 06 Nov 17:32:30 010 - Page URL:: https://i-car--staging.sandbox.lightning.force.com/lightning/o/account/list?filtername=00b1i000007mf4quaa</small> </font> </div>
<div class="test-event"> <font color="maroon"> <small> &emsp; &emsp;--- 06 Nov 17:32:30 010 - <b>0</b> - Page Load Wait: (Sync) - ICar.support.Utils.waitForPageLoad(Utils.java:109)</small> </font> </div>
<div class="test-message">&emsp;Close the tab</div>
<div class="test-message">&emsp;Login to the platform delivery user : Sonja Bristow</div>
<div class="test-event"> <font color="maroon"> <small> &emsp; &emsp;--- 06 Nov 17:32:41 588 - Page URL:: https://i-car--staging.sandbox.lightning.force.com/lightning/o/account/list?filtername=00b1i000007mf4quaa</small> </font> </div>
<div class="test-event"> <font color="maroon"> <small> &emsp; &emsp;--- 06 Nov 17:32:41 588 - <b>0</b> - Page Load Wait: (Sync) - ICar.support.Utils.waitForPageLoad(Utils.java:109)</small> </font> </div>
<div class="test-event"> <font color="maroon"> <small> &emsp; &emsp;--- 06 Nov 17:32:41 964 - Page URL:: https://i-car--staging.sandbox.lightning.force.com/lightning/o/account/list?filtername=00b1i000007mf4quaa</small> </font> </div>
<div class="test-event"> <font color="maroon"> <small> &emsp; &emsp;--- 06 Nov 17:32:41 965 - <b>0</b> - Page Load Wait: (Sync) - ICar.support.Utils.waitForPageLoad(Utils.java:109)</small> </font> </div>
<div class="test-event"> <font color="maroon"> <small> &emsp; &emsp;--- 06 Nov 17:32:42 019 - Element is displayed:: [[ChromeDriver: chrome on WINDOWS (eb7b3ad0ddd36889cf1c6302b26ce765)] -> xpath: //ul[@class='slds-global-actions']//div[@class='setupGear']]</small> </font> </div>
<div class="test-event"> <font color="maroon"> <small> &emsp; &emsp;--- 06 Nov 17:32:42 087 - Element is displayed:: [[ChromeDriver: chrome on WINDOWS (eb7b3ad0ddd36889cf1c6302b26ce765)] -> xpath: //ul[@class='slds-global-actions']//div[@class='setupGear']]</small> </font> </div>
<div class="test-event"> <font color="maroon"> <small> &emsp; &emsp;--- 06 Nov 17:32:46 013 - Page URL:: https://i-car--staging.sandbox.lightning.force.com/lightning/o/account/list?filtername=00b1i000007mf4quaa</small> </font> </div>
<div class="test-event"> <font color="maroon"> <small> &emsp; &emsp;--- 06 Nov 17:32:46 015 - <b>0</b> - Page Load Wait: (Sync) - ICar.support.Utils.waitForPageLoad(Utils.java:109)</small> </font> </div>
<div class="test-event"> <font color="maroon"> <small> &emsp; &emsp;--- 06 Nov 17:32:49 240 - Catched spinner load exception due to Expected condition failed: waiting for ICar.support.WaitUtils$4@7abf8110 (tried for 3 second(s) with 500 milliseconds interval)</small> </font> </div>
<div class="test-event"> <font color="maroon"> <small> &emsp; &emsp;--- 06 Nov 17:32:49 241 - <b>3</b> - Spinner Load Wait: (Sync) - ICar.support.WaitUtils.waitForSpinner(WaitUtils.java:225)</small> </font> </div>
<div class="test-event"> <font color="maroon"> <small> &emsp; &emsp;--- 06 Nov 17:32:50 573 - Page URL:: https://i-car--staging.sandbox.lightning.force.com/lightning/o/account/list?filtername=00b1i000007mf4quaa</small> </font> </div>
<div class="test-event"> <font color="maroon"> <small> &emsp; &emsp;--- 06 Nov 17:32:50 574 - <b>1</b> - Page Load Wait: (Sync) - ICar.support.Utils.waitForPageLoad(Utils.java:109)</small> </font> </div>
<div class="test-event"> <font color="maroon"> <small> &emsp; &emsp;--- 06 Nov 17:32:51 092 - Page URL:: https://i-car--staging.sandbox.my.salesforce-setup.com/lightning/setup/setuponehome/home?setupdomainprobepassed=true</small> </font> </div>
<div class="test-event"> <font color="maroon"> <small> &emsp; &emsp;--- 06 Nov 17:32:51 092 - <b>0</b> - Page Load Wait: (Sync) - ICar.support.Utils.waitForPageLoad(Utils.java:109)</small> </font> </div>
<div class="test-event"> <font color="maroon"> <small> &emsp; &emsp;--- 06 Nov 17:32:56 381 - Page URL:: https://i-car--staging.sandbox.my.salesforce-setup.com/lightning/setup/setuponehome/home</small> </font> </div>
<div class="test-event"> <font color="maroon"> <small> &emsp; &emsp;--- 06 Nov 17:32:56 381 - <b>0</b> - Page Load Wait: (Sync) - ICar.support.Utils.waitForPageLoad(Utils.java:109)</small> </font> </div>
<div class="test-message">&emsp;Close the tab</div>
<div class="test-event"> <font color="maroon"> <small> &emsp; &emsp;--- 06 Nov 17:33:01 798 - Page URL:: https://i-car--staging.sandbox.my.salesforce-setup.com/lightning/setup/setuponehome/home</small> </font> </div>
<div class="test-event"> <font color="maroon"> <small> &emsp; &emsp;--- 06 Nov 17:33:01 798 - <b>0</b> - Page Load Wait: (Sync) - ICar.support.Utils.waitForPageLoad(Utils.java:109)</small> </font> </div>
<div class="test-event"> <font color="maroon"> <small> &emsp; &emsp;--- 06 Nov 17:33:13 473 - Unable to find an element after 2 sec ==> Proxy element for: AjaxElementLocator 'By.cssSelector: button[class*='search-button']'</small> </font> </div>
<div class="test-event"> <font color="maroon"> <small> &emsp; &emsp;--- 06 Nov 17:33:15 613 - Catched spinner load exception due to Expected condition failed: waiting for ICar.support.WaitUtils$4@7abf8110 (tried for 2 second(s) with 500 milliseconds interval)</small> </font> </div>
<div class="test-event"> <font color="maroon"> <small> &emsp; &emsp;--- 06 Nov 17:33:15 613 - <b>2</b> - Spinner Load Wait: (Sync) - ICar.support.WaitUtils.waitForSpinner(WaitUtils.java:225)</small> </font> </div>
<div class="test-event"> <font color="maroon"> <small> &emsp; &emsp;--- 06 Nov 17:33:18 808 - Page URL:: https://i-car--staging.sandbox.my.salesforce-setup.com/lightning/setup/setuponehome/home</small> </font> </div>
<div class="test-event"> <font color="maroon"> <small> &emsp; &emsp;--- 06 Nov 17:33:18 809 - <b>0</b> - Page Load Wait: (Sync) - ICar.support.Utils.waitForPageLoad(Utils.java:109)</small> </font> </div>
<div class="test-event"> <font color="maroon"> <small> &emsp; &emsp;--- 06 Nov 17:33:21 905 - Element is displayed:: [[ChromeDriver: chrome on WINDOWS (eb7b3ad0ddd36889cf1c6302b26ce765)] -> css selector: div[class*='uiInput--default'] input]</small> </font> </div>
<div class="test-event"> <font color="maroon"> <small> &emsp; &emsp;--- 06 Nov 17:33:38 827 - Catched spinner load exception due to Expected condition failed: waiting for ICar.support.WaitUtils$4@7abf8110 (tried for 10 second(s) with 500 milliseconds interval)</small> </font> </div>
<div class="test-event"> <font color="maroon"> <small> &emsp; &emsp;--- 06 Nov 17:33:38 827 - <b>10</b> - Spinner Load Wait: (Sync) - ICar.support.WaitUtils.waitForSpinner(WaitUtils.java:225)</small> </font> </div>
<div class="test-event"> <font color="maroon"> <small> &emsp; &emsp;--- 06 Nov 17:33:38 975 - Page URL:: https://i-car--staging.sandbox.my.salesforce-setup.com/one/one.app#eyjjb21wb25lbnrezwyioijmb3jjzvnlyxjjadpzzwfyy2gilcjhdhryawj1dgvzijp7inrlcm0ioijtb25qysbccmlzdg93iiwic2nvcgvnyxaionsibgfizwxqbhvyywwioijtzxr1ccisim5hbwvzcgfjzsi6ilnldhvwiiwidhlwzsi6ilrpuf9srvnvtfrtin0simnvbnrlehqionsizglzywjszvnwzwxsq29ycmvjdglvbii6zmfsc2usimrpc2fibgvjbnrlbnrrdwvyesi6zmfsc2usinnlyxjjafnvdxjjzsi6ikloufvux0rfu0tut1aifswiz3jvdxbjzci6ikrfrkfvtfqifswic3rhdguiont9fq%3d%3d</small> </font> </div>
<div class="test-event"> <font color="maroon"> <small> &emsp; &emsp;--- 06 Nov 17:33:38 975 - <b>0</b> - Page Load Wait: (Sync) - ICar.support.Utils.waitForPageLoad(Utils.java:109)</small> </font> </div>
<div class="test-event"> <font color="maroon"> <small> &emsp; &emsp;--- 06 Nov 17:33:49 994 - Catched spinner load exception due to Expected condition failed: waiting for ICar.support.WaitUtils$4@7abf8110 (tried for 11 second(s) with 500 milliseconds interval)</small> </font> </div>
<div class="test-event"> <font color="maroon"> <small> &emsp; &emsp;--- 06 Nov 17:33:49 994 - <b>11</b> - Spinner Load Wait: (Sync) - ICar.support.WaitUtils.waitForSpinner(WaitUtils.java:225)</small> </font> </div>
<div class="test-event"> <font color="maroon"> <small> &emsp; &emsp;--- 06 Nov 17:33:50 179 - Page URL:: https://i-car--staging.sandbox.my.salesforce-setup.com/one/one.app#eyjjb21wb25lbnrezwyioijmb3jjzvnlyxjjadpzzwfyy2gilcjhdhryawj1dgvzijp7inrlcm0ioijtb25qysbccmlzdg93iiwic2nvcgvnyxaionsibgfizwxqbhvyywwioijtzxr1ccisim5hbwvzcgfjzsi6ilnldhvwiiwidhlwzsi6ilrpuf9srvnvtfrtin0simnvbnrlehqionsizglzywjszvnwzwxsq29ycmvjdglvbii6zmfsc2usimrpc2fibgvjbnrlbnrrdwvyesi6zmfsc2usinnlyxjjafnvdxjjzsi6ikloufvux0rfu0tut1aifswiz3jvdxbjzci6ikrfrkfvtfqifswic3rhdguiont9fq%3d%3d</small> </font> </div>
<div class="test-event"> <font color="maroon"> <small> &emsp; &emsp;--- 06 Nov 17:33:50 179 - <b>0</b> - Page Load Wait: (Sync) - ICar.support.Utils.waitForPageLoad(Utils.java:109)</small> </font> </div>
<div class="test-event"> <font color="maroon"> <small> &emsp; &emsp;--- 06 Nov 17:33:50 235 - Element is displayed:: [[ChromeDriver: chrome on WINDOWS (eb7b3ad0ddd36889cf1c6302b26ce765)] -> xpath: //a[@title='Top Results']//span[text()='Top Results']]</small> </font> </div>
<div class="test-event"> <font color="maroon"> <small> &emsp; &emsp;--- 06 Nov 17:33:50 469 - Page URL:: https://i-car--staging.sandbox.my.salesforce-setup.com/one/one.app#eyjjb21wb25lbnrezwyioijmb3jjzvnlyxjjadpzzwfyy2gilcjhdhryawj1dgvzijp7inrlcm0ioijtb25qysbccmlzdg93iiwic2nvcgvnyxaionsibgfizwxqbhvyywwioijtzxr1ccisim5hbwvzcgfjzsi6ilnldhvwiiwidhlwzsi6ilrpuf9srvnvtfrtin0simnvbnrlehqionsizglzywjszvnwzwxsq29ycmvjdglvbii6zmfsc2usimrpc2fibgvjbnrlbnrrdwvyesi6zmfsc2usinnlyxjjafnvdxjjzsi6ikloufvux0rfu0tut1aifswiz3jvdxbjzci6ikrfrkfvtfqifswic3rhdguiont9fq%3d%3d</small> </font> </div>
<div class="test-event"> <font color="maroon"> <small> &emsp; &emsp;--- 06 Nov 17:33:50 470 - <b>0</b> - Page Load Wait: (Sync) - ICar.support.Utils.waitForPageLoad(Utils.java:109)</small> </font> </div>
<div class="test-event"> <font color="maroon"> <small> &emsp; &emsp;--- 06 Nov 17:33:55 720 - Catched spinner load exception due to Expected condition failed: waiting for ICar.support.WaitUtils$4@7abf8110 (tried for 5 second(s) with 500 milliseconds interval)</small> </font> </div>
<div class="test-event"> <font color="maroon"> <small> &emsp; &emsp;--- 06 Nov 17:33:55 720 - <b>5</b> - Spinner Load Wait: (Sync) - ICar.support.WaitUtils.waitForSpinner(WaitUtils.java:225)</small> </font> </div>
<div class="test-event"> <font color="maroon"> <small> &emsp; &emsp;--- 06 Nov 17:33:55 875 - Page URL:: https://i-car--staging.sandbox.my.salesforce-setup.com/one/one.app#eyjjb21wb25lbnrezwyioijmb3jjzvnlyxjjadpzzwfyy2gilcjhdhryawj1dgvzijp7inrlcm0ioijtb25qysbccmlzdg93iiwic2nvcgvnyxaionsibgfizwxqbhvyywwioijtzxr1ccisim5hbwvzcgfjzsi6ilnldhvwiiwidhlwzsi6ilrpuf9srvnvtfrtin0simnvbnrlehqionsizglzywjszvnwzwxsq29ycmvjdglvbii6zmfsc2usimrpc2fibgvjbnrlbnrrdwvyesi6zmfsc2usinnlyxjjafnvdxjjzsi6ikloufvux0rfu0tut1aifswiz3jvdxbjzci6ikrfrkfvtfqifswic3rhdguiont9fq%3d%3d</small> </font> </div>
<div class="test-event"> <font color="maroon"> <small> &emsp; &emsp;--- 06 Nov 17:33:55 875 - <b>0</b> - Page Load Wait: (Sync) - ICar.support.Utils.waitForPageLoad(Utils.java:109)</small> </font> </div>
<div class="test-event"> <font color="maroon"> <small> &emsp; &emsp;--- 06 Nov 17:33:56 096 - Page URL:: https://i-car--staging.sandbox.my.salesforce-setup.com/one/one.app#eyjjb21wb25lbnrezwyioijmb3jjzvnlyxjjadpzzwfyy2gilcjhdhryawj1dgvzijp7inrlcm0ioijtb25qysbccmlzdg93iiwic2nvcgvnyxaionsibgfizwxqbhvyywwioijtzxr1ccisim5hbwvzcgfjzsi6ilnldhvwiiwidhlwzsi6ilrpuf9srvnvtfrtin0simnvbnrlehqionsizglzywjszvnwzwxsq29ycmvjdglvbii6zmfsc2usimrpc2fibgvjbnrlbnrrdwvyesi6zmfsc2usinnlyxjjafnvdxjjzsi6ikloufvux0rfu0tut1aifswiz3jvdxbjzci6ikrfrkfvtfqifswic3rhdguiont9fq%3d%3d</small> </font> </div>
<div class="test-event"> <font color="maroon"> <small> &emsp; &emsp;--- 06 Nov 17:33:56 096 - <b>0</b> - Page Load Wait: (Sync) - ICar.support.Utils.waitForPageLoad(Utils.java:109)</small> </font> </div>
<div class="test-event"> <font color="maroon"> <small> &emsp; &emsp;--- 06 Nov 17:33:56 262 - Page URL:: https://i-car--staging.sandbox.my.salesforce-setup.com/one/one.app#eyjjb21wb25lbnrezwyioijmb3jjzvnlyxjjadpzzwfyy2gilcjhdhryawj1dgvzijp7inrlcm0ioijtb25qysbccmlzdg93iiwic2nvcgvnyxaionsibgfizwxqbhvyywwioijtzxr1ccisim5hbwvzcgfjzsi6ilnldhvwiiwidhlwzsi6ilrpuf9srvnvtfrtin0simnvbnrlehqionsizglzywjszvnwzwxsq29ycmvjdglvbii6zmfsc2usimrpc2fibgvjbnrlbnrrdwvyesi6zmfsc2usinnlyxjjafnvdxjjzsi6ikloufvux0rfu0tut1aifswiz3jvdxbjzci6ikrfrkfvtfqifswic3rhdguiont9fq%3d%3d</small> </font> </div>
<div class="test-event"> <font color="maroon"> <small> &emsp; &emsp;--- 06 Nov 17:33:56 263 - <b>0</b> - Page Load Wait: (Sync) - ICar.support.Utils.waitForPageLoad(Utils.java:109)</small> </font> </div>
<div class="test-event"> <font color="maroon"> <small> &emsp; &emsp;--- 06 Nov 17:34:21 759 - Catched spinner load exception due to Expected condition failed: waiting for ICar.support.WaitUtils$4@7abf8110 (tried for 25 second(s) with 500 milliseconds interval)</small> </font> </div>
<div class="test-event"> <font color="maroon"> <small> &emsp; &emsp;--- 06 Nov 17:34:21 759 - <b>25</b> - Spinner Load Wait: (Sync) - ICar.support.WaitUtils.waitForSpinner(WaitUtils.java:225)</small> </font> </div>
<div class="test-event"> <font color="maroon"> <small> &emsp; &emsp;--- 06 Nov 17:34:21 937 - Page URL:: https://i-car--staging.sandbox.my.salesforce-setup.com/one/one.app#eyjjb21wb25lbnrezwyioijmb3jjzvnlyxjjadpzzwfyy2gilcjhdhryawj1dgvzijp7inrlcm0ioijtb25qysbccmlzdg93iiwic2nvcgvnyxaionsibgfizwxqbhvyywwioijtzxr1ccisim5hbwvzcgfjzsi6ilnldhvwiiwidhlwzsi6ilrpuf9srvnvtfrtin0simnvbnrlehqionsizglzywjszvnwzwxsq29ycmvjdglvbii6zmfsc2usimrpc2fibgvjbnrlbnrrdwvyesi6zmfsc2usinnlyxjjafnvdxjjzsi6ikloufvux0rfu0tut1aifswiz3jvdxbjzci6ikrfrkfvtfqifswic3rhdguiont9fq%3d%3d</small> </font> </div>
<div class="test-event"> <font color="maroon"> <small> &emsp; &emsp;--- 06 Nov 17:34:21 939 - <b>0</b> - Page Load Wait: (Sync) - ICar.support.Utils.waitForPageLoad(Utils.java:109)</small> </font> </div>
<div class="test-event"> <font color="maroon"> <small> &emsp; &emsp;--- 06 Nov 17:34:21 963 - Element is displayed:: [[ChromeDriver: chrome on WINDOWS (eb7b3ad0ddd36889cf1c6302b26ce765)] -> css selector: div.forceSearchResultsRegion  div.resultsMultiWrapper >div > div table tbody td a]</small> </font> </div>
<div class="test-event"> <font color="maroon"> <small> &emsp; &emsp;--- 06 Nov 17:34:22 022 - Element is displayed:: [[ChromeDriver: chrome on WINDOWS (eb7b3ad0ddd36889cf1c6302b26ce765)] -> css selector: div.forceSearchResultsRegion  div.resultsMultiWrapper >div > div table tbody td a]</small> </font> </div>
<div class="test-event"> <font color="maroon"> <small> &emsp; &emsp;--- 06 Nov 17:34:22 285 - Page URL:: https://i-car--staging.sandbox.my.salesforce-setup.com/one/one.app#eyjjb21wb25lbnrezwyioijmb3jjzvnlyxjjadpzzwfyy2gilcjhdhryawj1dgvzijp7inrlcm0ioijtb25qysbccmlzdg93iiwic2nvcgvnyxaionsibgfizwxqbhvyywwioijtzxr1ccisim5hbwvzcgfjzsi6ilnldhvwiiwidhlwzsi6ilrpuf9srvnvtfrtin0simnvbnrlehqionsizglzywjszvnwzwxsq29ycmvjdglvbii6zmfsc2usimrpc2fibgvjbnrlbnrrdwvyesi6zmfsc2usinnlyxjjafnvdxjjzsi6ikloufvux0rfu0tut1aifswiz3jvdxbjzci6ikrfrkfvtfqifswic3rhdguiont9fq%3d%3d</small> </font> </div>
<div class="test-event"> <font color="maroon"> <small> &emsp; &emsp;--- 06 Nov 17:34:22 287 - <b>0</b> - Page Load Wait: (Sync) - ICar.support.Utils.waitForPageLoad(Utils.java:109)</small> </font> </div>
<div class="test-event"> <font color="maroon"> <small> &emsp; &emsp;--- 06 Nov 17:34:42 772 - Catched spinner load exception due to Expected condition failed: waiting for ICar.support.WaitUtils$4@7abf8110 (tried for 20 second(s) with 500 milliseconds interval)</small> </font> </div>
<div class="test-event"> <font color="maroon"> <small> &emsp; &emsp;--- 06 Nov 17:34:42 773 - <b>20</b> - Spinner Load Wait: (Sync) - ICar.support.WaitUtils.waitForSpinner(WaitUtils.java:225)</small> </font> </div>
[...]
<div class="test-event"> <font color="maroon"> <small> &emsp; &emsp;--- 06 Nov 17:38:08 117 - Element is displayed:: [[ChromeDriver: chrome on WINDOWS (eb7b3ad0ddd36889cf1c6302b26ce765)] -> xpath: //h2/a/span[text()='Instructor Training Steps']]</small> </font> </div>
<div class="test-event"> <font color="maroon"> <small> &emsp; &emsp;--- 06 Nov 17:38:08 577 - Page URL:: https://i-car--staging.sandbox.lightning.force.com/lightning/r/instructor_qualification__c/a5gva000000zasjyao/related/instructor_training_evaluations__r/view</small> </font> </div>
<div class="test-event"> <font color="maroon"> <small> &emsp; &emsp;--- 06 Nov 17:38:08 578 - <b>0</b> - Page Load Wait: (Sync) - ICar.support.Utils.waitForPageLoad(Utils.java:109)</small> </font> </div>
<div class="test-event"> <font color="maroon"> <small> &emsp; &emsp;--- 06 Nov 17:38:18 723 - Catched spinner load exception due to Expected condition failed: waiting for ICar.support.WaitUtils$4@7abf8110 (tried for 10 second(s) with 500 milliseconds interval)</small> </font> </div>
<div class="test-event"> <font color="maroon"> <small> &emsp; &emsp;--- 06 Nov 17:38:18 724 - <b>10</b> - Spinner Load Wait: (Sync) - ICar.support.WaitUtils.waitForSpinner(WaitUtils.java:225)</small> </font> </div>
<div class="test-event"> <font color="maroon"> <small> &emsp; &emsp;--- 06 Nov 17:38:18 923 - Page URL:: https://i-car--staging.sandbox.lightning.force.com/lightning/r/instructor_qualification__c/a5gva000000zasjyao/related/instructor_training_evaluations__r/view</small> </font> </div>
<div class="test-event"> <font color="maroon"> <small> &emsp; &emsp;--- 06 Nov 17:38:18 923 - <b>0</b> - Page Load Wait: (Sync) - ICar.support.Utils.waitForPageLoad(Utils.java:109)</small> </font> </div>
<div class="test-event"> <font color="maroon"> <small> &emsp; &emsp;--- 06 Nov 17:38:19 105 - Page URL:: https://i-car--staging.sandbox.lightning.force.com/lightning/r/instructor_qualification__c/a5gva000000zasjyao/related/instructor_training_evaluations__r/view</small> </font> </div>
<div class="test-event"> <font color="maroon"> <small> &emsp; &emsp;--- 06 Nov 17:38:19 106 - <b>0</b> - Page Load Wait: (Sync) - ICar.support.Utils.waitForPageLoad(Utils.java:109)</small> </font> </div>
<div class="test-event"> <font color="maroon"> <small> &emsp; &emsp;--- 06 Nov 17:38:33 176 - Catched spinner load exception due to Expected condition failed: waiting for ICar.support.WaitUtils$4@7abf8110 (tried for 14 second(s) with 500 milliseconds interval)</small> </font> </div>
<div class="test-event"> <font color="maroon"> <small> &emsp; &emsp;--- 06 Nov 17:38:33 177 - <b>14</b> - Spinner Load Wait: (Sync) - ICar.support.WaitUtils.waitForSpinner(WaitUtils.java:225)</small> </font> </div>
<div class="test-event"> <font color="maroon"> <small> &emsp; &emsp;--- 06 Nov 17:38:33 580 - Page URL:: https://i-car--staging.sandbox.lightning.force.com/lightning/r/instructor_qualification__c/a5gva000000zasjyao/related/instructor_training_evaluations__r/view</small> </font> </div>
<div class="test-event"> <font color="maroon"> <small> &emsp; &emsp;--- 06 Nov 17:38:33 580 - <b>0</b> - Page Load Wait: (Sync) - ICar.support.Utils.waitForPageLoad(Utils.java:109)</small> </font> </div>
<div class="test-event"> <font color="maroon"> <small> &emsp; &emsp;--- 06 Nov 17:38:33 675 - Element is displayed:: [[ChromeDriver: chrome on WINDOWS (eb7b3ad0ddd36889cf1c6302b26ce765)] -> xpath: //h1[@title='Instructor Training Steps']//following :: button[@name='New']]</small> </font> </div>
<div class="test-event"> <font color="maroon"> <small> &emsp; &emsp;--- 06 Nov 17:38:33 762 - Element is displayed:: [[ChromeDriver: chrome on WINDOWS (eb7b3ad0ddd36889cf1c6302b26ce765)] -> xpath: //h1[@title='Instructor Training Steps']//following :: button[@name='New']]</small> </font> </div>
<div class="test-event"> <font color="maroon"> <small> &emsp; &emsp;--- 06 Nov 17:38:34 279 - Page URL:: https://i-car--staging.sandbox.lightning.force.com/lightning/r/instructor_qualification__c/a5gva000000zasjyao/related/instructor_training_evaluations__r/view</small> </font> </div>
<div class="test-event"> <font color="maroon"> <small> &emsp; &emsp;--- 06 Nov 17:38:34 279 - <b>0</b> - Page Load Wait: (Sync) - ICar.support.Utils.waitForPageLoad(Utils.java:109)</small> </font> </div>
<div class="test-event"> <font color="maroon"> <small> &emsp; &emsp;--- 06 Nov 17:38:41 639 - Catched spinner load exception due to Expected condition failed: waiting for ICar.support.WaitUtils$4@7abf8110 (tried for 7 second(s) with 500 milliseconds interval)</small> </font> </div>
<div class="test-event"> <font color="maroon"> <small> &emsp; &emsp;--- 06 Nov 17:38:41 639 - <b>7</b> - Spinner Load Wait: (Sync) - ICar.support.WaitUtils.waitForSpinner(WaitUtils.java:225)</small> </font> </div>
<div class="test-event"> <font color="maroon"> <small> &emsp; &emsp;--- 06 Nov 17:38:42 100 - Page URL:: https://i-car--staging.sandbox.lightning.force.com/lightning/o/instructor_training_evaluation__c/new?count=2&nooverride=1&userecordtypecheck=1&navigationlocation=related_list&uid=173089491419088337&backgroundcontext=%2flightning%2fr%2finstructor_qualification__c%2fa5gva000000zasjyao%2frelated%2finstructor_training_evaluations__r%2fview</small> </font> </div>
<div class="test-event"> <font color="maroon"> <small> &emsp; &emsp;--- 06 Nov 17:38:42 100 - <b>0</b> - Page Load Wait: (Sync) - ICar.support.Utils.waitForPageLoad(Utils.java:109)</small> </font> </div>
<div class="test-message">&emsp;6. Create new Instructor Training Steps</div>
<div class="test-event"> <font color="maroon"> <small> &emsp; &emsp;--- 06 Nov 17:38:42 715 - Page URL:: https://i-car--staging.sandbox.lightning.force.com/lightning/o/instructor_training_evaluation__c/new?count=2&nooverride=1&userecordtypecheck=1&navigationlocation=related_list&uid=173089491419088337&backgroundcontext=%2flightning%2fr%2finstructor_qualification__c%2fa5gva000000zasjyao%2frelated%2finstructor_training_evaluations__r%2fview</small> </font> </div>
<div class="test-event"> <font color="maroon"> <small> &emsp; &emsp;--- 06 Nov 17:38:42 716 - <b>0</b> - Page Load Wait: (Sync) - ICar.support.Utils.waitForPageLoad(Utils.java:109)</small> </font> </div>
<div class="test-event"> <font color="maroon"> <small> &emsp; &emsp;--- 06 Nov 17:38:42 885 - Element is displayed:: [[ChromeDriver: chrome on WINDOWS (eb7b3ad0ddd36889cf1c6302b26ce765)] -> xpath: //button[contains(@aria-label,'Training Steps')]]</small> </font> </div>
<div class="test-event"> <font color="maroon"> <small> &emsp; &emsp;--- 06 Nov 17:38:43 217 - Element is displayed:: [[ChromeDriver: chrome on WINDOWS (eb7b3ad0ddd36889cf1c6302b26ce765)] -> xpath: //button[contains(@aria-label,'Training Steps')]//following :: span[@class='slds-media__body']//span[@title='Miscellaneous']]</small> </font> </div>
<div class="test-event"> <font color="maroon"> <small> &emsp; &emsp;--- 06 Nov 17:38:43 430 - Element is displayed:: [[ChromeDriver: chrome on WINDOWS (eb7b3ad0ddd36889cf1c6302b26ce765)] -> xpath: (//button[contains(text(), 'Save')])[2]]</small> </font> </div>
<div class="test-event"> <font color="maroon"> <small> &emsp; &emsp;--- 06 Nov 17:38:44 287 - Page URL:: https://i-car--staging.sandbox.lightning.force.com/lightning/o/instructor_training_evaluation__c/new?count=2&nooverride=1&userecordtypecheck=1&navigationlocation=related_list&uid=173089491419088337&backgroundcontext=%2flightning%2fr%2finstructor_qualification__c%2fa5gva000000zasjyao%2frelated%2finstructor_training_evaluations__r%2fview</small> </font> </div>
<div class="test-event"> <font color="maroon"> <small> &emsp; &emsp;--- 06 Nov 17:38:44 288 - <b>0</b> - Page Load Wait: (Sync) - ICar.support.Utils.waitForPageLoad(Utils.java:109)</small> </font> </div>
<div class="test-event"> <font color="maroon"> <small> &emsp; &emsp;--- 06 Nov 17:38:44 721 - Page URL:: https://i-car--staging.sandbox.lightning.force.com/lightning/o/instructor_training_evaluation__c/new?count=2&nooverride=1&userecordtypecheck=1&navigationlocation=related_list&uid=173089491419088337&backgroundcontext=%2flightning%2fr%2finstructor_qualification__c%2fa5gva000000zasjyao%2frelated%2finstructor_training_evaluations__r%2fview</small> </font> </div>
<div class="test-event"> <font color="maroon"> <small> &emsp; &emsp;--- 06 Nov 17:38:44 721 - <b>0</b> - Page Load Wait: (Sync) - ICar.support.Utils.waitForPageLoad(Utils.java:109)</small> </font> </div>
<div class="test-event"> <font color="maroon"> <small> &emsp; &emsp;--- 06 Nov 17:38:55 884 - Catched spinner load exception due to Expected condition failed: waiting for ICar.support.WaitUtils$4@7abf8110 (tried for 11 second(s) with 500 milliseconds interval)</small> </font> </div>
<div class="test-event"> <font color="maroon"> <small> &emsp; &emsp;--- 06 Nov 17:38:55 885 - <b>11</b> - Spinner Load Wait: (Sync) - ICar.support.WaitUtils.waitForSpinner(WaitUtils.java:225)</small> </font> </div>
<div class="test-event"> <font color="maroon"> <small> &emsp; &emsp;--- 06 Nov 17:38:56 331 - Page URL:: https://i-car--staging.sandbox.lightning.force.com/lightning/r/instructor_qualification__c/a5gva000000zasjyao/related/instructor_training_evaluations__r/view</small> </font> </div>
<div class="test-event"> <font color="maroon"> <small> &emsp; &emsp;--- 06 Nov 17:38:56 331 - <b>0</b> - Page Load Wait: (Sync) - ICar.support.Utils.waitForPageLoad(Utils.java:109)</small> </font> </div>
<div class="test-event"> <font color="maroon"> <small> &emsp; &emsp;--- 06 Nov 17:39:02 486 - Element Proxy element for: AjaxElementLocator 'By.xpath: //button[contains(@aria-label,'Training Steps')]', is not displayed in page </small> </font> </div>
<div class="test-message">&emsp;Successfully created Instructor Training Steps&emsp;<a href=".\ScreenShot\DVY395_01_111522175292000.png" target="_blank" >[ScreenShot]</a></div>
<div class="test-event"> <font color="maroon"> <small> &emsp; &emsp;--- 06 Nov 17:39:07 890 - Element is displayed:: [[ChromeDriver: chrome on WINDOWS (eb7b3ad0ddd36889cf1c6302b26ce765)] -> xpath: //h1[@title='Instructor Training Steps']//following :: table/tbody/tr/th//a]</small> </font> </div>
<div class="test-message">&emsp;7. Generate the Payment record</div>
<div class="test-event"> <font color="maroon"> <small> &emsp; &emsp;--- 06 Nov 17:39:08 284 - Page URL:: https://i-car--staging.sandbox.lightning.force.com/lightning/r/instructor_training_evaluation__c/a5hva00000crxzdyar/view</small> </font> </div>
<div class="test-event"> <font color="maroon"> <small> &emsp; &emsp;--- 06 Nov 17:39:08 284 - <b>0</b> - Page Load Wait: (Sync) - ICar.support.Utils.waitForPageLoad(Utils.java:109)</small> </font> </div>
<div class="test-event"> <font color="maroon"> <small> &emsp; &emsp;--- 06 Nov 17:39:23 620 - Catched spinner load exception due to Expected condition failed: waiting for ICar.support.WaitUtils$4@7abf8110 (tried for 15 second(s) with 500 milliseconds interval)</small> </font> </div>
<div class="test-event"> <font color="maroon"> <small> &emsp; &emsp;--- 06 Nov 17:39:23 620 - <b>15</b> - Spinner Load Wait: (Sync) - ICar.support.WaitUtils.waitForSpinner(WaitUtils.java:225)</small> </font> </div>
<div class="test-event"> <font color="maroon"> <small> &emsp; &emsp;--- 06 Nov 17:39:23 956 - Page URL:: https://i-car--staging.sandbox.lightning.force.com/lightning/r/instructor_training_evaluation__c/a5hva00000crxzdyar/view</small> </font> </div>
<div class="test-event"> <font color="maroon"> <small> &emsp; &emsp;--- 06 Nov 17:39:23 956 - <b>0</b> - Page Load Wait: (Sync) - ICar.support.Utils.waitForPageLoad(Utils.java:109)</small> </font> </div>
<div class="test-event"> <font color="maroon"> <small> &emsp; &emsp;--- 06 Nov 17:39:24 326 - Page URL:: https://i-car--staging.sandbox.lightning.force.com/lightning/r/instructor_training_evaluation__c/a5hva00000crxzdyar/view</small> </font> </div>
<div class="test-event"> <font color="maroon"> <small> &emsp; &emsp;--- 06 Nov 17:39:24 327 - <b>0</b> - Page Load Wait: (Sync) - ICar.support.Utils.waitForPageLoad(Utils.java:109)</small> </font> </div>
<div class="test-event"> <font color="maroon"> <small> &emsp; &emsp;--- 06 Nov 17:39:24 400 - Element is displayed:: [[ChromeDriver: chrome on WINDOWS (eb7b3ad0ddd36889cf1c6302b26ce765)] -> xpath: //button[text()='Next']]</small> </font> </div>
<div class="test-event"> <font color="maroon"> <small> &emsp; &emsp;--- 06 Nov 17:39:32 704 - Page URL:: https://i-car--staging.sandbox.lightning.force.com/lightning/r/instructor_training_evaluation__c/a5hva00000crxzdyar/view</small> </font> </div>
<div class="test-event"> <font color="maroon"> <small> &emsp; &emsp;--- 06 Nov 17:39:32 705 - <b>0</b> - Page Load Wait: (Sync) - ICar.support.Utils.waitForPageLoad(Utils.java:109)</small> </font> </div>
<div class="test-event"> <font color="maroon"> <small> &emsp; &emsp;--- 06 Nov 17:39:32 778 - Element is displayed:: [[ChromeDriver: chrome on WINDOWS (eb7b3ad0ddd36889cf1c6302b26ce765)] -> xpath: //input[@name='Amount']]</small> </font> </div>
<div class="test-event"> <font color="maroon"> <small> &emsp; &emsp;--- 06 Nov 17:39:33 366 - Page URL:: https://i-car--staging.sandbox.lightning.force.com/lightning/r/instructor_training_evaluation__c/a5hva00000crxzdyar/view</small> </font> </div>
<div class="test-event"> <font color="maroon"> <small> &emsp; &emsp;--- 06 Nov 17:39:33 367 - <b>0</b> - Page Load Wait: (Sync) - ICar.support.Utils.waitForPageLoad(Utils.java:109)</small> </font> </div>
<div class="test-event"> <font color="maroon"> <small> &emsp; &emsp;--- 06 Nov 17:39:33 432 - Element is displayed:: [[ChromeDriver: chrome on WINDOWS (eb7b3ad0ddd36889cf1c6302b26ce765)] -> xpath: //button[text()='Next']]</small> </font> </div>
<div class="test-event"> <font color="maroon"> <small> &emsp; &emsp;--- 06 Nov 17:39:34 419 - Element is displayed:: [[ChromeDriver: chrome on WINDOWS (eb7b3ad0ddd36889cf1c6302b26ce765)] -> xpath: //div/div//div[3]/div[2]/slot/flexipage-component2/slot//div[2]/button|//flexipage-component2[1]//lightning-button[@class='slds-button flow-button__FINISH']//button]</small> </font> </div>
<div class="test-message">&emsp;Training Instructor Payment for Miscellaneous - </div>
<div class="test-event"> <font color="maroon"> <small> &emsp; &emsp;--- 06 Nov 17:39:45 499 - Catched spinner load exception due to Expected condition failed: waiting for ICar.support.WaitUtils$4@7abf8110 (tried for 10 second(s) with 500 milliseconds interval)</small> </font> </div>
<div class="test-event"> <font color="maroon"> <small> &emsp; &emsp;--- 06 Nov 17:39:45 500 - <b>10</b> - Spinner Load Wait: (Sync) - ICar.support.WaitUtils.waitForSpinner(WaitUtils.java:225)</small> </font> </div>
<div class="test-event"> <font color="maroon"> <small> &emsp; &emsp;--- 06 Nov 17:39:52 926 - Element is displayed:: [[ChromeDriver: chrome on WINDOWS (eb7b3ad0ddd36889cf1c6302b26ce765)] -> xpath: (//span[contains(text(),'Training Instructor Payment')]//following :: a)[1]]</small> </font> </div>
<div class="test-message">&emsp;Successfully Training Instructor Payment was Created&emsp;<a href=".\ScreenShot\DVY395_01_111572728884300.png" target="_blank" >[ScreenShot]</a></div>
<div class="test-event"> <font color="maroon"> <small> &emsp; &emsp;--- 06 Nov 17:39:53 882 - Element is displayed:: [[ChromeDriver: chrome on WINDOWS (eb7b3ad0ddd36889cf1c6302b26ce765)] -> xpath: //records-entity-label[text()='Instructor Payment']//following :: slot[@name='primaryField']//lightning-formatted-text]</small> </font> </div>
<div class="test-event"> <font color="maroon"> <small> &emsp; &emsp;--- 06 Nov 17:40:04 390 - Catched spinner load exception due to Expected condition failed: waiting for ICar.support.WaitUtils$4@7abf8110 (tried for 10 second(s) with 500 milliseconds interval)</small> </font> </div>
<div class="test-event"> <font color="maroon"> <small> &emsp; &emsp;--- 06 Nov 17:40:04 390 - <b>10</b> - Spinner Load Wait: (Sync) - ICar.support.WaitUtils.waitForSpinner(WaitUtils.java:225)</small> </font> </div>
<div class="test-message">&emsp;8. Created Instructor Qualification name : P-060379&emsp;<a href=".\ScreenShot\DVY395_01_111592111743700.png" target="_blank" >[ScreenShot]</a></div>
<div class="test-message">&emsp;9. Click the Instructor Payment</div>
<div class="test-event"> <font color="maroon"> <small> &emsp; &emsp;--- 06 Nov 17:40:13 063 - Page URL:: https://i-car--staging.sandbox.lightning.force.com/lightning/r/instructor_payment__c/a5vva000000xycpyaw/view</small> </font> </div>
<div class="test-event"> <font color="maroon"> <small> &emsp; &emsp;--- 06 Nov 17:40:13 063 - <b>0</b> - Page Load Wait: (Sync) - ICar.support.Utils.waitForPageLoad(Utils.java:109)</small> </font> </div>
<div class="test-event"> <font color="maroon"> <small> &emsp; &emsp;--- 06 Nov 17:40:18 505 - Catched spinner load exception due to Expected condition failed: waiting for ICar.support.WaitUtils$4@7abf8110 (tried for 5 second(s) with 500 milliseconds interval)</small> </font> </div>
<div class="test-event"> <font color="maroon"> <small> &emsp; &emsp;--- 06 Nov 17:40:18 506 - <b>5</b> - Spinner Load Wait: (Sync) - ICar.support.WaitUtils.waitForSpinner(WaitUtils.java:225)</small> </font> </div>
<div class="test-message">&emsp;Earnings code text displayed as  :  Reg</div>
<div class="test-message">&emsp;Payment Amount displayed as :  $22</div>
<div class="test-message">&emsp;Status Displayed as: Pending</div>
<div class="test-event"> <font color="maroon"> <small> &emsp; &emsp;--- 06 Nov 17:40:18 767 - Element is displayed:: [[ChromeDriver: chrome on WINDOWS (eb7b3ad0ddd36889cf1c6302b26ce765)] -> xpath: (//span[contains(text(),'Earnings Code')]//following::div//slot//records-formula-output//slot//lightning-formatted-text)[1]]</small> </font> </div>
<div class="test-event"> <font color="maroon"> <small> &emsp; &emsp;--- 06 Nov 17:40:18 847 - Element is displayed:: [[ChromeDriver: chrome on WINDOWS (eb7b3ad0ddd36889cf1c6302b26ce765)] -> xpath: (//span[contains(text(),'Payment Amount')]//following::div//span//slot//lightning-formatted-text)[1]]</small> </font> </div>
<div class="test-event"> <font color="maroon"> <small> &emsp; &emsp;--- 06 Nov 17:40:18 922 - Element is displayed:: [[ChromeDriver: chrome on WINDOWS (eb7b3ad0ddd36889cf1c6302b26ce765)] -> xpath: (//span[text()='Status'])[5]//following::div[1]/span/slot[1]/lightning-formatted-text]</small> </font> </div>
<div class="test-message">&emsp;Successfully Validate the Instructor Payment&emsp;<a href=".\ScreenShot\DVY395_01_111598611377400.png" target="_blank" >[ScreenShot]</a></div>
<div class="test-event"> <font color="maroon"> <small> &emsp; &emsp;--- 06 Nov 17:40:19 485 - Page URL:: https://i-car--staging.sandbox.lightning.force.com/lightning/r/instructor_payment__c/a5vva000000xycpyaw/view</small> </font> </div>
<div class="test-event"> <font color="maroon"> <small> &emsp; &emsp;--- 06 Nov 17:40:19 485 - <b>0</b> - Page Load Wait: (Sync) - ICar.support.Utils.waitForPageLoad(Utils.java:109)</small> </font> </div>
<div class="test-event"> <font color="maroon"> <small> &emsp; &emsp;--- 06 Nov 17:40:24 930 - Page URL:: https://i-car--staging.sandbox.lightning.force.com/lightning/r/instructor_payment__c/a5vva000000xycpyaw/view</small> </font> </div>
<div class="test-event"> <font color="maroon"> <small> &emsp; &emsp;--- 06 Nov 17:40:24 930 - <b>0</b> - Page Load Wait: (Sync) - ICar.support.Utils.waitForPageLoad(Utils.java:109)</small> </font> </div>
<div class="test-message">&emsp;Close the tab</div>
<div class="test-result"><br><font color="green"><strong> Test Passed. </strong></font> </div>&emsp;
&emsp;<div class="test-title"> <strong><font size = "3" color = "#0000FF">---Test Execution Ends---</font> </strong> </div>&emsp;]]>
  </system-out>
</testsuite> <!-- DeliveryTestscripts.Delivery_Dvy395 -->
